#
# There is insufficient memory for the Java Runtime Environment to continue.
# Native memory allocation (malloc) failed to allocate 1623856 bytes for Chunk::new
# Possible reasons:
#   The system is out of physical RAM or swap space
#   The process is running with CompressedOops enabled, and the Java Heap may be blocking the growth of the native heap
# Possible solutions:
#   Reduce memory load on the system
#   Increase physical memory or swap space
#   Check if swap backing store is full
#   Decrease Java heap size (-Xmx/-Xms)
#   Decrease number of Java threads
#   Decrease Java thread stack sizes (-Xss)
#   Set larger code cache with -XX:ReservedCodeCacheSize=
#   JVM is running with Unscaled Compressed Oops mode in which the Java heap is
#     placed in the first 4GB address space. The Java Heap base address is the
#     maximum limit for the native heap growth. Please use -XX:HeapBaseMinAddress
#     to set the Java Heap base and to place the Java Heap above 4GB virtual address.
# This output file may be truncated or incomplete.
#
#  Out of Memory Error (arena.cpp:191), pid=22132, tid=21024
#
# JRE version: OpenJDK Runtime Environment Temurin-17.0.9+9 (17.0.9+9) (build 17.0.9+9)
# Java VM: OpenJDK 64-Bit Server VM Temurin-17.0.9+9 (17.0.9+9, mixed mode, tiered, compressed oops, compressed class ptrs, parallel gc, windows-amd64)
# No core dump will be written. Minidumps are not enabled by default on client versions of Windows
#

---------------  S U M M A R Y ------------

Command Line: --add-modules=ALL-SYSTEM --add-opens=java.base/java.util=ALL-UNNAMED --add-opens=java.base/java.lang=ALL-UNNAMED --add-opens=java.base/sun.nio.fs=ALL-UNNAMED -Declipse.application=org.eclipse.jdt.ls.core.id1 -Dosgi.bundles.defaultStartLevel=4 -Declipse.product=org.eclipse.jdt.ls.core.product -Djava.import.generatesMetadataFilesAtProjectRoot=false -DDetectVMInstallationsJob.disabled=true -Dfile.encoding=utf8 -XX:+UseParallelGC -XX:GCTimeRatio=4 -XX:AdaptiveSizePolicyWeight=90 -Dsun.zip.disableMemoryMapping=true -Xmx2G -Xms100m -Xlog:disable -javaagent:c:\Users\DELL\.vscode\extensions\redhat.java-1.25.1-win32-x64\lombok\lombok-1.18.30.jar -XX:+HeapDumpOnOutOfMemoryError -XX:HeapDumpPath=c:\Users\DELL\AppData\Roaming\Code\User\workspaceStorage\2ffab614a004bcb6a02c40aefb33546a\redhat.java -Daether.dependencyCollector.impl=bf c:\Users\DELL\.vscode\extensions\redhat.java-1.25.1-win32-x64\server\plugins\org.eclipse.equinox.launcher_1.6.600.v20231106-1826.jar -configuration c:\Users\DELL\AppData\Roaming\Code\User\globalStorage\redhat.java\1.25.1\config_win -data c:\Users\DELL\AppData\Roaming\Code\User\workspaceStorage\2ffab614a004bcb6a02c40aefb33546a\redhat.java\jdt_ws --stdio

Host: Intel(R) Core(TM) i5-10310U CPU @ 1.70GHz, 8 cores, 7G,  Windows 11 , 64 bit Build 26010 (10.0.26010.1000)
Time: Wed Dec 20 14:31:14 2023 India Standard Time elapsed time: 13.286066 seconds (0d 0h 0m 13s)

---------------  T H R E A D  ---------------

Current thread (0x000001ce9e4b7480):  JavaThread "C2 CompilerThread0" daemon [_thread_in_native, id=21024, stack(0x0000008e27000000,0x0000008e27100000)]


Current CompileTask:
C2:  13286 7613   !   4       org.eclipse.osgi.internal.loader.BundleLoader::findClass0 (466 bytes)

Stack: [0x0000008e27000000,0x0000008e27100000]
Native frames: (J=compiled Java code, j=interpreted, Vv=VM code, C=native code)
V  [jvm.dll+0x67cf49]
V  [jvm.dll+0x83478a]
V  [jvm.dll+0x83624e]
V  [jvm.dll+0x8368b3]
V  [jvm.dll+0x247f1f]
V  [jvm.dll+0xac43c]
V  [jvm.dll+0xaca8c]
V  [jvm.dll+0x367012]
V  [jvm.dll+0x3313ba]
V  [jvm.dll+0x33085a]
V  [jvm.dll+0x21a5b1]
V  [jvm.dll+0x2199d1]
V  [jvm.dll+0x1a57cd]
V  [jvm.dll+0x2297ae]
V  [jvm.dll+0x22797c]
V  [jvm.dll+0x7e9877]
V  [jvm.dll+0x7e3c3a]
V  [jvm.dll+0x67be35]
C  [ucrtbase.dll+0x6e350]
C  [KERNEL32.DLL+0x11f67]
C  [ntdll.dll+0x33570]


---------------  P R O C E S S  ---------------

Threads class SMR info:
_java_thread_list=0x000001cea29fc7c0, length=33, elements={
0x000001ce830cd2d0, 0x000001ce8306e040, 0x000001ce9e485060, 0x000001ce9e4b2a00,
0x000001ce9e4b33d0, 0x000001ce9e4b3ea0, 0x000001ce9e4b6880, 0x000001ce9e4b7480,
0x000001ce9e4dcbe0, 0x000001ce9e5074b0, 0x000001ce9e5a5000, 0x000001ce9e7e55c0,
0x000001ce9ff8eec0, 0x000001ce9fa7bca0, 0x000001ce9fbb3150, 0x000001cea03c0bc0,
0x000001ce9fd9f1c0, 0x000001cea0322330, 0x000001cea0322840, 0x000001cea0322d50,
0x000001cea0323260, 0x000001cea031fab0, 0x000001cea0321e20, 0x000001cea049f070,
0x000001cea03209e0, 0x000001cea0320ef0, 0x000001cea03204d0, 0x000001cea0ea4810,
0x000001cea0ea1060, 0x000001cea0ea3df0, 0x000001cea0ea24a0, 0x000001cea0ea4d20,
0x000001cea0ea1570
}

Java Threads: ( => current thread )
  0x000001ce830cd2d0 JavaThread "main" [_thread_blocked, id=11212, stack(0x0000008e26700000,0x0000008e26800000)]
  0x000001ce8306e040 JavaThread "Reference Handler" daemon [_thread_blocked, id=25904, stack(0x0000008e26a00000,0x0000008e26b00000)]
  0x000001ce9e485060 JavaThread "Finalizer" daemon [_thread_blocked, id=21868, stack(0x0000008e26b00000,0x0000008e26c00000)]
  0x000001ce9e4b2a00 JavaThread "Signal Dispatcher" daemon [_thread_blocked, id=19184, stack(0x0000008e26c00000,0x0000008e26d00000)]
  0x000001ce9e4b33d0 JavaThread "Attach Listener" daemon [_thread_blocked, id=12860, stack(0x0000008e26d00000,0x0000008e26e00000)]
  0x000001ce9e4b3ea0 JavaThread "Service Thread" daemon [_thread_blocked, id=24644, stack(0x0000008e26e00000,0x0000008e26f00000)]
  0x000001ce9e4b6880 JavaThread "Monitor Deflation Thread" daemon [_thread_blocked, id=24956, stack(0x0000008e26f00000,0x0000008e27000000)]
=>0x000001ce9e4b7480 JavaThread "C2 CompilerThread0" daemon [_thread_in_native, id=21024, stack(0x0000008e27000000,0x0000008e27100000)]
  0x000001ce9e4dcbe0 JavaThread "C1 CompilerThread0" daemon [_thread_blocked, id=17696, stack(0x0000008e27100000,0x0000008e27200000)]
  0x000001ce9e5074b0 JavaThread "Sweeper thread" daemon [_thread_blocked, id=13356, stack(0x0000008e27200000,0x0000008e27300000)]
  0x000001ce9e5a5000 JavaThread "Common-Cleaner" daemon [_thread_blocked, id=5344, stack(0x0000008e27300000,0x0000008e27400000)]
  0x000001ce9e7e55c0 JavaThread "Notification Thread" daemon [_thread_blocked, id=12788, stack(0x0000008e27400000,0x0000008e27500000)]
  0x000001ce9ff8eec0 JavaThread "Active Thread: Equinox Container: 77fbcf5b-2c11-4e6a-963c-5abafcea596c" [_thread_blocked, id=27528, stack(0x0000008e27c00000,0x0000008e27d00000)]
  0x000001ce9fa7bca0 JavaThread "Framework Event Dispatcher: Equinox Container: 77fbcf5b-2c11-4e6a-963c-5abafcea596c" daemon [_thread_blocked, id=27512, stack(0x0000008e27d00000,0x0000008e27e00000)]
  0x000001ce9fbb3150 JavaThread "Start Level: Equinox Container: 77fbcf5b-2c11-4e6a-963c-5abafcea596c" daemon [_thread_blocked, id=4480, stack(0x0000008e27e00000,0x0000008e27f00000)]
  0x000001cea03c0bc0 JavaThread "Bundle File Closer" daemon [_thread_blocked, id=2936, stack(0x0000008e28000000,0x0000008e28100000)]
  0x000001ce9fd9f1c0 JavaThread "SCR Component Actor" daemon [_thread_blocked, id=20320, stack(0x0000008e28100000,0x0000008e28200000)]
  0x000001cea0322330 JavaThread "Worker-JM" [_thread_blocked, id=10196, stack(0x0000008e28300000,0x0000008e28400000)]
  0x000001cea0322840 JavaThread "Worker-0: Synchronizing projects" [_thread_blocked, id=24620, stack(0x0000008e28400000,0x0000008e28500000)]
  0x000001cea0322d50 JavaThread "Worker-1: Initialize Workspace" [_thread_blocked, id=10904, stack(0x0000008e28500000,0x0000008e28600000)]
  0x000001cea0323260 JavaThread "Worker-2: Synchronizing projects" [_thread_blocked, id=24592, stack(0x0000008e28600000,0x0000008e28700000)]
  0x000001cea031fab0 JavaThread "Java indexing" daemon [_thread_in_native, id=12048, stack(0x0000008e28700000,0x0000008e28800000)]
  0x000001cea0321e20 JavaThread "JNA Cleaner" daemon [_thread_blocked, id=15164, stack(0x0000008e28800000,0x0000008e28900000)]
  0x000001cea049f070 JavaThread "C2 CompilerThread1" daemon [_thread_in_native, id=13724, stack(0x0000008e28b00000,0x0000008e28c00000)]
  0x000001cea03209e0 JavaThread "pool-2-thread-1" [_thread_blocked, id=26552, stack(0x0000008e28c00000,0x0000008e28d00000)]
  0x000001cea0320ef0 JavaThread "WorkspaceEventsHandler" [_thread_blocked, id=6272, stack(0x0000008e28d00000,0x0000008e28e00000)]
  0x000001cea03204d0 JavaThread "pool-1-thread-1" [_thread_in_native, id=13736, stack(0x0000008e28e00000,0x0000008e28f00000)]
  0x000001cea0ea4810 JavaThread "Worker-3: Update project Home" [_thread_in_Java, id=10440, stack(0x0000008e28f00000,0x0000008e29000000)]
  0x000001cea0ea1060 JavaThread "Worker-4: Refreshing workspace" [_thread_blocked, id=6328, stack(0x0000008e28200000,0x0000008e28300000)]
  0x000001cea0ea3df0 JavaThread "Worker-5" [_thread_blocked, id=19956, stack(0x0000008e29000000,0x0000008e29100000)]
  0x000001cea0ea24a0 JavaThread "Worker-6" [_thread_blocked, id=6520, stack(0x0000008e29100000,0x0000008e29200000)]
  0x000001cea0ea4d20 JavaThread "Worker-7: Java indexing... " [_thread_blocked, id=16556, stack(0x0000008e29200000,0x0000008e29300000)]
  0x000001cea0ea1570 JavaThread "Worker-8" [_thread_blocked, id=23944, stack(0x0000008e29300000,0x0000008e29400000)]

Other Threads:
  0x000001ce831596a0 VMThread "VM Thread" [stack: 0x0000008e26900000,0x0000008e26a00000] [id=15816]
  0x000001ce9e7f1b20 WatcherThread [stack: 0x0000008e27500000,0x0000008e27600000] [id=14896]
  0x000001ce830e4ba0 GCTaskThread "GC Thread#0" [stack: 0x0000008e26800000,0x0000008e26900000] [id=13276]
  0x000001ce9fddd450 GCTaskThread "GC Thread#1" [stack: 0x0000008e27600000,0x0000008e27700000] [id=11556]
  0x000001ce9fa29d70 GCTaskThread "GC Thread#2" [stack: 0x0000008e27700000,0x0000008e27800000] [id=1092]
  0x000001ce9fa2a030 GCTaskThread "GC Thread#3" [stack: 0x0000008e27800000,0x0000008e27900000] [id=1796]
  0x000001ce9fa2a2f0 GCTaskThread "GC Thread#4" [stack: 0x0000008e27900000,0x0000008e27a00000] [id=22680]
  0x000001ce9fa2a5b0 GCTaskThread "GC Thread#5" [stack: 0x0000008e27a00000,0x0000008e27b00000] [id=26308]
  0x000001ce9fa2a870 GCTaskThread "GC Thread#6" [stack: 0x0000008e27b00000,0x0000008e27c00000] [id=17308]
  0x000001ce9ffdd320 GCTaskThread "GC Thread#7" [stack: 0x0000008e27f00000,0x0000008e28000000] [id=16156]

Threads with active compile tasks:
C2 CompilerThread0    13329 7613   !   4       org.eclipse.osgi.internal.loader.BundleLoader::findClass0 (466 bytes)
C2 CompilerThread1    13329 7923 %     4       java.util.zip.ZipFile$Source::initCEN @ 240 (591 bytes)

VM state: not at safepoint (normal execution)

VM Mutex/Monitor currently owned by a thread: None

Heap address: 0x0000000080000000, size: 2048 MB, Compressed Oops mode: 32-bit

CDS archive(s) not mapped
Compressed class space mapped at: 0x0000000100000000-0x0000000140000000, reserved size: 1073741824
Narrow klass base: 0x0000000000000000, Narrow klass shift: 3, Narrow klass range: 0x140000000

GC Precious Log:
 CPUs: 8 total, 8 available
 Memory: 7792M
 Large Page Support: Disabled
 NUMA Support: Disabled
 Compressed Oops: Enabled (32-bit)
 Alignments: Space 512K, Generation 512K, Heap 2M
 Heap Min Capacity: 100M
 Heap Initial Capacity: 100M
 Heap Max Capacity: 2G
 Pre-touch: Disabled
 Parallel Workers: 8

Heap:
 PSYoungGen      total 17920K, used 9672K [0x00000000d5580000, 0x00000000d6a00000, 0x0000000100000000)
  eden space 16896K, 57% used [0x00000000d5580000,0x00000000d5ef2140,0x00000000d6600000)
  from space 1024K, 0% used [0x00000000d6900000,0x00000000d6900000,0x00000000d6a00000)
  to   space 1536K, 0% used [0x00000000d6700000,0x00000000d6700000,0x00000000d6880000)
 ParOldGen       total 68608K, used 39042K [0x0000000080000000, 0x0000000084300000, 0x00000000d5580000)
  object space 68608K, 56% used [0x0000000080000000,0x0000000082620ae8,0x0000000084300000)
 Metaspace       used 59171K, committed 60288K, reserved 1114112K
  class space    used 6389K, committed 6848K, reserved 1048576K

Card table byte_map: [0x000001ce82a60000,0x000001ce82e70000] _byte_map_base: 0x000001ce82660000

Marking Bits: (ParMarkBitMap*) 0x00007ffed341d0b0
 Begin Bits: [0x000001ce95010000, 0x000001ce97010000)
 End Bits:   [0x000001ce97010000, 0x000001ce99010000)

Polling page: 0x000001ce80f90000

Metaspace:

Usage:
  Non-class:     51.54 MB used.
      Class:      6.24 MB used.
       Both:     57.78 MB used.

Virtual space:
  Non-class space:       64.00 MB reserved,      52.19 MB ( 82%) committed,  1 nodes.
      Class space:        1.00 GB reserved,       6.69 MB ( <1%) committed,  1 nodes.
             Both:        1.06 GB reserved,      58.88 MB (  5%) committed. 

Chunk freelists:
   Non-Class:  11.84 MB
       Class:  9.32 MB
        Both:  21.16 MB

MaxMetaspaceSize: unlimited
CompressedClassSpaceSize: 1.00 GB
Initial GC threshold: 21.00 MB
Current GC threshold: 97.31 MB
CDS: off
MetaspaceReclaimPolicy: balanced
 - commit_granule_bytes: 65536.
 - commit_granule_words: 8192.
 - virtual_space_node_default_size: 8388608.
 - enlarge_chunks_in_place: 1.
 - new_chunks_are_fully_committed: 0.
 - uncommit_free_chunks: 1.
 - use_allocation_guard: 0.
 - handle_deallocations: 1.


Internal statistics:

num_allocs_failed_limit: 9.
num_arena_births: 800.
num_arena_deaths: 34.
num_vsnodes_births: 2.
num_vsnodes_deaths: 0.
num_space_committed: 942.
num_space_uncommitted: 0.
num_chunks_returned_to_freelist: 46.
num_chunks_taken_from_freelist: 3245.
num_chunk_merges: 17.
num_chunk_splits: 1957.
num_chunks_enlarged: 1068.
num_inconsistent_stats: 0.

CodeHeap 'non-profiled nmethods': size=120000Kb used=3539Kb max_used=3539Kb free=116460Kb
 bounds [0x000001ce8d830000, 0x000001ce8dbb0000, 0x000001ce94d60000]
CodeHeap 'profiled nmethods': size=120000Kb used=14802Kb max_used=14802Kb free=105198Kb
 bounds [0x000001ce85d60000, 0x000001ce86be0000, 0x000001ce8d290000]
CodeHeap 'non-nmethods': size=5760Kb used=1316Kb max_used=1405Kb free=4443Kb
 bounds [0x000001ce8d290000, 0x000001ce8d500000, 0x000001ce8d830000]
 total_blobs=7709 nmethods=7061 adapters=562
 compilation: enabled
              stopped_count=0, restarted_count=0
 full_count=0

Compilation events (20 events):
Event: 12.263 Thread 0x000001ce9e4dcbe0 nmethod 7914 0x000001ce86bcd010 code [0x000001ce86bcd1c0, 0x000001ce86bcd3c8]
Event: 12.263 Thread 0x000001ce9e4dcbe0 7915       3       com.google.common.collect.RegularImmutableSet::iterator (8 bytes)
Event: 12.263 Thread 0x000001ce9e4dcbe0 nmethod 7915 0x000001ce86bcd510 code [0x000001ce86bcd6c0, 0x000001ce86bcd868]
Event: 12.263 Thread 0x000001ce9e4dcbe0 7916       3       com.google.common.collect.Iterators::forArray (9 bytes)
Event: 12.263 Thread 0x000001ce9e4dcbe0 nmethod 7916 0x000001ce86bcd990 code [0x000001ce86bcdb20, 0x000001ce86bcdc48]
Event: 12.263 Thread 0x000001ce9e4dcbe0 7912       3       com.google.common.base.Objects::hashCode (5 bytes)
Event: 12.263 Thread 0x000001ce9e4dcbe0 nmethod 7912 0x000001ce86bcdd10 code [0x000001ce86bcdea0, 0x000001ce86bcdfa8]
Event: 12.266 Thread 0x000001ce9e4dcbe0 7917   !   3       org.eclipse.osgi.internal.loader.classpath.ClasspathManager::defineClass (636 bytes)
Event: 12.267 Thread 0x000001cea049f070 nmethod 7869 0x000001ce8dba0f10 code [0x000001ce8dba10a0, 0x000001ce8dba12f8]
Event: 12.267 Thread 0x000001cea049f070 7618       4       org.codehaus.plexus.util.xml.pull.MXParser::newString (11 bytes)
Event: 12.269 Thread 0x000001ce9e4dcbe0 nmethod 7917 0x000001ce86bce090 code [0x000001ce86bce5e0, 0x000001ce86bd1918]
Event: 12.272 Thread 0x000001cea049f070 nmethod 7618 0x000001ce8dba1510 code [0x000001ce8dba16c0, 0x000001ce8dba1c18]
Event: 12.273 Thread 0x000001cea049f070 7600       4       java.util.ArrayDeque::isEmpty (17 bytes)
Event: 12.273 Thread 0x000001cea049f070 nmethod 7600 0x000001ce8dba1f90 code [0x000001ce8dba2100, 0x000001ce8dba2198]
Event: 12.273 Thread 0x000001cea049f070 7504       4       java.io.File::isInvalid (47 bytes)
Event: 12.275 Thread 0x000001cea049f070 nmethod 7504 0x000001ce8dba2290 code [0x000001ce8dba2420, 0x000001ce8dba2628]
Event: 12.275 Thread 0x000001cea049f070 7576       4       java.util.ArrayList::toArray (57 bytes)
Event: 12.278 Thread 0x000001cea049f070 nmethod 7576 0x000001ce8dba2810 code [0x000001ce8dba29a0, 0x000001ce8dba2e38]
Event: 12.278 Thread 0x000001cea049f070 7745       4       java.util.Collections$UnmodifiableMap$UnmodifiableEntrySet$1::hasNext (10 bytes)
Event: 12.278 Thread 0x000001cea049f070 nmethod 7745 0x000001ce8dba3010 code [0x000001ce8dba3180, 0x000001ce8dba3218]

GC Heap History (20 events):
Event: 9.547 GC heap before
{Heap before GC invocations=24 (full 2):
 PSYoungGen      total 18944K, used 18624K [0x00000000d5580000, 0x00000000d6c00000, 0x0000000100000000)
  eden space 16896K, 100% used [0x00000000d5580000,0x00000000d6600000,0x00000000d6600000)
  from space 2048K, 84% used [0x00000000d6600000,0x00000000d67b0000,0x00000000d6800000)
  to   space 3072K, 0% used [0x00000000d6900000,0x00000000d6900000,0x00000000d6c00000)
 ParOldGen       total 68608K, used 29432K [0x0000000080000000, 0x0000000084300000, 0x00000000d5580000)
  object space 68608K, 42% used [0x0000000080000000,0x0000000081cbe0d0,0x0000000084300000)
 Metaspace       used 52474K, committed 53632K, reserved 1114112K
  class space    used 5701K, committed 6208K, reserved 1048576K
}
Event: 9.550 GC heap after
{Heap after GC invocations=24 (full 2):
 PSYoungGen      total 18944K, used 1984K [0x00000000d5580000, 0x00000000d6b00000, 0x0000000100000000)
  eden space 16896K, 0% used [0x00000000d5580000,0x00000000d5580000,0x00000000d6600000)
  from space 2048K, 96% used [0x00000000d6900000,0x00000000d6af0010,0x00000000d6b00000)
  to   space 2560K, 0% used [0x00000000d6600000,0x00000000d6600000,0x00000000d6880000)
 ParOldGen       total 68608K, used 31104K [0x0000000080000000, 0x0000000084300000, 0x00000000d5580000)
  object space 68608K, 45% used [0x0000000080000000,0x0000000081e600d0,0x0000000084300000)
 Metaspace       used 52474K, committed 53632K, reserved 1114112K
  class space    used 5701K, committed 6208K, reserved 1048576K
}
Event: 9.724 GC heap before
{Heap before GC invocations=25 (full 2):
 PSYoungGen      total 18944K, used 18880K [0x00000000d5580000, 0x00000000d6b00000, 0x0000000100000000)
  eden space 16896K, 100% used [0x00000000d5580000,0x00000000d6600000,0x00000000d6600000)
  from space 2048K, 96% used [0x00000000d6900000,0x00000000d6af0010,0x00000000d6b00000)
  to   space 2560K, 0% used [0x00000000d6600000,0x00000000d6600000,0x00000000d6880000)
 ParOldGen       total 68608K, used 31104K [0x0000000080000000, 0x0000000084300000, 0x00000000d5580000)
  object space 68608K, 45% used [0x0000000080000000,0x0000000081e600d0,0x0000000084300000)
 Metaspace       used 52790K, committed 53952K, reserved 1114112K
  class space    used 5726K, committed 6208K, reserved 1048576K
}
Event: 9.727 GC heap after
{Heap after GC invocations=25 (full 2):
 PSYoungGen      total 19456K, used 2560K [0x00000000d5580000, 0x00000000d7000000, 0x0000000100000000)
  eden space 16896K, 0% used [0x00000000d5580000,0x00000000d5580000,0x00000000d6600000)
  from space 2560K, 100% used [0x00000000d6600000,0x00000000d6880000,0x00000000d6880000)
  to   space 5120K, 0% used [0x00000000d6b00000,0x00000000d6b00000,0x00000000d7000000)
 ParOldGen       total 68608K, used 33016K [0x0000000080000000, 0x0000000084300000, 0x00000000d5580000)
  object space 68608K, 48% used [0x0000000080000000,0x000000008203e0e0,0x0000000084300000)
 Metaspace       used 52790K, committed 53952K, reserved 1114112K
  class space    used 5726K, committed 6208K, reserved 1048576K
}
Event: 10.399 GC heap before
{Heap before GC invocations=26 (full 2):
 PSYoungGen      total 19456K, used 19456K [0x00000000d5580000, 0x00000000d7000000, 0x0000000100000000)
  eden space 16896K, 100% used [0x00000000d5580000,0x00000000d6600000,0x00000000d6600000)
  from space 2560K, 100% used [0x00000000d6600000,0x00000000d6880000,0x00000000d6880000)
  to   space 5120K, 0% used [0x00000000d6b00000,0x00000000d6b00000,0x00000000d7000000)
 ParOldGen       total 68608K, used 33016K [0x0000000080000000, 0x0000000084300000, 0x00000000d5580000)
  object space 68608K, 48% used [0x0000000080000000,0x000000008203e0f8,0x0000000084300000)
 Metaspace       used 54299K, committed 55424K, reserved 1114112K
  class space    used 5872K, committed 6336K, reserved 1048576K
}
Event: 10.404 GC heap after
{Heap after GC invocations=26 (full 2):
 PSYoungGen      total 18432K, used 1472K [0x00000000d5580000, 0x00000000d6c80000, 0x0000000100000000)
  eden space 16896K, 0% used [0x00000000d5580000,0x00000000d5580000,0x00000000d6600000)
  from space 1536K, 95% used [0x00000000d6b00000,0x00000000d6c70000,0x00000000d6c80000)
  to   space 2560K, 0% used [0x00000000d6780000,0x00000000d6780000,0x00000000d6a00000)
 ParOldGen       total 68608K, used 35536K [0x0000000080000000, 0x0000000084300000, 0x00000000d5580000)
  object space 68608K, 51% used [0x0000000080000000,0x00000000822b40f8,0x0000000084300000)
 Metaspace       used 54299K, committed 55424K, reserved 1114112K
  class space    used 5872K, committed 6336K, reserved 1048576K
}
Event: 10.719 GC heap before
{Heap before GC invocations=27 (full 2):
 PSYoungGen      total 18432K, used 18368K [0x00000000d5580000, 0x00000000d6c80000, 0x0000000100000000)
  eden space 16896K, 100% used [0x00000000d5580000,0x00000000d6600000,0x00000000d6600000)
  from space 1536K, 95% used [0x00000000d6b00000,0x00000000d6c70000,0x00000000d6c80000)
  to   space 2560K, 0% used [0x00000000d6780000,0x00000000d6780000,0x00000000d6a00000)
 ParOldGen       total 68608K, used 35570K [0x0000000080000000, 0x0000000084300000, 0x00000000d5580000)
  object space 68608K, 51% used [0x0000000080000000,0x00000000822bcb58,0x0000000084300000)
 Metaspace       used 55570K, committed 56704K, reserved 1114112K
  class space    used 6012K, committed 6464K, reserved 1048576K
}
Event: 10.723 GC heap after
{Heap after GC invocations=27 (full 2):
 PSYoungGen      total 18944K, used 1575K [0x00000000d5580000, 0x00000000d6b80000, 0x0000000100000000)
  eden space 16896K, 0% used [0x00000000d5580000,0x00000000d5580000,0x00000000d6600000)
  from space 2048K, 76% used [0x00000000d6780000,0x00000000d6909d28,0x00000000d6980000)
  to   space 2048K, 0% used [0x00000000d6980000,0x00000000d6980000,0x00000000d6b80000)
 ParOldGen       total 68608K, used 36933K [0x0000000080000000, 0x0000000084300000, 0x00000000d5580000)
  object space 68608K, 53% used [0x0000000080000000,0x0000000082411718,0x0000000084300000)
 Metaspace       used 55570K, committed 56704K, reserved 1114112K
  class space    used 6012K, committed 6464K, reserved 1048576K
}
Event: 11.043 GC heap before
{Heap before GC invocations=28 (full 2):
 PSYoungGen      total 18944K, used 18471K [0x00000000d5580000, 0x00000000d6b80000, 0x0000000100000000)
  eden space 16896K, 100% used [0x00000000d5580000,0x00000000d6600000,0x00000000d6600000)
  from space 2048K, 76% used [0x00000000d6780000,0x00000000d6909d28,0x00000000d6980000)
  to   space 2048K, 0% used [0x00000000d6980000,0x00000000d6980000,0x00000000d6b80000)
 ParOldGen       total 68608K, used 36933K [0x0000000080000000, 0x0000000084300000, 0x00000000d5580000)
  object space 68608K, 53% used [0x0000000080000000,0x0000000082411718,0x0000000084300000)
 Metaspace       used 56140K, committed 57344K, reserved 1114112K
  class space    used 6063K, committed 6528K, reserved 1048576K
}
Event: 11.046 GC heap after
{Heap after GC invocations=28 (full 2):
 PSYoungGen      total 18944K, used 1630K [0x00000000d5580000, 0x00000000d6b80000, 0x0000000100000000)
  eden space 16896K, 0% used [0x00000000d5580000,0x00000000d5580000,0x00000000d6600000)
  from space 2048K, 79% used [0x00000000d6980000,0x00000000d6b17880,0x00000000d6b80000)
  to   space 2048K, 0% used [0x00000000d6780000,0x00000000d6780000,0x00000000d6980000)
 ParOldGen       total 68608K, used 38389K [0x0000000080000000, 0x0000000084300000, 0x00000000d5580000)
  object space 68608K, 55% used [0x0000000080000000,0x000000008257d5e0,0x0000000084300000)
 Metaspace       used 56140K, committed 57344K, reserved 1114112K
  class space    used 6063K, committed 6528K, reserved 1048576K
}
Event: 11.323 GC heap before
{Heap before GC invocations=29 (full 2):
 PSYoungGen      total 18944K, used 18526K [0x00000000d5580000, 0x00000000d6b80000, 0x0000000100000000)
  eden space 16896K, 100% used [0x00000000d5580000,0x00000000d6600000,0x00000000d6600000)
  from space 2048K, 79% used [0x00000000d6980000,0x00000000d6b17880,0x00000000d6b80000)
  to   space 2048K, 0% used [0x00000000d6780000,0x00000000d6780000,0x00000000d6980000)
 ParOldGen       total 68608K, used 38389K [0x0000000080000000, 0x0000000084300000, 0x00000000d5580000)
  object space 68608K, 55% used [0x0000000080000000,0x000000008257d5e0,0x0000000084300000)
 Metaspace       used 57068K, committed 58240K, reserved 1114112K
  class space    used 6120K, committed 6592K, reserved 1048576K
}
Event: 11.326 GC heap after
{Heap after GC invocations=29 (full 2):
 PSYoungGen      total 18432K, used 1152K [0x00000000d5580000, 0x00000000d6a00000, 0x0000000100000000)
  eden space 16896K, 0% used [0x00000000d5580000,0x00000000d5580000,0x00000000d6600000)
  from space 1536K, 75% used [0x00000000d6780000,0x00000000d68a0000,0x00000000d6900000)
  to   space 1024K, 0% used [0x00000000d6900000,0x00000000d6900000,0x00000000d6a00000)
 ParOldGen       total 68608K, used 39704K [0x0000000080000000, 0x0000000084300000, 0x00000000d5580000)
  object space 68608K, 57% used [0x0000000080000000,0x00000000826c61f0,0x0000000084300000)
 Metaspace       used 57068K, committed 58240K, reserved 1114112K
  class space    used 6120K, committed 6592K, reserved 1048576K
}
Event: 11.543 GC heap before
{Heap before GC invocations=30 (full 2):
 PSYoungGen      total 18432K, used 18048K [0x00000000d5580000, 0x00000000d6a00000, 0x0000000100000000)
  eden space 16896K, 100% used [0x00000000d5580000,0x00000000d6600000,0x00000000d6600000)
  from space 1536K, 75% used [0x00000000d6780000,0x00000000d68a0000,0x00000000d6900000)
  to   space 1024K, 0% used [0x00000000d6900000,0x00000000d6900000,0x00000000d6a00000)
 ParOldGen       total 68608K, used 39704K [0x0000000080000000, 0x0000000084300000, 0x00000000d5580000)
  object space 68608K, 57% used [0x0000000080000000,0x00000000826c61f0,0x0000000084300000)
 Metaspace       used 57648K, committed 58816K, reserved 1114112K
  class space    used 6228K, committed 6720K, reserved 1048576K
}
Event: 11.545 GC heap after
{Heap after GC invocations=30 (full 2):
 PSYoungGen      total 17920K, used 736K [0x00000000d5580000, 0x00000000d6a00000, 0x0000000100000000)
  eden space 16896K, 0% used [0x00000000d5580000,0x00000000d5580000,0x00000000d6600000)
  from space 1024K, 71% used [0x00000000d6900000,0x00000000d69b8000,0x00000000d6a00000)
  to   space 1024K, 0% used [0x00000000d6800000,0x00000000d6800000,0x00000000d6900000)
 ParOldGen       total 68608K, used 40654K [0x0000000080000000, 0x0000000084300000, 0x00000000d5580000)
  object space 68608K, 59% used [0x0000000080000000,0x00000000827b3868,0x0000000084300000)
 Metaspace       used 57648K, committed 58816K, reserved 1114112K
  class space    used 6228K, committed 6720K, reserved 1048576K
}
Event: 12.008 GC heap before
{Heap before GC invocations=31 (full 2):
 PSYoungGen      total 17920K, used 17632K [0x00000000d5580000, 0x00000000d6a00000, 0x0000000100000000)
  eden space 16896K, 100% used [0x00000000d5580000,0x00000000d6600000,0x00000000d6600000)
  from space 1024K, 71% used [0x00000000d6900000,0x00000000d69b8000,0x00000000d6a00000)
  to   space 1024K, 0% used [0x00000000d6800000,0x00000000d6800000,0x00000000d6900000)
 ParOldGen       total 68608K, used 40654K [0x0000000080000000, 0x0000000084300000, 0x00000000d5580000)
  object space 68608K, 59% used [0x0000000080000000,0x00000000827b3868,0x0000000084300000)
 Metaspace       used 58402K, committed 59584K, reserved 1114112K
  class space    used 6307K, committed 6784K, reserved 1048576K
}
Event: 12.010 GC heap after
{Heap after GC invocations=31 (full 2):
 PSYoungGen      total 17920K, used 999K [0x00000000d5580000, 0x00000000d6a00000, 0x0000000100000000)
  eden space 16896K, 0% used [0x00000000d5580000,0x00000000d5580000,0x00000000d6600000)
  from space 1024K, 97% used [0x00000000d6800000,0x00000000d68f9f30,0x00000000d6900000)
  to   space 1024K, 0% used [0x00000000d6900000,0x00000000d6900000,0x00000000d6a00000)
 ParOldGen       total 68608K, used 41471K [0x0000000080000000, 0x0000000084300000, 0x00000000d5580000)
  object space 68608K, 60% used [0x0000000080000000,0x000000008287fef0,0x0000000084300000)
 Metaspace       used 58402K, committed 59584K, reserved 1114112K
  class space    used 6307K, committed 6784K, reserved 1048576K
}
Event: 12.125 GC heap before
{Heap before GC invocations=32 (full 2):
 PSYoungGen      total 17920K, used 11118K [0x00000000d5580000, 0x00000000d6a00000, 0x0000000100000000)
  eden space 16896K, 59% used [0x00000000d5580000,0x00000000d5f61ba0,0x00000000d6600000)
  from space 1024K, 97% used [0x00000000d6800000,0x00000000d68f9f30,0x00000000d6900000)
  to   space 1024K, 0% used [0x00000000d6900000,0x00000000d6900000,0x00000000d6a00000)
 ParOldGen       total 68608K, used 41471K [0x0000000080000000, 0x0000000084300000, 0x00000000d5580000)
  object space 68608K, 60% used [0x0000000080000000,0x000000008287fef0,0x0000000084300000)
 Metaspace       used 58680K, committed 59776K, reserved 1114112K
  class space    used 6337K, committed 6784K, reserved 1048576K
}
Event: 12.127 GC heap after
{Heap after GC invocations=32 (full 2):
 PSYoungGen      total 17920K, used 672K [0x00000000d5580000, 0x00000000d6a00000, 0x0000000100000000)
  eden space 16896K, 0% used [0x00000000d5580000,0x00000000d5580000,0x00000000d6600000)
  from space 1024K, 65% used [0x00000000d6900000,0x00000000d69a8010,0x00000000d6a00000)
  to   space 1536K, 0% used [0x00000000d6700000,0x00000000d6700000,0x00000000d6880000)
 ParOldGen       total 68608K, used 42183K [0x0000000080000000, 0x0000000084300000, 0x00000000d5580000)
  object space 68608K, 61% used [0x0000000080000000,0x0000000082931ef0,0x0000000084300000)
 Metaspace       used 58680K, committed 59776K, reserved 1114112K
  class space    used 6337K, committed 6784K, reserved 1048576K
}
Event: 12.127 GC heap before
{Heap before GC invocations=33 (full 3):
 PSYoungGen      total 17920K, used 672K [0x00000000d5580000, 0x00000000d6a00000, 0x0000000100000000)
  eden space 16896K, 0% used [0x00000000d5580000,0x00000000d5580000,0x00000000d6600000)
  from space 1024K, 65% used [0x00000000d6900000,0x00000000d69a8010,0x00000000d6a00000)
  to   space 1536K, 0% used [0x00000000d6700000,0x00000000d6700000,0x00000000d6880000)
 ParOldGen       total 68608K, used 42183K [0x0000000080000000, 0x0000000084300000, 0x00000000d5580000)
  object space 68608K, 61% used [0x0000000080000000,0x0000000082931ef0,0x0000000084300000)
 Metaspace       used 58680K, committed 59776K, reserved 1114112K
  class space    used 6337K, committed 6784K, reserved 1048576K
}
Event: 12.213 GC heap after
{Heap after GC invocations=33 (full 3):
 PSYoungGen      total 17920K, used 0K [0x00000000d5580000, 0x00000000d6a00000, 0x0000000100000000)
  eden space 16896K, 0% used [0x00000000d5580000,0x00000000d5580000,0x00000000d6600000)
  from space 1024K, 0% used [0x00000000d6900000,0x00000000d6900000,0x00000000d6a00000)
  to   space 1536K, 0% used [0x00000000d6700000,0x00000000d6700000,0x00000000d6880000)
 ParOldGen       total 68608K, used 39042K [0x0000000080000000, 0x0000000084300000, 0x00000000d5580000)
  object space 68608K, 56% used [0x0000000080000000,0x0000000082620ae8,0x0000000084300000)
 Metaspace       used 58675K, committed 59776K, reserved 1114112K
  class space    used 6335K, committed 6784K, reserved 1048576K
}

Dll operation events (10 events):
Event: 0.016 Loaded shared library c:\Users\DELL\.vscode\extensions\redhat.java-1.25.1-win32-x64\jre\17.0.9-win32-x86_64\bin\java.dll
Event: 0.264 Loaded shared library c:\Users\DELL\.vscode\extensions\redhat.java-1.25.1-win32-x64\jre\17.0.9-win32-x86_64\bin\zip.dll
Event: 0.274 Loaded shared library C:\Users\DELL\.vscode\extensions\redhat.java-1.25.1-win32-x64\jre\17.0.9-win32-x86_64\bin\instrument.dll
Event: 0.295 Loaded shared library C:\Users\DELL\.vscode\extensions\redhat.java-1.25.1-win32-x64\jre\17.0.9-win32-x86_64\bin\net.dll
Event: 0.298 Loaded shared library C:\Users\DELL\.vscode\extensions\redhat.java-1.25.1-win32-x64\jre\17.0.9-win32-x86_64\bin\nio.dll
Event: 0.328 Loaded shared library C:\Users\DELL\.vscode\extensions\redhat.java-1.25.1-win32-x64\jre\17.0.9-win32-x86_64\bin\zip.dll
Event: 0.363 Loaded shared library C:\Users\DELL\.vscode\extensions\redhat.java-1.25.1-win32-x64\jre\17.0.9-win32-x86_64\bin\jimage.dll
Event: 0.494 Loaded shared library c:\Users\DELL\.vscode\extensions\redhat.java-1.25.1-win32-x64\jre\17.0.9-win32-x86_64\bin\verify.dll
Event: 1.823 Loaded shared library C:\Users\DELL\AppData\Roaming\Code\User\globalStorage\redhat.java\1.25.1\config_win\org.eclipse.equinox.launcher\org.eclipse.equinox.launcher.win32.win32.x86_64_1.2.800.v20231003-1442\eclipse_11802.dll
Event: 5.993 Loaded shared library C:\Users\DELL\AppData\Local\Temp\jna-2094529\jna4021035507414816784.dll

Deoptimization events (20 events):
Event: 12.100 Thread 0x000001cea0ea4810 Uncommon trap: trap_request=0xffffffde fr.pc=0x000001ce8db13cac relative=0x000000000000084c
Event: 12.100 Thread 0x000001cea0ea4810 Uncommon trap: reason=class_check action=maybe_recompile pc=0x000001ce8db13cac method=java.util.WeakHashMap.matchesKey(Ljava/util/WeakHashMap$Entry;Ljava/lang/Object;)Z @ 21 c2
Event: 12.100 Thread 0x000001cea0ea4810 DEOPT PACKING pc=0x000001ce8db13cac sp=0x0000008e28ffd260
Event: 12.100 Thread 0x000001cea0ea4810 DEOPT UNPACKING pc=0x000001ce8d2e66a3 sp=0x0000008e28ffd1a8 mode 2
Event: 12.100 Thread 0x000001cea0ea4810 Uncommon trap: trap_request=0xffffffde fr.pc=0x000001ce8db13cac relative=0x000000000000084c
Event: 12.100 Thread 0x000001cea0ea4810 Uncommon trap: reason=class_check action=maybe_recompile pc=0x000001ce8db13cac method=java.util.WeakHashMap.matchesKey(Ljava/util/WeakHashMap$Entry;Ljava/lang/Object;)Z @ 21 c2
Event: 12.100 Thread 0x000001cea0ea4810 DEOPT PACKING pc=0x000001ce8db13cac sp=0x0000008e28ffd270
Event: 12.100 Thread 0x000001cea0ea4810 DEOPT UNPACKING pc=0x000001ce8d2e66a3 sp=0x0000008e28ffd1b8 mode 2
Event: 12.105 Thread 0x000001cea0ea4810 Uncommon trap: trap_request=0xffffffde fr.pc=0x000001ce8db13cac relative=0x000000000000084c
Event: 12.105 Thread 0x000001cea0ea4810 Uncommon trap: reason=class_check action=maybe_recompile pc=0x000001ce8db13cac method=java.util.WeakHashMap.matchesKey(Ljava/util/WeakHashMap$Entry;Ljava/lang/Object;)Z @ 21 c2
Event: 12.105 Thread 0x000001cea0ea4810 DEOPT PACKING pc=0x000001ce8db13cac sp=0x0000008e28ffd260
Event: 12.105 Thread 0x000001cea0ea4810 DEOPT UNPACKING pc=0x000001ce8d2e66a3 sp=0x0000008e28ffd1a8 mode 2
Event: 12.105 Thread 0x000001cea0ea4810 Uncommon trap: trap_request=0xffffffde fr.pc=0x000001ce8db13cac relative=0x000000000000084c
Event: 12.105 Thread 0x000001cea0ea4810 Uncommon trap: reason=class_check action=maybe_recompile pc=0x000001ce8db13cac method=java.util.WeakHashMap.matchesKey(Ljava/util/WeakHashMap$Entry;Ljava/lang/Object;)Z @ 21 c2
Event: 12.105 Thread 0x000001cea0ea4810 DEOPT PACKING pc=0x000001ce8db13cac sp=0x0000008e28ffd270
Event: 12.105 Thread 0x000001cea0ea4810 DEOPT UNPACKING pc=0x000001ce8d2e66a3 sp=0x0000008e28ffd1b8 mode 2
Event: 12.243 Thread 0x000001cea0ea4810 Uncommon trap: trap_request=0xffffff45 fr.pc=0x000001ce8dafd760 relative=0x00000000000011e0
Event: 12.243 Thread 0x000001cea0ea4810 Uncommon trap: reason=unstable_if action=reinterpret pc=0x000001ce8dafd760 method=lombok.eclipse.agent.EclipsePatcher$1.shouldTransform(Ljava/lang/ClassLoader;Ljava/lang/String;Ljava/lang/Class;Ljava/security/ProtectionDomain;[B)Z @ 52 c2
Event: 12.243 Thread 0x000001cea0ea4810 DEOPT PACKING pc=0x000001ce8dafd760 sp=0x0000008e28ffbac0
Event: 12.243 Thread 0x000001cea0ea4810 DEOPT UNPACKING pc=0x000001ce8d2e66a3 sp=0x0000008e28ffb9b8 mode 2

Classes unloaded (17 events):
Event: 3.497 Thread 0x000001ce831596a0 Unloading class 0x000000010024c000 'java/lang/invoke/LambdaForm$MH+0x000000010024c000'
Event: 3.497 Thread 0x000001ce831596a0 Unloading class 0x000000010024bc00 'java/lang/invoke/LambdaForm$MH+0x000000010024bc00'
Event: 3.497 Thread 0x000001ce831596a0 Unloading class 0x000000010024b800 'java/lang/invoke/LambdaForm$MH+0x000000010024b800'
Event: 3.497 Thread 0x000001ce831596a0 Unloading class 0x000000010024b400 'java/lang/invoke/LambdaForm$MH+0x000000010024b400'
Event: 3.497 Thread 0x000001ce831596a0 Unloading class 0x000000010024b000 'java/lang/invoke/LambdaForm$BMH+0x000000010024b000'
Event: 3.497 Thread 0x000001ce831596a0 Unloading class 0x000000010024ac00 'java/lang/invoke/LambdaForm$DMH+0x000000010024ac00'
Event: 3.497 Thread 0x000001ce831596a0 Unloading class 0x0000000100248000 'java/lang/invoke/LambdaForm$DMH+0x0000000100248000'
Event: 5.607 Thread 0x000001ce831596a0 Unloading class 0x000000010024bc00 'java/lang/invoke/LambdaForm$MH+0x000000010024bc00'
Event: 5.607 Thread 0x000001ce831596a0 Unloading class 0x000000010024b800 'java/lang/invoke/LambdaForm$MH+0x000000010024b800'
Event: 5.607 Thread 0x000001ce831596a0 Unloading class 0x000000010024b400 'java/lang/invoke/LambdaForm$MH+0x000000010024b400'
Event: 5.607 Thread 0x000001ce831596a0 Unloading class 0x000000010024b000 'java/lang/invoke/LambdaForm$MH+0x000000010024b000'
Event: 5.607 Thread 0x000001ce831596a0 Unloading class 0x0000000100248000 'java/lang/invoke/LambdaForm$BMH+0x0000000100248000'
Event: 5.607 Thread 0x000001ce831596a0 Unloading class 0x000000010024ac00 'java/lang/invoke/LambdaForm$DMH+0x000000010024ac00'
Event: 5.607 Thread 0x000001ce831596a0 Unloading class 0x000000010024c000 'java/lang/invoke/LambdaForm$DMH+0x000000010024c000'
Event: 12.143 Thread 0x000001ce831596a0 Unloading class 0x0000000100695800 'java/lang/invoke/LambdaForm$DMH+0x0000000100695800'
Event: 12.143 Thread 0x000001ce831596a0 Unloading class 0x0000000100695400 'java/lang/invoke/LambdaForm$DMH+0x0000000100695400'
Event: 12.143 Thread 0x000001ce831596a0 Unloading class 0x0000000100695000 'java/lang/invoke/LambdaForm$DMH+0x0000000100695000'

Classes redefined (0 events):
No events

Internal exceptions (20 events):
Event: 11.253 Thread 0x000001cea031fab0 Exception <a 'java/lang/NullPointerException'{0x00000000d6163dd8}> (0x00000000d6163dd8) 
thrown [s\src\hotspot\share\interpreter\linkResolver.cpp, line 1350]
Event: 11.424 Thread 0x000001cea0ea4810 Exception <a 'java/lang/NoSuchMethodError'{0x00000000d5e19908}: 'java.lang.Object java.lang.invoke.DirectMethodHandle$Holder.invokeStatic(java.lang.Object, int, java.lang.Object, java.lang.Object)'> (0x00000000d5e19908) 
thrown [s\src\hotspot\share\interpreter\linkResolver.cpp, line 759]
Event: 11.424 Thread 0x000001cea0ea4810 Exception <a 'java/lang/NoSuchMethodError'{0x00000000d5e1d6f0}: 'java.lang.Object java.lang.invoke.DelegatingMethodHandle$Holder.delegate(java.lang.Object, int, java.lang.Object, java.lang.Object)'> (0x00000000d5e1d6f0) 
thrown [s\src\hotspot\share\interpreter\linkResolver.cpp, line 759]
Event: 11.430 Thread 0x000001cea0ea4810 Exception <a 'java/lang/NoSuchMethodError'{0x00000000d5e948c8}: 'int java.lang.invoke.Invokers$Holder.linkToTargetMethod(java.lang.Object, java.lang.Object, java.lang.Object)'> (0x00000000d5e948c8) 
thrown [s\src\hotspot\share\interpreter\linkResolver.cpp, line 759]
Event: 11.451 Thread 0x000001cea0ea4810 Exception <a 'java/lang/NoSuchMethodError'{0x00000000d5f41308}: 'java.lang.Object java.lang.invoke.DirectMethodHandle$Holder.newInvokeSpecial(java.lang.Object, java.lang.Object, java.lang.Object, java.lang.Object, java.lang.Object, java.lang.Object, java.lang.Object, java.lang.Object)'> (0x00000000d5f41308) 
thrown [s\src\hotspot\share\interpreter\linkResolver.cpp, line 759]
Event: 11.452 Thread 0x000001cea0ea4810 Exception <a 'java/lang/NoSuchMethodError'{0x00000000d5f45d68}: 'java.lang.Object java.lang.invoke.Invokers$Holder.linkToTargetMethod(java.lang.Object, java.lang.Object, java.lang.Object, java.lang.Object, java.lang.Object, java.lang.Object, java.lang.Object, java.lang.Object)'> (0x00000000d5f45d68) 
thrown [s\src\hotspot\share\interpreter\linkResolver.cpp, line 759]
Event: 11.455 Thread 0x000001cea0ea4810 Exception <a 'java/lang/NoSuchMethodError'{0x00000000d5fafc90}: 'java.lang.Object java.lang.invoke.DirectMethodHandle$Holder.invokeStatic(java.lang.Object, java.lang.Object, int, java.lang.Object, java.lang.Object)'> (0x00000000d5fafc90) 
thrown [s\src\hotspot\share\interpreter\linkResolver.cpp, line 759]
Event: 11.456 Thread 0x000001cea0ea4810 Exception <a 'java/lang/NoSuchMethodError'{0x00000000d5fb6f18}: 'java.lang.Object java.lang.invoke.DirectMethodHandle$Holder.newInvokeSpecial(java.lang.Object, java.lang.Object, int)'> (0x00000000d5fb6f18) 
thrown [s\src\hotspot\share\interpreter\linkResolver.cpp, line 759]
Event: 11.476 Thread 0x000001cea0ea4810 Exception <a 'java/lang/NoSuchMethodError'{0x00000000d60e3a50}: 'void java.lang.invoke.DirectMethodHandle$Holder.invokeStatic(java.lang.Object, int)'> (0x00000000d60e3a50) 
thrown [s\src\hotspot\share\interpreter\linkResolver.cpp, line 759]
Event: 11.499 Thread 0x000001cea0ea4810 Implicit null exception at 0x000001ce8db58df3 to 0x000001ce8db5a074
Event: 11.583 Thread 0x000001cea0ea4810 Exception <a 'java/io/FileNotFoundException'{0x00000000d5815dd8}> (0x00000000d5815dd8) 
thrown [s\src\hotspot\share\prims\jni.cpp, line 516]
Event: 11.866 Thread 0x000001cea0ea4810 Exception <a 'java/lang/NoSuchMethodError'{0x00000000d5c52ed0}: 'java.lang.Object java.lang.invoke.DirectMethodHandle$Holder.invokeInterface(java.lang.Object, java.lang.Object, java.lang.Object)'> (0x00000000d5c52ed0) 
thrown [s\src\hotspot\share\interpreter\linkResolver.cpp, line 759]
Event: 11.874 Thread 0x000001cea0ea4810 Exception <a 'java/lang/NoSuchMethodError'{0x00000000d5cab220}: 'int java.lang.invoke.DirectMethodHandle$Holder.invokeSpecialIFC(java.lang.Object, java.lang.Object, java.lang.Object)'> (0x00000000d5cab220) 
thrown [s\src\hotspot\share\interpreter\linkResolver.cpp, line 759]
Event: 11.947 Thread 0x000001cea0ea4810 Exception <a 'java/lang/NoSuchMethodError'{0x00000000d6060038}: 'java.lang.Object java.lang.invoke.Invokers$Holder.linkToTargetMethod(java.lang.Object, java.lang.Object, java.lang.Object, java.lang.Object, java.lang.Object, java.lang.Object, java.lang.Object)'> (0x00000000d6060038) 
thrown [s\src\hotspot\share\interpreter\linkResolver.cpp, line 759]
Event: 11.970 Thread 0x000001cea0ea4810 Exception <a 'java/lang/NoSuchMethodError'{0x00000000d6220790}: 'void java.lang.invoke.DirectMethodHandle$Holder.invokeInterface(java.lang.Object, java.lang.Object)'> (0x00000000d6220790) 
thrown [s\src\hotspot\share\interpreter\linkResolver.cpp, line 759]
Event: 11.978 Thread 0x000001cea0ea4810 Exception <a 'java/lang/NoSuchMethodError'{0x00000000d62cb7b8}: 'java.lang.Object java.lang.invoke.DirectMethodHandle$Holder.newInvokeSpecial(java.lang.Object, java.lang.Object, java.lang.Object, java.lang.Object, java.lang.Object, java.lang.Object)'> (0x00000000d62cb7b8) 
thrown [s\src\hotspot\share\interpreter\linkResolver.cpp, line 759]
Event: 11.985 Thread 0x000001cea0ea1f90 Exception <a 'java/lang/NoSuchMethodError'{0x00000000d636ba38}: 'void java.lang.invoke.DirectMethodHandle$Holder.invokeSpecial(java.lang.Object, java.lang.Object, java.lang.Object, java.lang.Object, java.lang.Object, java.lang.Object, java.lang.Object, java.lang.Object)'> (0x00000000d636ba38) 
thrown [s\src\hotspot\share\interpreter\linkResolver.cpp, line 759]
Event: 11.985 Thread 0x000001cea0ea1a80 Exception <a 'java/lang/NoSuchMethodError'{0x00000000d6342bb0}: 'void java.lang.invoke.DirectMethodHandle$Holder.invokeSpecial(java.lang.Object, java.lang.Object, java.lang.Object, java.lang.Object, java.lang.Object, java.lang.Object, java.lang.Object, java.lang.Object)'> (0x00000000d6342bb0) 
thrown [s\src\hotspot\share\interpreter\linkResolver.cpp, line 759]
Event: 11.986 Thread 0x000001cea0ea33d0 Exception <a 'java/lang/NoSuchMethodError'{0x00000000d633d0f8}: 'void java.lang.invoke.DirectMethodHandle$Holder.invokeSpecial(java.lang.Object, java.lang.Object, java.lang.Object, java.lang.Object, java.lang.Object, java.lang.Object, java.lang.Object, java.lang.Object)'> (0x00000000d633d0f8) 
thrown [s\src\hotspot\share\interpreter\linkResolver.cpp, line 759]
Event: 11.986 Thread 0x000001cea0ea7ab0 Exception <a 'java/lang/NoSuchMethodError'{0x00000000d637c450}: 'void java.lang.invoke.DirectMethodHandle$Holder.invokeSpecial(java.lang.Object, java.lang.Object, java.lang.Object, java.lang.Object, java.lang.Object, java.lang.Object, java.lang.Object, java.lang.Object)'> (0x00000000d637c450) 
thrown [s\src\hotspot\share\interpreter\linkResolver.cpp, line 759]

VM Operations (20 events):
Event: 11.323 Executing VM operation: ParallelGCFailedAllocation
Event: 11.326 Executing VM operation: ParallelGCFailedAllocation done
Event: 11.423 Executing VM operation: HandshakeAllThreads
Event: 11.423 Executing VM operation: HandshakeAllThreads done
Event: 11.434 Executing VM operation: HandshakeAllThreads
Event: 11.434 Executing VM operation: HandshakeAllThreads done
Event: 11.488 Executing VM operation: HandshakeAllThreads
Event: 11.488 Executing VM operation: HandshakeAllThreads done
Event: 11.543 Executing VM operation: ParallelGCFailedAllocation
Event: 11.545 Executing VM operation: ParallelGCFailedAllocation done
Event: 11.564 Executing VM operation: HandshakeAllThreads
Event: 11.564 Executing VM operation: HandshakeAllThreads done
Event: 12.008 Executing VM operation: ParallelGCFailedAllocation
Event: 12.014 Executing VM operation: ParallelGCFailedAllocation done
Event: 12.125 Executing VM operation: CollectForMetadataAllocation
Event: 12.213 Executing VM operation: CollectForMetadataAllocation done
Event: 12.255 Executing VM operation: HandshakeAllThreads
Event: 12.259 Executing VM operation: HandshakeAllThreads done
Event: 13.265 Executing VM operation: Cleanup
Event: 13.265 Executing VM operation: Cleanup done

Events (20 events):
Event: 11.695 loading class java/util/Vector$1 done
Event: 11.940 loading class java/util/LinkedList$LLSpliterator
Event: 11.940 loading class java/util/LinkedList$LLSpliterator done
Event: 11.980 Thread 0x000001cea0ea33d0 Thread added: 0x000001cea0ea33d0
Event: 11.981 Thread 0x000001cea0ea6670 Thread added: 0x000001cea0ea6670
Event: 11.981 Thread 0x000001cea0ea7ab0 Thread added: 0x000001cea0ea7ab0
Event: 11.981 Thread 0x000001cea0ea1a80 Thread added: 0x000001cea0ea1a80
Event: 11.981 Thread 0x000001cea0ea1f90 Thread added: 0x000001cea0ea1f90
Event: 12.059 loading class sun/nio/cs/ISO_8859_1$Decoder
Event: 12.059 loading class sun/nio/cs/ISO_8859_1$Decoder done
Event: 12.106 Thread 0x000001cea0ea6670 Thread exited: 0x000001cea0ea6670
Event: 12.106 Thread 0x000001cea0ea7ab0 Thread exited: 0x000001cea0ea7ab0
Event: 12.106 Thread 0x000001cea0ea33d0 Thread exited: 0x000001cea0ea33d0
Event: 12.107 Thread 0x000001cea0ea1a80 Thread exited: 0x000001cea0ea1a80
Event: 12.107 Thread 0x000001cea0ea1f90 Thread exited: 0x000001cea0ea1f90
Event: 12.260 Thread 0x000001ce9e5074b0 flushing nmethod 0x000001ce8d9fcb90
Event: 12.264 Thread 0x000001ce9e5074b0 flushing nmethod 0x000001ce86009d10
Event: 12.265 Thread 0x000001ce9e5074b0 flushing nmethod 0x000001ce86050890
Event: 12.265 Thread 0x000001ce9e5074b0 flushing nmethod 0x000001ce86051a10
Event: 12.274 Thread 0x000001ce9e5074b0 flushing nmethod 0x000001ce86948b10


Dynamic libraries:
0x00007ff64b920000 - 0x00007ff64b92e000 	c:\Users\DELL\.vscode\extensions\redhat.java-1.25.1-win32-x64\jre\17.0.9-win32-x86_64\bin\java.exe
0x00007fff56210000 - 0x00007fff56447000 	C:\WINDOWS\SYSTEM32\ntdll.dll
0x00007fff54ac0000 - 0x00007fff54b89000 	C:\WINDOWS\System32\KERNEL32.DLL
0x00007fff53850000 - 0x00007fff53bad000 	C:\WINDOWS\System32\KERNELBASE.dll
0x00007fff535c0000 - 0x00007fff536fc000 	C:\WINDOWS\System32\ucrtbase.dll
0x00007fff3d1d0000 - 0x00007fff3d1e7000 	c:\Users\DELL\.vscode\extensions\redhat.java-1.25.1-win32-x64\jre\17.0.9-win32-x86_64\bin\jli.dll
0x00007fff55ce0000 - 0x00007fff55ea0000 	C:\WINDOWS\System32\USER32.dll
0x00007fff53d30000 - 0x00007fff53d57000 	C:\WINDOWS\System32\win32u.dll
0x00007fff56140000 - 0x00007fff5616a000 	C:\WINDOWS\System32\GDI32.dll
0x00007fff53de0000 - 0x00007fff53eff000 	C:\WINDOWS\System32\gdi32full.dll
0x00007fff53f10000 - 0x00007fff53fb5000 	C:\WINDOWS\System32\msvcp_win.dll
0x00007fff39480000 - 0x00007fff3949b000 	c:\Users\DELL\.vscode\extensions\redhat.java-1.25.1-win32-x64\jre\17.0.9-win32-x86_64\bin\VCRUNTIME140.dll
0x00007fff39d10000 - 0x00007fff39fa1000 	C:\WINDOWS\WinSxS\amd64_microsoft.windows.common-controls_6595b64144ccf1df_6.0.26010.1000_none_3bfc4084e6609114\COMCTL32.dll
0x00007fff54220000 - 0x00007fff542c7000 	C:\WINDOWS\System32\msvcrt.dll
0x00007fff55920000 - 0x00007fff55951000 	C:\WINDOWS\System32\IMM32.DLL
0x00007fff42ee0000 - 0x00007fff42eec000 	c:\Users\DELL\.vscode\extensions\redhat.java-1.25.1-win32-x64\jre\17.0.9-win32-x86_64\bin\vcruntime140_1.dll
0x00007fff163d0000 - 0x00007fff1645d000 	c:\Users\DELL\.vscode\extensions\redhat.java-1.25.1-win32-x64\jre\17.0.9-win32-x86_64\bin\msvcp140.dll
0x00007ffed2880000 - 0x00007ffed34e1000 	c:\Users\DELL\.vscode\extensions\redhat.java-1.25.1-win32-x64\jre\17.0.9-win32-x86_64\bin\server\jvm.dll
0x00007fff55f10000 - 0x00007fff55fc0000 	C:\WINDOWS\System32\ADVAPI32.dll
0x00007fff548b0000 - 0x00007fff54953000 	C:\WINDOWS\System32\sechost.dll
0x00007fff54b90000 - 0x00007fff54cb6000 	C:\WINDOWS\System32\RPCRT4.dll
0x00007fff53460000 - 0x00007fff534af000 	C:\WINDOWS\SYSTEM32\POWRPROF.dll
0x00007fff31ec0000 - 0x00007fff31eca000 	C:\WINDOWS\SYSTEM32\WSOCK32.dll
0x00007fff41dc0000 - 0x00007fff41df5000 	C:\WINDOWS\SYSTEM32\WINMM.dll
0x00007fff53fc0000 - 0x00007fff54034000 	C:\WINDOWS\System32\WS2_32.dll
0x00007fff413b0000 - 0x00007fff413bb000 	C:\WINDOWS\SYSTEM32\VERSION.dll
0x00007fff53440000 - 0x00007fff53455000 	C:\WINDOWS\SYSTEM32\UMPDC.dll
0x00007fff52460000 - 0x00007fff52479000 	C:\WINDOWS\SYSTEM32\kernel.appcore.dll
0x00007fff3fe40000 - 0x00007fff3fe4a000 	c:\Users\DELL\.vscode\extensions\redhat.java-1.25.1-win32-x64\jre\17.0.9-win32-x86_64\bin\jimage.dll
0x00007fff4d8f0000 - 0x00007fff4db26000 	C:\WINDOWS\SYSTEM32\DBGHELP.DLL
0x00007fff55960000 - 0x00007fff55cd0000 	C:\WINDOWS\System32\combase.dll
0x00007fff54300000 - 0x00007fff543d6000 	C:\WINDOWS\System32\OLEAUT32.dll
0x00007fff36d00000 - 0x00007fff36d39000 	C:\WINDOWS\SYSTEM32\dbgcore.DLL
0x00007fff537c0000 - 0x00007fff53843000 	C:\WINDOWS\System32\bcryptPrimitives.dll
0x00007fff3fa30000 - 0x00007fff3fa3e000 	c:\Users\DELL\.vscode\extensions\redhat.java-1.25.1-win32-x64\jre\17.0.9-win32-x86_64\bin\instrument.dll
0x00007fff1b640000 - 0x00007fff1b665000 	c:\Users\DELL\.vscode\extensions\redhat.java-1.25.1-win32-x64\jre\17.0.9-win32-x86_64\bin\java.dll
0x00007fff2bb70000 - 0x00007fff2bb88000 	c:\Users\DELL\.vscode\extensions\redhat.java-1.25.1-win32-x64\jre\17.0.9-win32-x86_64\bin\zip.dll
0x00007fff55150000 - 0x00007fff55912000 	C:\WINDOWS\System32\SHELL32.dll
0x00007fff513d0000 - 0x00007fff51c2d000 	C:\WINDOWS\SYSTEM32\windows.storage.dll
0x00007fff54080000 - 0x00007fff54157000 	C:\WINDOWS\System32\SHCORE.dll
0x00007fff55eb0000 - 0x00007fff55f0d000 	C:\WINDOWS\System32\shlwapi.dll
0x00007fff534e0000 - 0x00007fff53504000 	C:\WINDOWS\SYSTEM32\profapi.dll
0x00007fff2b590000 - 0x00007fff2b5a9000 	C:\Users\DELL\.vscode\extensions\redhat.java-1.25.1-win32-x64\jre\17.0.9-win32-x86_64\bin\net.dll
0x00007fff439c0000 - 0x00007fff43add000 	C:\WINDOWS\SYSTEM32\WINHTTP.dll
0x00007fff528d0000 - 0x00007fff52939000 	C:\WINDOWS\system32\mswsock.dll
0x00007fff257d0000 - 0x00007fff257e6000 	C:\Users\DELL\.vscode\extensions\redhat.java-1.25.1-win32-x64\jre\17.0.9-win32-x86_64\bin\nio.dll
0x00007fff25420000 - 0x00007fff25430000 	c:\Users\DELL\.vscode\extensions\redhat.java-1.25.1-win32-x64\jre\17.0.9-win32-x86_64\bin\verify.dll
0x00007fff0ffd0000 - 0x00007fff1000e000 	C:\Users\DELL\AppData\Roaming\Code\User\globalStorage\redhat.java\1.25.1\config_win\org.eclipse.equinox.launcher\org.eclipse.equinox.launcher.win32.win32.x86_64_1.2.800.v20231003-1442\eclipse_11802.dll
0x00007fff54fb0000 - 0x00007fff55144000 	C:\WINDOWS\System32\ole32.dll
0x00007fff52c90000 - 0x00007fff52cac000 	C:\WINDOWS\SYSTEM32\CRYPTSP.dll
0x00007fff523c0000 - 0x00007fff523f8000 	C:\WINDOWS\system32\rsaenh.dll
0x00007fff52990000 - 0x00007fff529bb000 	C:\WINDOWS\SYSTEM32\USERENV.dll
0x00007fff52e20000 - 0x00007fff52e49000 	C:\WINDOWS\SYSTEM32\bcrypt.dll
0x00007fff52b10000 - 0x00007fff52b1c000 	C:\WINDOWS\SYSTEM32\CRYPTBASE.dll
0x00007fff51f00000 - 0x00007fff51f30000 	C:\WINDOWS\SYSTEM32\IPHLPAPI.DLL
0x00007fff54160000 - 0x00007fff5416a000 	C:\WINDOWS\System32\NSI.dll
0x00007fff471f0000 - 0x00007fff4720b000 	C:\WINDOWS\SYSTEM32\dhcpcsvc6.DLL
0x00007fff43b90000 - 0x00007fff43bb0000 	C:\WINDOWS\SYSTEM32\dhcpcsvc.DLL
0x00007fff51fa0000 - 0x00007fff520b8000 	C:\WINDOWS\SYSTEM32\DNSAPI.dll
0x00007fff18c60000 - 0x00007fff18ca5000 	C:\Users\DELL\AppData\Local\Temp\jna-2094529\jna4021035507414816784.dll
0x00007fff54070000 - 0x00007fff54078000 	C:\WINDOWS\System32\PSAPI.DLL

dbghelp: loaded successfully - version: 4.0.5 - missing functions: none
symbol engine: initialized successfully - sym options: 0x614 - pdb path: .;c:\Users\DELL\.vscode\extensions\redhat.java-1.25.1-win32-x64\jre\17.0.9-win32-x86_64\bin;C:\WINDOWS\SYSTEM32;C:\WINDOWS\WinSxS\amd64_microsoft.windows.common-controls_6595b64144ccf1df_6.0.26010.1000_none_3bfc4084e6609114;c:\Users\DELL\.vscode\extensions\redhat.java-1.25.1-win32-x64\jre\17.0.9-win32-x86_64\bin\server;C:\Users\DELL\AppData\Roaming\Code\User\globalStorage\redhat.java\1.25.1\config_win\org.eclipse.equinox.launcher\org.eclipse.equinox.launcher.win32.win32.x86_64_1.2.800.v20231003-1442;C:\Users\DELL\AppData\Local\Temp\jna-2094529

VM Arguments:
jvm_args: --add-modules=ALL-SYSTEM --add-opens=java.base/java.util=ALL-UNNAMED --add-opens=java.base/java.lang=ALL-UNNAMED --add-opens=java.base/sun.nio.fs=ALL-UNNAMED -Declipse.application=org.eclipse.jdt.ls.core.id1 -Dosgi.bundles.defaultStartLevel=4 -Declipse.product=org.eclipse.jdt.ls.core.product -Djava.import.generatesMetadataFilesAtProjectRoot=false -DDetectVMInstallationsJob.disabled=true -Dfile.encoding=utf8 -XX:+UseParallelGC -XX:GCTimeRatio=4 -XX:AdaptiveSizePolicyWeight=90 -Dsun.zip.disableMemoryMapping=true -Xmx2G -Xms100m -Xlog:disable -javaagent:c:\Users\DELL\.vscode\extensions\redhat.java-1.25.1-win32-x64\lombok\lombok-1.18.30.jar -XX:+HeapDumpOnOutOfMemoryError -XX:HeapDumpPath=c:\Users\DELL\AppData\Roaming\Code\User\workspaceStorage\2ffab614a004bcb6a02c40aefb33546a\redhat.java -Daether.dependencyCollector.impl=bf 
java_command: c:\Users\DELL\.vscode\extensions\redhat.java-1.25.1-win32-x64\server\plugins\org.eclipse.equinox.launcher_1.6.600.v20231106-1826.jar -configuration c:\Users\DELL\AppData\Roaming\Code\User\globalStorage\redhat.java\1.25.1\config_win -data c:\Users\DELL\AppData\Roaming\Code\User\workspaceStorage\2ffab614a004bcb6a02c40aefb33546a\redhat.java\jdt_ws --stdio
java_class_path (initial): c:\Users\DELL\.vscode\extensions\redhat.java-1.25.1-win32-x64\server\plugins\org.eclipse.equinox.launcher_1.6.600.v20231106-1826.jar
Launcher Type: SUN_STANDARD

[Global flags]
    uintx AdaptiveSizePolicyWeight                 = 90                                        {product} {command line}
     intx CICompilerCount                          = 4                                         {product} {ergonomic}
    uintx GCTimeRatio                              = 4                                         {product} {command line}
     bool HeapDumpOnOutOfMemoryError               = true                                   {manageable} {command line}
    ccstr HeapDumpPath                             = c:\Users\DELL\AppData\Roaming\Code\User\workspaceStorage\2ffab614a004bcb6a02c40aefb33546a\redhat.java         {manageable} {command line}
   size_t InitialHeapSize                          = 104857600                                 {product} {command line}
   size_t MaxHeapSize                              = 2147483648                                {product} {command line}
   size_t MaxNewSize                               = 715653120                                 {product} {ergonomic}
   size_t MinHeapDeltaBytes                        = 524288                                    {product} {ergonomic}
   size_t MinHeapSize                              = 104857600                                 {product} {command line}
   size_t NewSize                                  = 34603008                                  {product} {ergonomic}
    uintx NonNMethodCodeHeapSize                   = 5839372                                {pd product} {ergonomic}
    uintx NonProfiledCodeHeapSize                  = 122909434                              {pd product} {ergonomic}
   size_t OldSize                                  = 70254592                                  {product} {ergonomic}
    uintx ProfiledCodeHeapSize                     = 122909434                              {pd product} {ergonomic}
    uintx ReservedCodeCacheSize                    = 251658240                              {pd product} {ergonomic}
     bool SegmentedCodeCache                       = true                                      {product} {ergonomic}
   size_t SoftMaxHeapSize                          = 2147483648                             {manageable} {ergonomic}
     bool UseCompressedClassPointers               = true                           {product lp64_product} {ergonomic}
     bool UseCompressedOops                        = true                           {product lp64_product} {ergonomic}
     bool UseLargePagesIndividualAllocation        = false                                  {pd product} {ergonomic}
     bool UseParallelGC                            = true                                      {product} {command line}

Logging:
Log output configuration:
 #0: stdout all=off uptime,level,tags
 #1: stderr all=off uptime,level,tags

Environment Variables:
PATH=c:\Users\DELL\AppData\Local\Programs\cursor\resources\app\bin;C:\Python311\Scripts\;C:\Python311\;C:\Program Files\Common Files\Oracle\Java\javapath;C:\WINDOWS\system32;C:\WINDOWS;C:\WINDOWS\System32\Wbem;C:\WINDOWS\System32\WindowsPowerShell\v1.0\;C:\WINDOWS\System32\OpenSSH\;C:\Program Files\Git\cmd;C:\ProgramData\chocolatey\bin;C:\Program Files\PuTTY\;C:\mongosh-1.10.5-win32-x64\bin;C:\Program Files\MySQL\MySQL Shell 8.0\bin\;C:\Users\DELL\AppData\Local\Microsoft\WindowsApps;C:\Program Files\JetBrains\IntelliJ IDEA Community Edition 2023.1.2\bin;C:\Users\DELL\AppData\Local\GitHubDesktop\bin;C:\Users\DELL\AppData\Roaming\npm;C:\WINDOWS\system32;C:\WINDOWS;C:\WINDOWS\System32\Wbem;C:\WINDOWS\System32\WindowsPowerShell\v1.0\;C:\WINDOWS\System32\OpenSSH\;C:\Program Files\nodejs\;c:\users\dell\appdata\roaming\python\python311;C:\apache-maven-3.9.6\bin;C:\\Python311\\Scripts\\;C:\Program Files\MySQL\MySQL Shell 8.0\bin\;C:\Users\DELL\AppData\Local\Microsoft\WindowsApps;C:\Users\DELL\AppData\Local\Programs\Microsoft VS Code\bin;C:\Program Files\JetBrains\IntelliJ IDEA Community Edition 2023.1.2\bin;;C:\mongosh-1.10.5-win32-x64\bin;C:\Users\DELL\AppData\Roaming\npm;c:\users\dell\appdata\roaming\python\python311;C:\Program Files\Weka-3-8-6\jre\zulu17.32.13-ca-fx-jre17.0.2-win_x64\bin;C:\\Python311\\Scripts\\;
USERNAME=DELL
OS=Windows_NT
PROCESSOR_IDENTIFIER=Intel64 Family 6 Model 142 Stepping 12, GenuineIntel
TMP=C:\Users\DELL\AppData\Local\Temp
TEMP=C:\Users\DELL\AppData\Local\Temp



Periodic native trim disabled


---------------  S Y S T E M  ---------------

OS:
 Windows 11 , 64 bit Build 26010 (10.0.26010.1000)
OS uptime: 3 days 14:27 hours
Hyper-V role detected

CPU: total 8 (initial active 8) (4 cores per cpu, 2 threads per core) family 6 model 142 stepping 12 microcode 0xf8, cx8, cmov, fxsr, ht, mmx, 3dnowpref, sse, sse2, sse3, ssse3, sse4.1, sse4.2, popcnt, lzcnt, tsc, tscinvbit, avx, avx2, aes, erms, clmul, bmi1, bmi2, adx, fma, vzeroupper, clflush, clflushopt, hv
Processor Information for all 8 processors :
  Max Mhz: 2208, Current Mhz: 1706, Mhz Limit: 1700

Memory: 4k page, system-wide physical 7792M (478M free)
TotalPageFile size 20315M (AvailPageFile size 13M)
current process WorkingSet (physical memory assigned to process): 235M, peak: 235M
current process commit charge ("private bytes"): 335M, peak: 337M

vm_info: OpenJDK 64-Bit Server VM (17.0.9+9) for windows-amd64 JRE (17.0.9+9), built on Oct 26 2023 14:01:42 by "admin" with MS VC++ 16.10 / 16.11 (VS2019)

END.
