#
# There is insufficient memory for the Java Runtime Environment to continue.
# Native memory allocation (malloc) failed to allocate 1048576 bytes for AllocateHeap
# Possible reasons:
#   The system is out of physical RAM or swap space
#   The process is running with CompressedOops enabled, and the Java Heap may be blocking the growth of the native heap
# Possible solutions:
#   Reduce memory load on the system
#   Increase physical memory or swap space
#   Check if swap backing store is full
#   Decrease Java heap size (-Xmx/-Xms)
#   Decrease number of Java threads
#   Decrease Java thread stack sizes (-Xss)
#   Set larger code cache with -XX:ReservedCodeCacheSize=
#   JVM is running with Unscaled Compressed Oops mode in which the Java heap is
#     placed in the first 4GB address space. The Java Heap base address is the
#     maximum limit for the native heap growth. Please use -XX:HeapBaseMinAddress
#     to set the Java Heap base and to place the Java Heap above 4GB virtual address.
# This output file may be truncated or incomplete.
#
#  Out of Memory Error (allocation.cpp:44), pid=14344, tid=18404
#
# JRE version: OpenJDK Runtime Environment Temurin-17.0.9+9 (17.0.9+9) (build 17.0.9+9)
# Java VM: OpenJDK 64-Bit Server VM Temurin-17.0.9+9 (17.0.9+9, mixed mode, emulated-client, tiered, compressed oops, compressed class ptrs, g1 gc, windows-amd64)
# No core dump will be written. Minidumps are not enabled by default on client versions of Windows
#

---------------  S U M M A R Y ------------

Command Line: -XX:+HeapDumpOnOutOfMemoryError -Xmx1024m -Dsts.lsp.client=vscode -Dsts.log.file=/dev/null -XX:TieredStopAtLevel=1 -Xlog:jni+resolve=off -Dspring.config.location=file:c:\Users\DELL\.vscode\extensions\vmware.vscode-spring-boot-1.51.0\language-server\BOOT-INF\classes\application.properties org.springframework.ide.vscode.boot.app.BootLanguageServerBootApp

Host: Intel(R) Core(TM) i5-10310U CPU @ 1.70GHz, 8 cores, 7G,  Windows 11 , 64 bit Build 26010 (10.0.26010.1000)
Time: Wed Dec 20 12:03:37 2023 India Standard Time elapsed time: 72363.201121 seconds (0d 20h 6m 3s)

---------------  T H R E A D  ---------------

Current thread (0x000001e357d9fa00):  VMThread "VM Thread" [stack: 0x0000000c31800000,0x0000000c31900000] [id=18404]

Stack: [0x0000000c31800000,0x0000000c31900000]
Native frames: (J=compiled Java code, j=interpreted, Vv=VM code, C=native code)
V  [jvm.dll+0x67cf49]
V  [jvm.dll+0x83478a]
V  [jvm.dll+0x83624e]
V  [jvm.dll+0x8368b3]
V  [jvm.dll+0x247f1f]
V  [jvm.dll+0xa6b4b]
V  [jvm.dll+0x2f8e73]
V  [jvm.dll+0x2f4af0]
V  [jvm.dll+0x2dd0d7]
V  [jvm.dll+0x320357]
V  [jvm.dll+0x83adab]
V  [jvm.dll+0x83baf1]
V  [jvm.dll+0x83c00d]
V  [jvm.dll+0x83c3e4]
V  [jvm.dll+0x83c4b0]
V  [jvm.dll+0x7e3c3a]
V  [jvm.dll+0x67be35]
C  [ucrtbase.dll+0x6e350]
C  [KERNEL32.DLL+0x11f67]
C  [ntdll.dll+0x33570]

VM_Operation (0x0000000c32dfebd0): G1CollectFull, mode: safepoint, requested by thread 0x000001e35d938030


---------------  P R O C E S S  ---------------

Threads class SMR info:
_java_thread_list=0x000001e35e4ada50, length=36, elements={
0x000001e357dc0860, 0x000001e357dc1ad0, 0x000001e35c00a4a0, 0x000001e35c00ce80,
0x000001e35c00f760, 0x000001e357df8400, 0x000001e357dfa3b0, 0x000001e35c0128a0,
0x000001e35c233800, 0x000001e35c250560, 0x000001e35d649f70, 0x000001e35d938030,
0x000001e35d887860, 0x000001e34af93730, 0x000001e35cbe4bf0, 0x000001e35d84b320,
0x000001e35d0ee020, 0x000001e35d0ea870, 0x000001e35d0ead80, 0x000001e35d0ec6d0,
0x000001e35d0ebcb0, 0x000001e35d0eb290, 0x000001e35d0eb7a0, 0x000001e35da05df0,
0x000001e35da06810, 0x000001e35da03060, 0x000001e35da04ec0, 0x000001e35da053d0,
0x000001e35d0ed0f0, 0x000001e35d0ec1c0, 0x000001e35d0ecbe0, 0x000001e35db816d0,
0x000001e35db7d500, 0x000001e35db81be0, 0x000001e35db7fd80, 0x000001e35db807a0
}

Java Threads: ( => current thread )
  0x000001e357dc0860 JavaThread "Reference Handler" daemon [_thread_blocked, id=12024, stack(0x0000000c31900000,0x0000000c31a00000)]
  0x000001e357dc1ad0 JavaThread "Finalizer" daemon [_thread_blocked, id=11268, stack(0x0000000c31a00000,0x0000000c31b00000)]
  0x000001e35c00a4a0 JavaThread "Signal Dispatcher" daemon [_thread_blocked, id=1604, stack(0x0000000c31b00000,0x0000000c31c00000)]
  0x000001e35c00ce80 JavaThread "Attach Listener" daemon [_thread_blocked, id=20000, stack(0x0000000c31c00000,0x0000000c31d00000)]
  0x000001e35c00f760 JavaThread "Service Thread" daemon [_thread_blocked, id=4228, stack(0x0000000c31d00000,0x0000000c31e00000)]
  0x000001e357df8400 JavaThread "Monitor Deflation Thread" daemon [_thread_blocked, id=14728, stack(0x0000000c31e00000,0x0000000c31f00000)]
  0x000001e357dfa3b0 JavaThread "C1 CompilerThread0" daemon [_thread_blocked, id=7832, stack(0x0000000c31f00000,0x0000000c32000000)]
  0x000001e35c0128a0 JavaThread "Sweeper thread" daemon [_thread_blocked, id=17876, stack(0x0000000c32000000,0x0000000c32100000)]
  0x000001e35c233800 JavaThread "Notification Thread" daemon [_thread_blocked, id=15116, stack(0x0000000c32200000,0x0000000c32300000)]
  0x000001e35c250560 JavaThread "Common-Cleaner" daemon [_thread_blocked, id=20940, stack(0x0000000c32400000,0x0000000c32500000)]
  0x000001e35d649f70 JavaThread "boundedElastic-evictor-1" daemon [_thread_blocked, id=6204, stack(0x0000000c32c00000,0x0000000c32d00000)]
  0x000001e35d938030 JavaThread "pool-12-thread-1" [_thread_blocked, id=376, stack(0x0000000c32d00000,0x0000000c32e00000)]
  0x000001e35d887860 JavaThread "LanguageServerApp-lifecycle" [_thread_blocked, id=13652, stack(0x0000000c33000000,0x0000000c33100000)]
  0x000001e34af93730 JavaThread "DestroyJavaVM" [_thread_blocked, id=5212, stack(0x0000000c31200000,0x0000000c31300000)]
  0x000001e35cbe4bf0 JavaThread "pool-13-thread-1" [_thread_in_native, id=18648, stack(0x0000000c33100000,0x0000000c33200000)]
  0x000001e35d84b320 JavaThread "Simple-Language-Server main thread" daemon [_thread_blocked, id=19976, stack(0x0000000c33200000,0x0000000c33300000)]
  0x000001e35d0ee020 JavaThread "pool-8-thread-1" [_thread_blocked, id=8548, stack(0x0000000c33800000,0x0000000c33900000)]
  0x000001e35d0ea870 JavaThread "parallel-1" daemon [_thread_blocked, id=15748, stack(0x0000000c33900000,0x0000000c33a00000)]
  0x000001e35d0ead80 JavaThread "parallel-2" daemon [_thread_blocked, id=22392, stack(0x0000000c33a00000,0x0000000c33b00000)]
  0x000001e35d0ec6d0 JavaThread "pool-6-thread-1" [_thread_blocked, id=2024, stack(0x0000000c33b00000,0x0000000c33c00000)]
  0x000001e35d0ebcb0 JavaThread "parallel-3" daemon [_thread_blocked, id=10968, stack(0x0000000c33c00000,0x0000000c33d00000)]
  0x000001e35d0eb290 JavaThread "parallel-4" daemon [_thread_blocked, id=8272, stack(0x0000000c33d00000,0x0000000c33e00000)]
  0x000001e35d0eb7a0 JavaThread "parallel-5" daemon [_thread_blocked, id=21176, stack(0x0000000c33e00000,0x0000000c33f00000)]
  0x000001e35da05df0 JavaThread "parallel-6" daemon [_thread_blocked, id=16308, stack(0x0000000c34300000,0x0000000c34400000)]
  0x000001e35da06810 JavaThread "parallel-7" daemon [_thread_blocked, id=15404, stack(0x0000000c34400000,0x0000000c34500000)]
  0x000001e35da03060 JavaThread "parallel-8" daemon [_thread_blocked, id=6296, stack(0x0000000c34500000,0x0000000c34600000)]
  0x000001e35da04ec0 JavaThread "Reconciler-1" daemon [_thread_blocked, id=15912, stack(0x0000000c34600000,0x0000000c34700000)]
  0x000001e35da053d0 JavaThread "pool-9-thread-1" [_thread_blocked, id=22572, stack(0x0000000c33600000,0x0000000c33700000)]
  0x000001e35d0ed0f0 JavaThread "pool-9-thread-2" [_thread_blocked, id=21816, stack(0x0000000c33700000,0x0000000c33800000)]
  0x000001e35d0ec1c0 JavaThread "pool-9-thread-3" [_thread_blocked, id=8020, stack(0x0000000c33f00000,0x0000000c34000000)]
  0x000001e35d0ecbe0 JavaThread "pool-7-thread-1" [_thread_blocked, id=15812, stack(0x0000000c34000000,0x0000000c34100000)]
  0x000001e35db816d0 JavaThread "RMI Scheduler(0)" daemon [_thread_blocked, id=2912, stack(0x0000000c33500000,0x0000000c33600000)]
  0x000001e35db7d500 JavaThread "pool-7-thread-2" [_thread_blocked, id=22628, stack(0x0000000c34800000,0x0000000c34900000)]
  0x000001e35db81be0 JavaThread "pool-7-thread-3" [_thread_blocked, id=2624, stack(0x0000000c34900000,0x0000000c34a00000)]
  0x000001e35db7fd80 JavaThread "pool-7-thread-4" [_thread_blocked, id=20920, stack(0x0000000c34b00000,0x0000000c34c00000)]
  0x000001e35db807a0 JavaThread "pool-7-thread-5" [_thread_blocked, id=21508, stack(0x0000000c33300000,0x0000000c33400000)]

Other Threads:
=>0x000001e357d9fa00 VMThread "VM Thread" [stack: 0x0000000c31800000,0x0000000c31900000] [id=18404]
  0x000001e35c23c0f0 WatcherThread [stack: 0x0000000c32300000,0x0000000c32400000] [id=22108]
  0x000001e34afd1b10 GCTaskThread "GC Thread#0" [stack: 0x0000000c31300000,0x0000000c31400000] [id=16108]
  0x000001e35c0b92a0 GCTaskThread "GC Thread#1" [stack: 0x0000000c32500000,0x0000000c32600000] [id=17612]
  0x000001e35cea0980 GCTaskThread "GC Thread#2" [stack: 0x0000000c32600000,0x0000000c32700000] [id=1548]
  0x000001e35c1b68d0 GCTaskThread "GC Thread#3" [stack: 0x0000000c32700000,0x0000000c32800000] [id=4436]
  0x000001e35c9c8a90 GCTaskThread "GC Thread#4" [stack: 0x0000000c32900000,0x0000000c32a00000] [id=11916]
  0x000001e35ce80ba0 GCTaskThread "GC Thread#5" [stack: 0x0000000c32a00000,0x0000000c32b00000] [id=5972]
  0x000001e35ca196f0 GCTaskThread "GC Thread#6" [stack: 0x0000000c32b00000,0x0000000c32c00000] [id=11304]
  0x000001e35d300ed0 GCTaskThread "GC Thread#7" [stack: 0x0000000c32e00000,0x0000000c32f00000] [id=9164]
  0x000001e34afdb980 ConcurrentGCThread "G1 Main Marker" [stack: 0x0000000c31400000,0x0000000c31500000] [id=16012]
  0x000001e34afdc2b0 ConcurrentGCThread "G1 Conc#0" [stack: 0x0000000c31500000,0x0000000c31600000] [id=19212]
  0x000001e35d3013a0 ConcurrentGCThread "G1 Conc#1" [stack: 0x0000000c32f00000,0x0000000c33000000] [id=9596]
  0x000001e34b03dbb0 ConcurrentGCThread "G1 Refine#0" [stack: 0x0000000c31600000,0x0000000c31700000] [id=21616]
  0x000001e34b03e4f0 ConcurrentGCThread "G1 Service" [stack: 0x0000000c31700000,0x0000000c31800000] [id=14024]

Threads with active compile tasks:

VM state: at safepoint (normal execution)

VM Mutex/Monitor currently owned by a thread:  ([mutex/lock_event])
[0x000001e34af8e2a0] Threads_lock - owner thread: 0x000001e357d9fa00
[0x000001e34af8f380] Heap_lock - owner thread: 0x000001e35d938030

Heap address: 0x00000000c0000000, size: 1024 MB, Compressed Oops mode: 32-bit

CDS archive(s) not mapped
Compressed class space mapped at: 0x0000000100000000-0x0000000140000000, reserved size: 1073741824
Narrow klass base: 0x0000000000000000, Narrow klass shift: 3, Narrow klass range: 0x140000000

GC Precious Log:
 CPUs: 8 total, 8 available
 Memory: 7792M
 Large Page Support: Disabled
 NUMA Support: Disabled
 Compressed Oops: Enabled (32-bit)
 Heap Region Size: 1M
 Heap Min Capacity: 8M
 Heap Initial Capacity: 122M
 Heap Max Capacity: 1G
 Pre-touch: Disabled
 Parallel Workers: 8
 Concurrent Workers: 2
 Concurrent Refinement Workers: 8
 Periodic GC: Disabled

Heap:
 garbage-first heap   total 112640K, used 33759K [0x00000000c0000000, 0x0000000100000000)
  region size 1024K, 1 young (1024K), 0 survivors (0K)
 Metaspace       used 61734K, committed 62464K, reserved 1114112K
  class space    used 7753K, committed 8064K, reserved 1048576K

Heap Regions: E=young(eden), S=young(survivor), O=old, HS=humongous(starts), HC=humongous(continues), CS=collection set, F=free, OA=open archive, CA=closed archive, TAMS=top-at-mark-start (previous, next)
|   0|0x00000000c0000000, 0x00000000c0100000, 0x00000000c0100000|100%|HS|  |TAMS 0x00000000c0100000, 0x00000000c0000000| Untracked 
|   1|0x00000000c0100000, 0x00000000c0200000, 0x00000000c0200000|100%|HC|  |TAMS 0x00000000c0200000, 0x00000000c0100000| Untracked 
|   2|0x00000000c0200000, 0x00000000c0300000, 0x00000000c0300000|100%|HC|  |TAMS 0x00000000c0300000, 0x00000000c0200000| Untracked 
|   3|0x00000000c0300000, 0x00000000c0400000, 0x00000000c0400000|100%|HC|  |TAMS 0x00000000c0400000, 0x00000000c0300000| Untracked 
|   4|0x00000000c0400000, 0x00000000c0500000, 0x00000000c0500000|100%| O|  |TAMS 0x00000000c0500000, 0x00000000c0400000| Untracked 
|   5|0x00000000c0500000, 0x00000000c05fffd0, 0x00000000c0600000| 99%| O|  |TAMS 0x00000000c05fffd0, 0x00000000c0500000| Untracked 
|   6|0x00000000c0600000, 0x00000000c06fffb0, 0x00000000c0700000| 99%| O|  |TAMS 0x00000000c06fffb0, 0x00000000c0600000| Untracked 
|   7|0x00000000c0700000, 0x00000000c07fffe8, 0x00000000c0800000| 99%| O|  |TAMS 0x00000000c07fffe8, 0x00000000c0700000| Untracked 
|   8|0x00000000c0800000, 0x00000000c0900000, 0x00000000c0900000|100%| O|  |TAMS 0x00000000c0900000, 0x00000000c0800000| Untracked 
|   9|0x00000000c0900000, 0x00000000c0a00000, 0x00000000c0a00000|100%| O|  |TAMS 0x00000000c0a00000, 0x00000000c0900000| Untracked 
|  10|0x00000000c0a00000, 0x00000000c0afe560, 0x00000000c0b00000| 99%| O|  |TAMS 0x00000000c0afe560, 0x00000000c0a00000| Untracked 
|  11|0x00000000c0b00000, 0x00000000c0bffff8, 0x00000000c0c00000| 99%| O|  |TAMS 0x00000000c0bffff8, 0x00000000c0b00000| Untracked 
|  12|0x00000000c0c00000, 0x00000000c0d00000, 0x00000000c0d00000|100%| O|  |TAMS 0x00000000c0d00000, 0x00000000c0c00000| Untracked 
|  13|0x00000000c0d00000, 0x00000000c0dfff48, 0x00000000c0e00000| 99%| O|  |TAMS 0x00000000c0dfff48, 0x00000000c0d00000| Untracked 
|  14|0x00000000c0e00000, 0x00000000c0effff8, 0x00000000c0f00000| 99%| O|  |TAMS 0x00000000c0effff8, 0x00000000c0e00000| Untracked 
|  15|0x00000000c0f00000, 0x00000000c0fffff8, 0x00000000c1000000| 99%| O|  |TAMS 0x00000000c0fffff8, 0x00000000c0f00000| Untracked 
|  16|0x00000000c1000000, 0x00000000c1100000, 0x00000000c1100000|100%| O|  |TAMS 0x00000000c1100000, 0x00000000c1000000| Untracked 
|  17|0x00000000c1100000, 0x00000000c11fffc8, 0x00000000c1200000| 99%| O|  |TAMS 0x00000000c11fffc8, 0x00000000c1100000| Untracked 
|  18|0x00000000c1200000, 0x00000000c1300000, 0x00000000c1300000|100%| O|  |TAMS 0x00000000c1300000, 0x00000000c1200000| Untracked 
|  19|0x00000000c1300000, 0x00000000c13ffff8, 0x00000000c1400000| 99%| O|  |TAMS 0x00000000c13ffff8, 0x00000000c1300000| Untracked 
|  20|0x00000000c1400000, 0x00000000c14fffd8, 0x00000000c1500000| 99%| O|  |TAMS 0x00000000c14fffd8, 0x00000000c1400000| Untracked 
|  21|0x00000000c1500000, 0x00000000c15fffe0, 0x00000000c1600000| 99%| O|  |TAMS 0x00000000c15fffe0, 0x00000000c1500000| Untracked 
|  22|0x00000000c1600000, 0x00000000c16fffc8, 0x00000000c1700000| 99%| O|  |TAMS 0x00000000c16fffc8, 0x00000000c1600000| Untracked 
|  23|0x00000000c1700000, 0x00000000c17ffff8, 0x00000000c1800000| 99%| O|  |TAMS 0x00000000c17ffff8, 0x00000000c1700000| Untracked 
|  24|0x00000000c1800000, 0x00000000c18ffff8, 0x00000000c1900000| 99%| O|  |TAMS 0x00000000c18ffff8, 0x00000000c1800000| Untracked 
|  25|0x00000000c1900000, 0x00000000c19fffd8, 0x00000000c1a00000| 99%| O|  |TAMS 0x00000000c19fffd8, 0x00000000c1900000| Untracked 
|  26|0x00000000c1a00000, 0x00000000c1affff0, 0x00000000c1b00000| 99%| O|  |TAMS 0x00000000c1affff0, 0x00000000c1a00000| Untracked 
|  27|0x00000000c1b00000, 0x00000000c1bfb5b8, 0x00000000c1c00000| 98%| O|  |TAMS 0x00000000c1bfb5b8, 0x00000000c1b00000| Untracked 
|  28|0x00000000c1c00000, 0x00000000c1cfde90, 0x00000000c1d00000| 99%| O|  |TAMS 0x00000000c1cfde90, 0x00000000c1c00000| Untracked 
|  29|0x00000000c1d00000, 0x00000000c1dfffe0, 0x00000000c1e00000| 99%| O|  |TAMS 0x00000000c1dfffe0, 0x00000000c1d00000| Untracked 
|  30|0x00000000c1e00000, 0x00000000c1efffb0, 0x00000000c1f00000| 99%| O|  |TAMS 0x00000000c1efffb0, 0x00000000c1e00000| Untracked 
|  31|0x00000000c1f00000, 0x00000000c1fffff0, 0x00000000c2000000| 99%| O|  |TAMS 0x00000000c1fffff0, 0x00000000c1f00000| Untracked 
|  32|0x00000000c2000000, 0x00000000c20008f8, 0x00000000c2100000|  0%| O|  |TAMS 0x00000000c2000000, 0x00000000c2000000| Untracked 
|  33|0x00000000c2100000, 0x00000000c2100000, 0x00000000c2200000|  0%| F|  |TAMS 0x00000000c2100000, 0x00000000c2100000| Untracked 
|  34|0x00000000c2200000, 0x00000000c2200000, 0x00000000c2300000|  0%| F|  |TAMS 0x00000000c2200000, 0x00000000c2200000| Untracked 
|  35|0x00000000c2300000, 0x00000000c2300000, 0x00000000c2400000|  0%| F|  |TAMS 0x00000000c2300000, 0x00000000c2300000| Untracked 
|  36|0x00000000c2400000, 0x00000000c24fffd0, 0x00000000c2500000| 99%| O|  |TAMS 0x00000000c24fffd0, 0x00000000c2400000| Untracked 
|  37|0x00000000c2500000, 0x00000000c2500000, 0x00000000c2600000|  0%| F|  |TAMS 0x00000000c2500000, 0x00000000c2500000| Untracked 
|  38|0x00000000c2600000, 0x00000000c2600000, 0x00000000c2700000|  0%| F|  |TAMS 0x00000000c2600000, 0x00000000c2600000| Untracked 
|  39|0x00000000c2700000, 0x00000000c2700000, 0x00000000c2800000|  0%| F|  |TAMS 0x00000000c2700000, 0x00000000c2700000| Untracked 
|  40|0x00000000c2800000, 0x00000000c2800000, 0x00000000c2900000|  0%| F|  |TAMS 0x00000000c2800000, 0x00000000c2800000| Untracked 
|  41|0x00000000c2900000, 0x00000000c2900000, 0x00000000c2a00000|  0%| F|  |TAMS 0x00000000c2900000, 0x00000000c2900000| Untracked 
|  42|0x00000000c2a00000, 0x00000000c2a00000, 0x00000000c2b00000|  0%| F|  |TAMS 0x00000000c2a00000, 0x00000000c2a00000| Untracked 
|  43|0x00000000c2b00000, 0x00000000c2b00000, 0x00000000c2c00000|  0%| F|  |TAMS 0x00000000c2b00000, 0x00000000c2b00000| Untracked 
|  44|0x00000000c2c00000, 0x00000000c2c00000, 0x00000000c2d00000|  0%| F|  |TAMS 0x00000000c2c00000, 0x00000000c2c00000| Untracked 
|  45|0x00000000c2d00000, 0x00000000c2d00000, 0x00000000c2e00000|  0%| F|  |TAMS 0x00000000c2d00000, 0x00000000c2d00000| Untracked 
|  46|0x00000000c2e00000, 0x00000000c2e00000, 0x00000000c2f00000|  0%| F|  |TAMS 0x00000000c2e00000, 0x00000000c2e00000| Untracked 
|  47|0x00000000c2f00000, 0x00000000c2f00000, 0x00000000c3000000|  0%| F|  |TAMS 0x00000000c2f00000, 0x00000000c2f00000| Untracked 
|  48|0x00000000c3000000, 0x00000000c3000000, 0x00000000c3100000|  0%| F|  |TAMS 0x00000000c3000000, 0x00000000c3000000| Untracked 
|  49|0x00000000c3100000, 0x00000000c3100000, 0x00000000c3200000|  0%| F|  |TAMS 0x00000000c3100000, 0x00000000c3100000| Untracked 
|  50|0x00000000c3200000, 0x00000000c3200000, 0x00000000c3300000|  0%| F|  |TAMS 0x00000000c3200000, 0x00000000c3200000| Untracked 
|  51|0x00000000c3300000, 0x00000000c3300000, 0x00000000c3400000|  0%| F|  |TAMS 0x00000000c3300000, 0x00000000c3300000| Untracked 
|  52|0x00000000c3400000, 0x00000000c3400000, 0x00000000c3500000|  0%| F|  |TAMS 0x00000000c3400000, 0x00000000c3400000| Untracked 
|  53|0x00000000c3500000, 0x00000000c3500000, 0x00000000c3600000|  0%| F|  |TAMS 0x00000000c3500000, 0x00000000c3500000| Untracked 
|  54|0x00000000c3600000, 0x00000000c3600000, 0x00000000c3700000|  0%| F|  |TAMS 0x00000000c3600000, 0x00000000c3600000| Untracked 
|  55|0x00000000c3700000, 0x00000000c3700000, 0x00000000c3800000|  0%| F|  |TAMS 0x00000000c3700000, 0x00000000c3700000| Untracked 
|  56|0x00000000c3800000, 0x00000000c3800000, 0x00000000c3900000|  0%| F|  |TAMS 0x00000000c3800000, 0x00000000c3800000| Untracked 
|  57|0x00000000c3900000, 0x00000000c3900000, 0x00000000c3a00000|  0%| F|  |TAMS 0x00000000c3900000, 0x00000000c3900000| Untracked 
|  58|0x00000000c3a00000, 0x00000000c3a00000, 0x00000000c3b00000|  0%| F|  |TAMS 0x00000000c3a00000, 0x00000000c3a00000| Untracked 
|  59|0x00000000c3b00000, 0x00000000c3b00000, 0x00000000c3c00000|  0%| F|  |TAMS 0x00000000c3b00000, 0x00000000c3b00000| Untracked 
|  60|0x00000000c3c00000, 0x00000000c3c00000, 0x00000000c3d00000|  0%| F|  |TAMS 0x00000000c3c00000, 0x00000000c3c00000| Untracked 
|  61|0x00000000c3d00000, 0x00000000c3d00000, 0x00000000c3e00000|  0%| F|  |TAMS 0x00000000c3d00000, 0x00000000c3d00000| Untracked 
|  62|0x00000000c3e00000, 0x00000000c3e00000, 0x00000000c3f00000|  0%| F|  |TAMS 0x00000000c3e00000, 0x00000000c3e00000| Untracked 
|  63|0x00000000c3f00000, 0x00000000c3f00000, 0x00000000c4000000|  0%| F|  |TAMS 0x00000000c3f00000, 0x00000000c3f00000| Untracked 
|  64|0x00000000c4000000, 0x00000000c4000000, 0x00000000c4100000|  0%| F|  |TAMS 0x00000000c4000000, 0x00000000c4000000| Untracked 
|  65|0x00000000c4100000, 0x00000000c4100000, 0x00000000c4200000|  0%| F|  |TAMS 0x00000000c4100000, 0x00000000c4100000| Untracked 
|  66|0x00000000c4200000, 0x00000000c4200000, 0x00000000c4300000|  0%| F|  |TAMS 0x00000000c4200000, 0x00000000c4200000| Untracked 
|  67|0x00000000c4300000, 0x00000000c4300000, 0x00000000c4400000|  0%| F|  |TAMS 0x00000000c4300000, 0x00000000c4300000| Untracked 
|  68|0x00000000c4400000, 0x00000000c4400000, 0x00000000c4500000|  0%| F|  |TAMS 0x00000000c4400000, 0x00000000c4400000| Untracked 
|  69|0x00000000c4500000, 0x00000000c4500000, 0x00000000c4600000|  0%| F|  |TAMS 0x00000000c4500000, 0x00000000c4500000| Untracked 
|  70|0x00000000c4600000, 0x00000000c4600000, 0x00000000c4700000|  0%| F|  |TAMS 0x00000000c4600000, 0x00000000c4600000| Untracked 
|  71|0x00000000c4700000, 0x00000000c4700000, 0x00000000c4800000|  0%| F|  |TAMS 0x00000000c4700000, 0x00000000c4700000| Untracked 
|  72|0x00000000c4800000, 0x00000000c4800000, 0x00000000c4900000|  0%| F|  |TAMS 0x00000000c4800000, 0x00000000c4800000| Untracked 
|  73|0x00000000c4900000, 0x00000000c4900000, 0x00000000c4a00000|  0%| F|  |TAMS 0x00000000c4900000, 0x00000000c4900000| Untracked 
|  74|0x00000000c4a00000, 0x00000000c4a00000, 0x00000000c4b00000|  0%| F|  |TAMS 0x00000000c4a00000, 0x00000000c4a00000| Untracked 
|  75|0x00000000c4b00000, 0x00000000c4b00000, 0x00000000c4c00000|  0%| F|  |TAMS 0x00000000c4b00000, 0x00000000c4b00000| Untracked 
|  76|0x00000000c4c00000, 0x00000000c4c00000, 0x00000000c4d00000|  0%| F|  |TAMS 0x00000000c4c00000, 0x00000000c4c00000| Untracked 
|  77|0x00000000c4d00000, 0x00000000c4d00000, 0x00000000c4e00000|  0%| F|  |TAMS 0x00000000c4d00000, 0x00000000c4d00000| Untracked 
|  78|0x00000000c4e00000, 0x00000000c4e00000, 0x00000000c4f00000|  0%| F|  |TAMS 0x00000000c4e00000, 0x00000000c4e00000| Untracked 
|  79|0x00000000c4f00000, 0x00000000c4f00000, 0x00000000c5000000|  0%| F|  |TAMS 0x00000000c4f00000, 0x00000000c4f00000| Untracked 
|  80|0x00000000c5000000, 0x00000000c5000000, 0x00000000c5100000|  0%| F|  |TAMS 0x00000000c5000000, 0x00000000c5000000| Untracked 
|  81|0x00000000c5100000, 0x00000000c5100000, 0x00000000c5200000|  0%| F|  |TAMS 0x00000000c5100000, 0x00000000c5100000| Untracked 
|  82|0x00000000c5200000, 0x00000000c5200000, 0x00000000c5300000|  0%| F|  |TAMS 0x00000000c5200000, 0x00000000c5200000| Untracked 
|  83|0x00000000c5300000, 0x00000000c5300000, 0x00000000c5400000|  0%| F|  |TAMS 0x00000000c5300000, 0x00000000c5300000| Untracked 
|  84|0x00000000c5400000, 0x00000000c5400000, 0x00000000c5500000|  0%| F|  |TAMS 0x00000000c5400000, 0x00000000c5400000| Untracked 
|  85|0x00000000c5500000, 0x00000000c5500000, 0x00000000c5600000|  0%| F|  |TAMS 0x00000000c5500000, 0x00000000c5500000| Untracked 
|  86|0x00000000c5600000, 0x00000000c5600000, 0x00000000c5700000|  0%| F|  |TAMS 0x00000000c5600000, 0x00000000c5600000| Untracked 
|  87|0x00000000c5700000, 0x00000000c5700000, 0x00000000c5800000|  0%| F|  |TAMS 0x00000000c5700000, 0x00000000c5700000| Untracked 
|  88|0x00000000c5800000, 0x00000000c5800000, 0x00000000c5900000|  0%| F|  |TAMS 0x00000000c5800000, 0x00000000c5800000| Untracked 
|  89|0x00000000c5900000, 0x00000000c5900000, 0x00000000c5a00000|  0%| F|  |TAMS 0x00000000c5900000, 0x00000000c5900000| Untracked 
|  90|0x00000000c5a00000, 0x00000000c5a00000, 0x00000000c5b00000|  0%| F|  |TAMS 0x00000000c5a00000, 0x00000000c5a00000| Untracked 
|  91|0x00000000c5b00000, 0x00000000c5b00000, 0x00000000c5c00000|  0%| F|  |TAMS 0x00000000c5b00000, 0x00000000c5b00000| Untracked 
|  92|0x00000000c5c00000, 0x00000000c5c00000, 0x00000000c5d00000|  0%| F|  |TAMS 0x00000000c5c00000, 0x00000000c5c00000| Untracked 
|  93|0x00000000c5d00000, 0x00000000c5d00000, 0x00000000c5e00000|  0%| F|  |TAMS 0x00000000c5d00000, 0x00000000c5d00000| Untracked 
|  94|0x00000000c5e00000, 0x00000000c5e00000, 0x00000000c5f00000|  0%| F|  |TAMS 0x00000000c5e00000, 0x00000000c5e00000| Untracked 
|  95|0x00000000c5f00000, 0x00000000c5f00000, 0x00000000c6000000|  0%| F|  |TAMS 0x00000000c5f00000, 0x00000000c5f00000| Untracked 
|  96|0x00000000c6000000, 0x00000000c6000000, 0x00000000c6100000|  0%| F|  |TAMS 0x00000000c6000000, 0x00000000c6000000| Untracked 
|  97|0x00000000c6100000, 0x00000000c6100000, 0x00000000c6200000|  0%| F|  |TAMS 0x00000000c6100000, 0x00000000c6100000| Untracked 
|  98|0x00000000c6200000, 0x00000000c6200000, 0x00000000c6300000|  0%| F|  |TAMS 0x00000000c6200000, 0x00000000c6200000| Untracked 
|  99|0x00000000c6300000, 0x00000000c6300000, 0x00000000c6400000|  0%| F|  |TAMS 0x00000000c6300000, 0x00000000c6300000| Untracked 
| 100|0x00000000c6400000, 0x00000000c6400000, 0x00000000c6500000|  0%| F|  |TAMS 0x00000000c6400000, 0x00000000c6400000| Untracked 
| 101|0x00000000c6500000, 0x00000000c6500000, 0x00000000c6600000|  0%| F|  |TAMS 0x00000000c6500000, 0x00000000c6500000| Untracked 
| 102|0x00000000c6600000, 0x00000000c6600000, 0x00000000c6700000|  0%| F|  |TAMS 0x00000000c6600000, 0x00000000c6600000| Untracked 
| 103|0x00000000c6700000, 0x00000000c6700000, 0x00000000c6800000|  0%| F|  |TAMS 0x00000000c6700000, 0x00000000c6700000| Untracked 
| 104|0x00000000c6800000, 0x00000000c6800000, 0x00000000c6900000|  0%| F|  |TAMS 0x00000000c6800000, 0x00000000c6800000| Untracked 
| 105|0x00000000c6900000, 0x00000000c6900000, 0x00000000c6a00000|  0%| F|  |TAMS 0x00000000c6900000, 0x00000000c6900000| Untracked 
| 106|0x00000000c6a00000, 0x00000000c6a00000, 0x00000000c6b00000|  0%| F|  |TAMS 0x00000000c6a00000, 0x00000000c6a00000| Untracked 
| 107|0x00000000c6b00000, 0x00000000c6b00000, 0x00000000c6c00000|  0%| F|  |TAMS 0x00000000c6b00000, 0x00000000c6b00000| Untracked 
| 108|0x00000000c6c00000, 0x00000000c6c00000, 0x00000000c6d00000|  0%| F|  |TAMS 0x00000000c6c00000, 0x00000000c6c00000| Untracked 
| 109|0x00000000c6d00000, 0x00000000c6d058a8, 0x00000000c6e00000|  2%| E|  |TAMS 0x00000000c6d00000, 0x00000000c6d00000| Complete 

Card table byte_map: [0x000001e352f30000,0x000001e353130000] _byte_map_base: 0x000001e352930000

Marking Bits (Prev, Next): (CMBitMap*) 0x000001e34afd3090, (CMBitMap*) 0x000001e34afd3050
 Prev Bits: [0x000001e354330000, 0x000001e355330000)
 Next Bits: [0x000001e353330000, 0x000001e354330000)

Polling page: 0x000001e34b040000

Metaspace:

Usage:
  Non-class:     52.72 MB used.
      Class:      7.57 MB used.
       Both:     60.29 MB used.

Virtual space:
  Non-class space:       64.00 MB reserved,      53.12 MB ( 83%) committed,  1 nodes.
      Class space:        1.00 GB reserved,       7.88 MB ( <1%) committed,  1 nodes.
             Both:        1.06 GB reserved,      61.00 MB (  6%) committed. 

Chunk freelists:
   Non-Class:  10.49 MB
       Class:  8.11 MB
        Both:  18.59 MB

MaxMetaspaceSize: unlimited
CompressedClassSpaceSize: 1.00 GB
Initial GC threshold: 21.00 MB
Current GC threshold: 101.50 MB
CDS: off
MetaspaceReclaimPolicy: balanced
 - commit_granule_bytes: 65536.
 - commit_granule_words: 8192.
 - virtual_space_node_default_size: 8388608.
 - enlarge_chunks_in_place: 1.
 - new_chunks_are_fully_committed: 0.
 - uncommit_free_chunks: 1.
 - use_allocation_guard: 0.
 - handle_deallocations: 1.


Internal statistics:

num_allocs_failed_limit: 6.
num_arena_births: 1040.
num_arena_deaths: 508.
num_vsnodes_births: 2.
num_vsnodes_deaths: 0.
num_space_committed: 976.
num_space_uncommitted: 0.
num_chunks_returned_to_freelist: 656.
num_chunks_taken_from_freelist: 3205.
num_chunk_merges: 215.
num_chunk_splits: 2015.
num_chunks_enlarged: 1418.
num_inconsistent_stats: 0.

CodeCache: size=49152Kb used=19082Kb max_used=20865Kb free=30069Kb
 bounds [0x000001e34f5c0000, 0x000001e350a30000, 0x000001e3525c0000]
 total_blobs=10686 nmethods=10000 adapters=611
 compilation: enabled
              stopped_count=0, restarted_count=0
 full_count=0

Compilation events (20 events):
Event: 67432.312 Thread 0x000001e357dfa3b0 10145       1       org.eclipse.jdt.internal.compiler.ast.UnaryExpression::analyseCode (77 bytes)
Event: 67432.314 Thread 0x000001e357dfa3b0 nmethod 10145 0x000001e3503a8a90 code [0x000001e3503a8c60, 0x000001e3503a8e58]
Event: 67432.314 Thread 0x000001e357dfa3b0 10146       1       org.eclipse.jdt.internal.compiler.ast.UnaryExpression::optimizedBooleanConstant (19 bytes)
Event: 67432.315 Thread 0x000001e357dfa3b0 nmethod 10146 0x000001e3506a4f10 code [0x000001e3506a50a0, 0x000001e3506a5178]
Event: 67432.315 Thread 0x000001e357dfa3b0 10147       1       org.eclipse.jdt.internal.compiler.ast.OR_OR_Expression::generateOptimizedBoolean (472 bytes)
Event: 67432.324 Thread 0x000001e357dfa3b0 nmethod 10147 0x000001e3503a7610 code [0x000001e3503a7920, 0x000001e3503a8498]
Event: 67432.324 Thread 0x000001e357dfa3b0 10148       1       org.eclipse.jdt.core.dom.DefaultASTVisitor::visit (6 bytes)
Event: 67432.326 Thread 0x000001e357dfa3b0 nmethod 10148 0x000001e3503a7310 code [0x000001e3503a74a0, 0x000001e3503a7588]
Event: 67432.326 Thread 0x000001e357dfa3b0 10149       1       org.eclipse.jdt.core.dom.DefaultASTVisitor::endVisit (6 bytes)
Event: 67432.326 Thread 0x000001e357dfa3b0 nmethod 10149 0x000001e3503a7010 code [0x000001e3503a71a0, 0x000001e3503a7288]
Event: 68641.054 Thread 0x000001e357dfa3b0 10150       1       java.security.AccessControlContext::combine (205 bytes)
Event: 68641.065 Thread 0x000001e357dfa3b0 nmethod 10150 0x000001e3503a6510 code [0x000001e3503a6700, 0x000001e3503a6d58]
Event: 68641.066 Thread 0x000001e357dfa3b0 10151       1       ch.qos.logback.classic.Logger::debug (15 bytes)
Event: 68641.083 Thread 0x000001e357dfa3b0 nmethod 10151 0x000001e3503a6210 code [0x000001e3503a63a0, 0x000001e3503a64a8]
Event: 68641.182 Thread 0x000001e357dfa3b0 10152       1       org.eclipse.jdt.internal.compiler.ast.CompilationUnitDeclaration::finalizeProblems (983 bytes)
Event: 68641.251 Thread 0x000001e357dfa3b0 nmethod 10152 0x000001e34fc01c10 code [0x000001e34fc02000, 0x000001e34fc03a48]
Event: 70040.925 Thread 0x000001e357dfa3b0 10153       1       java.util.concurrent.SynchronousQueue$TransferStack$SNode::isCancelled (14 bytes)
Event: 70040.931 Thread 0x000001e357dfa3b0 nmethod 10153 0x000001e34fc01910 code [0x000001e34fc01aa0, 0x000001e34fc01b78]
Event: 70322.588 Thread 0x000001e357dfa3b0 10154       1       org.eclipse.jdt.internal.compiler.codegen.CodeStream::pushTypeBinding (18 bytes)
Event: 70322.602 Thread 0x000001e357dfa3b0 nmethod 10154 0x000001e34fc01090 code [0x000001e34fc01260, 0x000001e34fc01638]

GC Heap History (20 events):
Event: 72256.904 GC heap before
{Heap before GC invocations=4987 (full 4925):
 garbage-first heap   total 112640K, used 33759K [0x00000000c0000000, 0x0000000100000000)
  region size 1024K, 1 young (1024K), 0 survivors (0K)
 Metaspace       used 61734K, committed 62464K, reserved 1114112K
  class space    used 7753K, committed 8064K, reserved 1048576K
}
Event: 72256.940 GC heap after
{Heap after GC invocations=4988 (full 4926):
 garbage-first heap   total 112640K, used 33759K [0x00000000c0000000, 0x0000000100000000)
  region size 1024K, 0 young (0K), 0 survivors (0K)
 Metaspace       used 61734K, committed 62464K, reserved 1114112K
  class space    used 7753K, committed 8064K, reserved 1048576K
}
Event: 72267.138 GC heap before
{Heap before GC invocations=4988 (full 4926):
 garbage-first heap   total 112640K, used 33759K [0x00000000c0000000, 0x0000000100000000)
  region size 1024K, 1 young (1024K), 0 survivors (0K)
 Metaspace       used 61734K, committed 62464K, reserved 1114112K
  class space    used 7753K, committed 8064K, reserved 1048576K
}
Event: 72267.175 GC heap after
{Heap after GC invocations=4989 (full 4927):
 garbage-first heap   total 112640K, used 33759K [0x00000000c0000000, 0x0000000100000000)
  region size 1024K, 0 young (0K), 0 survivors (0K)
 Metaspace       used 61734K, committed 62464K, reserved 1114112K
  class space    used 7753K, committed 8064K, reserved 1048576K
}
Event: 72277.343 GC heap before
{Heap before GC invocations=4989 (full 4927):
 garbage-first heap   total 112640K, used 33759K [0x00000000c0000000, 0x0000000100000000)
  region size 1024K, 1 young (1024K), 0 survivors (0K)
 Metaspace       used 61734K, committed 62464K, reserved 1114112K
  class space    used 7753K, committed 8064K, reserved 1048576K
}
Event: 72277.381 GC heap after
{Heap after GC invocations=4990 (full 4928):
 garbage-first heap   total 112640K, used 33759K [0x00000000c0000000, 0x0000000100000000)
  region size 1024K, 0 young (0K), 0 survivors (0K)
 Metaspace       used 61734K, committed 62464K, reserved 1114112K
  class space    used 7753K, committed 8064K, reserved 1048576K
}
Event: 72287.558 GC heap before
{Heap before GC invocations=4990 (full 4928):
 garbage-first heap   total 112640K, used 33759K [0x00000000c0000000, 0x0000000100000000)
  region size 1024K, 1 young (1024K), 0 survivors (0K)
 Metaspace       used 61734K, committed 62464K, reserved 1114112K
  class space    used 7753K, committed 8064K, reserved 1048576K
}
Event: 72287.600 GC heap after
{Heap after GC invocations=4991 (full 4929):
 garbage-first heap   total 112640K, used 33759K [0x00000000c0000000, 0x0000000100000000)
  region size 1024K, 0 young (0K), 0 survivors (0K)
 Metaspace       used 61734K, committed 62464K, reserved 1114112K
  class space    used 7753K, committed 8064K, reserved 1048576K
}
Event: 72297.806 GC heap before
{Heap before GC invocations=4991 (full 4929):
 garbage-first heap   total 112640K, used 33759K [0x00000000c0000000, 0x0000000100000000)
  region size 1024K, 1 young (1024K), 0 survivors (0K)
 Metaspace       used 61734K, committed 62464K, reserved 1114112K
  class space    used 7753K, committed 8064K, reserved 1048576K
}
Event: 72297.854 GC heap after
{Heap after GC invocations=4992 (full 4930):
 garbage-first heap   total 112640K, used 33759K [0x00000000c0000000, 0x0000000100000000)
  region size 1024K, 0 young (0K), 0 survivors (0K)
 Metaspace       used 61734K, committed 62464K, reserved 1114112K
  class space    used 7753K, committed 8064K, reserved 1048576K
}
Event: 72308.042 GC heap before
{Heap before GC invocations=4992 (full 4930):
 garbage-first heap   total 112640K, used 33759K [0x00000000c0000000, 0x0000000100000000)
  region size 1024K, 1 young (1024K), 0 survivors (0K)
 Metaspace       used 61734K, committed 62464K, reserved 1114112K
  class space    used 7753K, committed 8064K, reserved 1048576K
}
Event: 72308.079 GC heap after
{Heap after GC invocations=4993 (full 4931):
 garbage-first heap   total 112640K, used 33759K [0x00000000c0000000, 0x0000000100000000)
  region size 1024K, 0 young (0K), 0 survivors (0K)
 Metaspace       used 61734K, committed 62464K, reserved 1114112K
  class space    used 7753K, committed 8064K, reserved 1048576K
}
Event: 72318.240 GC heap before
{Heap before GC invocations=4993 (full 4931):
 garbage-first heap   total 112640K, used 33759K [0x00000000c0000000, 0x0000000100000000)
  region size 1024K, 1 young (1024K), 0 survivors (0K)
 Metaspace       used 61734K, committed 62464K, reserved 1114112K
  class space    used 7753K, committed 8064K, reserved 1048576K
}
Event: 72318.275 GC heap after
{Heap after GC invocations=4994 (full 4932):
 garbage-first heap   total 112640K, used 33759K [0x00000000c0000000, 0x0000000100000000)
  region size 1024K, 0 young (0K), 0 survivors (0K)
 Metaspace       used 61734K, committed 62464K, reserved 1114112K
  class space    used 7753K, committed 8064K, reserved 1048576K
}
Event: 72328.585 GC heap before
{Heap before GC invocations=4994 (full 4932):
 garbage-first heap   total 112640K, used 33759K [0x00000000c0000000, 0x0000000100000000)
  region size 1024K, 1 young (1024K), 0 survivors (0K)
 Metaspace       used 61734K, committed 62464K, reserved 1114112K
  class space    used 7753K, committed 8064K, reserved 1048576K
}
Event: 72328.646 GC heap after
{Heap after GC invocations=4995 (full 4933):
 garbage-first heap   total 112640K, used 33759K [0x00000000c0000000, 0x0000000100000000)
  region size 1024K, 0 young (0K), 0 survivors (0K)
 Metaspace       used 61734K, committed 62464K, reserved 1114112K
  class space    used 7753K, committed 8064K, reserved 1048576K
}
Event: 72338.838 GC heap before
{Heap before GC invocations=4995 (full 4933):
 garbage-first heap   total 112640K, used 33759K [0x00000000c0000000, 0x0000000100000000)
  region size 1024K, 1 young (1024K), 0 survivors (0K)
 Metaspace       used 61734K, committed 62464K, reserved 1114112K
  class space    used 7753K, committed 8064K, reserved 1048576K
}
Event: 72338.875 GC heap after
{Heap after GC invocations=4996 (full 4934):
 garbage-first heap   total 112640K, used 33759K [0x00000000c0000000, 0x0000000100000000)
  region size 1024K, 0 young (0K), 0 survivors (0K)
 Metaspace       used 61734K, committed 62464K, reserved 1114112K
  class space    used 7753K, committed 8064K, reserved 1048576K
}
Event: 72349.085 GC heap before
{Heap before GC invocations=4996 (full 4934):
 garbage-first heap   total 112640K, used 33759K [0x00000000c0000000, 0x0000000100000000)
  region size 1024K, 1 young (1024K), 0 survivors (0K)
 Metaspace       used 61734K, committed 62464K, reserved 1114112K
  class space    used 7753K, committed 8064K, reserved 1048576K
}
Event: 72349.142 GC heap after
{Heap after GC invocations=4997 (full 4935):
 garbage-first heap   total 112640K, used 33759K [0x00000000c0000000, 0x0000000100000000)
  region size 1024K, 0 young (0K), 0 survivors (0K)
 Metaspace       used 61734K, committed 62464K, reserved 1114112K
  class space    used 7753K, committed 8064K, reserved 1048576K
}

Dll operation events (11 events):
Event: 0.023 Loaded shared library c:\Users\DELL\.vscode\extensions\redhat.java-1.25.1-win32-x64\jre\17.0.9-win32-x86_64\bin\java.dll
Event: 0.718 Loaded shared library C:\Users\DELL\.vscode\extensions\redhat.java-1.25.1-win32-x64\jre\17.0.9-win32-x86_64\bin\net.dll
Event: 0.727 Loaded shared library C:\Users\DELL\.vscode\extensions\redhat.java-1.25.1-win32-x64\jre\17.0.9-win32-x86_64\bin\nio.dll
Event: 2.356 Loaded shared library C:\Users\DELL\.vscode\extensions\redhat.java-1.25.1-win32-x64\jre\17.0.9-win32-x86_64\bin\zip.dll
Event: 18.395 Loaded shared library C:\Users\DELL\.vscode\extensions\redhat.java-1.25.1-win32-x64\jre\17.0.9-win32-x86_64\bin\jimage.dll
Event: 28.106 Loaded shared library c:\Users\DELL\.vscode\extensions\redhat.java-1.25.1-win32-x64\jre\17.0.9-win32-x86_64\bin\verify.dll
Event: 30.978 Loaded shared library C:\Users\DELL\.vscode\extensions\redhat.java-1.25.1-win32-x64\jre\17.0.9-win32-x86_64\bin\management.dll
Event: 31.030 Loaded shared library C:\Users\DELL\.vscode\extensions\redhat.java-1.25.1-win32-x64\jre\17.0.9-win32-x86_64\bin\management_ext.dll
Event: 32.911 Loaded shared library C:\Users\DELL\.vscode\extensions\redhat.java-1.25.1-win32-x64\jre\17.0.9-win32-x86_64\bin\sunmscapi.dll
Event: 8180.714 Loaded shared library C:\Users\DELL\.vscode\extensions\redhat.java-1.25.1-win32-x64\jre\17.0.9-win32-x86_64\bin\attach.dll
Event: 8181.415 Loaded shared library C:\Users\DELL\.vscode\extensions\redhat.java-1.25.1-win32-x64\jre\17.0.9-win32-x86_64\bin\rmi.dll

Deoptimization events (20 events):
Event: 362.034 Thread 0x000001e35edef670 DEOPT PACKING pc=0x000001e34f7be536 sp=0x0000000c333fcc00
Event: 362.034 Thread 0x000001e35edef670 DEOPT UNPACKING pc=0x000001e34f617143 sp=0x0000000c333fc0f8 mode 3
Event: 3611.645 Thread 0x000001e35da053d0 DEOPT PACKING pc=0x000001e34f8a0175 sp=0x0000000c328fe060
Event: 3611.646 Thread 0x000001e35da053d0 DEOPT UNPACKING pc=0x000001e34f617143 sp=0x0000000c328fd580 mode 3
Event: 3804.514 Thread 0x000001e35da06300 DEOPT PACKING pc=0x000001e35016a920 sp=0x0000000c311fd710
Event: 3804.514 Thread 0x000001e35da06300 DEOPT UNPACKING pc=0x000001e34f617143 sp=0x0000000c311fcb90 mode 3
Event: 7317.174 Thread 0x000001e35da053d0 DEOPT PACKING pc=0x000001e34f78f74b sp=0x0000000c328fdff0
Event: 7317.174 Thread 0x000001e35da053d0 DEOPT UNPACKING pc=0x000001e34f617143 sp=0x0000000c328fd578 mode 3
Event: 7330.270 Thread 0x000001e35da053d0 DEOPT PACKING pc=0x000001e35021d624 sp=0x0000000c328fe3b0
Event: 7330.270 Thread 0x000001e35da053d0 DEOPT UNPACKING pc=0x000001e34f617143 sp=0x0000000c328fd900 mode 0
Event: 7354.970 Thread 0x000001e35da053d0 DEOPT PACKING pc=0x000001e350518747 sp=0x0000000c328fe1f0
Event: 7354.970 Thread 0x000001e35da053d0 DEOPT UNPACKING pc=0x000001e34f617143 sp=0x0000000c328fdc28 mode 3
Event: 8248.466 Thread 0x000001e35da06300 DEOPT PACKING pc=0x000001e34f810726 sp=0x0000000c328fd790
Event: 8248.466 Thread 0x000001e35da06300 DEOPT UNPACKING pc=0x000001e34f617143 sp=0x0000000c328fcd18 mode 0
Event: 8248.484 Thread 0x000001e35da06300 DEOPT PACKING pc=0x000001e35069f194 sp=0x0000000c328fdb40
Event: 8248.484 Thread 0x000001e35da06300 DEOPT UNPACKING pc=0x000001e34f617143 sp=0x0000000c328fd078 mode 0
Event: 8359.960 Thread 0x000001e35db80290 DEOPT PACKING pc=0x000001e3508f5c8f sp=0x0000000c321feb00
Event: 8359.960 Thread 0x000001e35db80290 DEOPT UNPACKING pc=0x000001e34f617143 sp=0x0000000c321fe050 mode 3
Event: 68853.201 Thread 0x000001e35db7e430 DEOPT PACKING pc=0x000001e34fc033bb sp=0x0000000c311fe670
Event: 68853.203 Thread 0x000001e35db7e430 DEOPT UNPACKING pc=0x000001e34f617143 sp=0x0000000c311fdb48 mode 3

Classes unloaded (20 events):
Event: 8513.198 Thread 0x000001e357d9fa00 Unloading class 0x0000000100799c00 'jdk/internal/reflect/GeneratedConstructorAccessor55'
Event: 8513.198 Thread 0x000001e357d9fa00 Unloading class 0x000000010079a800 'jdk/internal/reflect/GeneratedMethodAccessor30'
Event: 8513.198 Thread 0x000001e357d9fa00 Unloading class 0x000000010079d800 'jdk/internal/reflect/GeneratedConstructorAccessor54'
Event: 8513.198 Thread 0x000001e357d9fa00 Unloading class 0x00000001007a4400 'jdk/internal/reflect/GeneratedMethodAccessor29'
Event: 8513.198 Thread 0x000001e357d9fa00 Unloading class 0x00000001007a6400 'jdk/internal/reflect/GeneratedMethodAccessor28'
Event: 8513.198 Thread 0x000001e357d9fa00 Unloading class 0x00000001007a7800 'jdk/internal/reflect/GeneratedMethodAccessor27'
Event: 8513.198 Thread 0x000001e357d9fa00 Unloading class 0x0000000100790400 'jdk/internal/reflect/GeneratedMethodAccessor25'
Event: 8513.198 Thread 0x000001e357d9fa00 Unloading class 0x00000001007b3000 'jdk/internal/reflect/GeneratedMethodAccessor24'
Event: 8513.198 Thread 0x000001e357d9fa00 Unloading class 0x00000001007aa000 'jdk/internal/reflect/GeneratedMethodAccessor23'
Event: 8513.198 Thread 0x000001e357d9fa00 Unloading class 0x00000001007a8800 'jdk/internal/reflect/GeneratedSerializationConstructorAccessor26'
Event: 8513.198 Thread 0x000001e357d9fa00 Unloading class 0x00000001007a6000 'jdk/internal/reflect/GeneratedMethodAccessor21'
Event: 8513.198 Thread 0x000001e357d9fa00 Unloading class 0x00000001007a4000 'jdk/internal/reflect/GeneratedSerializationConstructorAccessor16'
Event: 8513.198 Thread 0x000001e357d9fa00 Unloading class 0x000000010079d400 'jdk/internal/reflect/GeneratedSerializationConstructorAccessor14'
Event: 8513.198 Thread 0x000001e357d9fa00 Unloading class 0x000000010079d000 'jdk/internal/reflect/GeneratedSerializationConstructorAccessor13'
Event: 25691.912 Thread 0x000001e357d9fa00 Unloading class 0x0000000100782400 'jdk/internal/reflect/GeneratedConstructorAccessor68'
Event: 25691.912 Thread 0x000001e357d9fa00 Unloading class 0x0000000100788c00 'jdk/internal/reflect/GeneratedConstructorAccessor67'
Event: 25691.912 Thread 0x000001e357d9fa00 Unloading class 0x0000000100796c00 'jdk/internal/reflect/GeneratedConstructorAccessor66'
Event: 25691.912 Thread 0x000001e357d9fa00 Unloading class 0x00000001007aa800 'jdk/internal/reflect/GeneratedConstructorAccessor65'
Event: 25691.912 Thread 0x000001e357d9fa00 Unloading class 0x0000000100796400 'jdk/internal/reflect/GeneratedConstructorAccessor64'
Event: 25691.913 Thread 0x000001e357d9fa00 Unloading class 0x0000000100788000 'jdk/internal/reflect/GeneratedConstructorAccessor63'

Classes redefined (0 events):
No events

Internal exceptions (20 events):
Event: 8496.505 Thread 0x000001e35d0ed600 Exception <a 'java/net/SocketException'{0x00000000c644e058}: Socket is not connected: shutdown> (0x00000000c644e058) 
thrown [s\src\hotspot\share\prims\jni.cpp, line 535]
Event: 8503.024 Thread 0x000001e35d0ed600 Exception <a 'java/net/ConnectException'{0x00000000c6d01118}: Connection refused: connect> (0x00000000c6d01118) 
thrown [s\src\hotspot\share\prims\jni.cpp, line 535]
Event: 8503.024 Thread 0x000001e35d0ed600 Exception <a 'java/net/SocketException'{0x00000000c6d01450}: Socket is not connected: shutdown> (0x00000000c6d01450) 
thrown [s\src\hotspot\share\prims\jni.cpp, line 535]
Event: 8512.512 Thread 0x000001e35d0ed600 Exception <a 'java/net/ConnectException'{0x00000000c6d01ff8}: Connection refused: connect> (0x00000000c6d01ff8) 
thrown [s\src\hotspot\share\prims\jni.cpp, line 535]
Event: 8512.512 Thread 0x000001e35d0ed600 Exception <a 'java/net/SocketException'{0x00000000c6d02330}: Socket is not connected: shutdown> (0x00000000c6d02330) 
thrown [s\src\hotspot\share\prims\jni.cpp, line 535]
Event: 8512.513 Thread 0x000001e35d0ed600 Exception <a 'java/net/ConnectException'{0x00000000c6d02ec8}: Connection refused: connect> (0x00000000c6d02ec8) 
thrown [s\src\hotspot\share\prims\jni.cpp, line 535]
Event: 8512.513 Thread 0x000001e35d0ed600 Exception <a 'java/net/SocketException'{0x00000000c6d03200}: Socket is not connected: shutdown> (0x00000000c6d03200) 
thrown [s\src\hotspot\share\prims\jni.cpp, line 535]
Event: 8544.530 Thread 0x000001e35d0ed600 Exception <a 'java/net/ConnectException'{0x00000000c6d00f40}: Connection refused: connect> (0x00000000c6d00f40) 
thrown [s\src\hotspot\share\prims\jni.cpp, line 535]
Event: 8544.530 Thread 0x000001e35d0ed600 Exception <a 'java/net/SocketException'{0x00000000c6d01278}: Socket is not connected: shutdown> (0x00000000c6d01278) 
thrown [s\src\hotspot\share\prims\jni.cpp, line 535]
Event: 8544.531 Thread 0x000001e35d0ed600 Exception <a 'java/net/ConnectException'{0x00000000c6d01e10}: Connection refused: connect> (0x00000000c6d01e10) 
thrown [s\src\hotspot\share\prims\jni.cpp, line 535]
Event: 8544.531 Thread 0x000001e35d0ed600 Exception <a 'java/net/SocketException'{0x00000000c6d02148}: Socket is not connected: shutdown> (0x00000000c6d02148) 
thrown [s\src\hotspot\share\prims\jni.cpp, line 535]
Event: 8608.544 Thread 0x000001e35d0ed600 Exception <a 'java/net/ConnectException'{0x00000000c6d8c0a0}: Connection refused: connect> (0x00000000c6d8c0a0) 
thrown [s\src\hotspot\share\prims\jni.cpp, line 535]
Event: 8608.544 Thread 0x000001e35d0ed600 Exception <a 'java/net/SocketException'{0x00000000c6d8c3d8}: Socket is not connected: shutdown> (0x00000000c6d8c3d8) 
thrown [s\src\hotspot\share\prims\jni.cpp, line 535]
Event: 8608.545 Thread 0x000001e35d0ed600 Exception <a 'java/net/ConnectException'{0x00000000c6d8cf70}: Connection refused: connect> (0x00000000c6d8cf70) 
thrown [s\src\hotspot\share\prims\jni.cpp, line 535]
Event: 8608.545 Thread 0x000001e35d0ed600 Exception <a 'java/net/SocketException'{0x00000000c6d8d2a8}: Socket is not connected: shutdown> (0x00000000c6d8d2a8) 
thrown [s\src\hotspot\share\prims\jni.cpp, line 535]
Event: 8736.555 Thread 0x000001e35d0ed600 Exception <a 'java/net/ConnectException'{0x00000000c6d00f40}: Connection refused: connect> (0x00000000c6d00f40) 
thrown [s\src\hotspot\share\prims\jni.cpp, line 535]
Event: 8736.556 Thread 0x000001e35d0ed600 Exception <a 'java/net/SocketException'{0x00000000c6d01278}: Socket is not connected: shutdown> (0x00000000c6d01278) 
thrown [s\src\hotspot\share\prims\jni.cpp, line 535]
Event: 8736.557 Thread 0x000001e35d0ed600 Exception <a 'java/net/ConnectException'{0x00000000c6d01e48}: Connection refused: connect> (0x00000000c6d01e48) 
thrown [s\src\hotspot\share\prims\jni.cpp, line 535]
Event: 8736.557 Thread 0x000001e35d0ed600 Exception <a 'java/net/SocketException'{0x00000000c6d02180}: Socket is not connected: shutdown> (0x00000000c6d02180) 
thrown [s\src\hotspot\share\prims\jni.cpp, line 535]
Event: 68853.200 Thread 0x000001e35db7e430 Implicit null exception at 0x000001e34fc02104 to 0x000001e34fc033b6

VM Operations (20 events):
Event: 72256.940 Executing VM operation: G1CollectFull done
Event: 72267.138 Executing VM operation: G1CollectFull
Event: 72267.175 Executing VM operation: G1CollectFull done
Event: 72277.343 Executing VM operation: G1CollectFull
Event: 72277.381 Executing VM operation: G1CollectFull done
Event: 72287.558 Executing VM operation: G1CollectFull
Event: 72287.600 Executing VM operation: G1CollectFull done
Event: 72297.805 Executing VM operation: G1CollectFull
Event: 72297.854 Executing VM operation: G1CollectFull done
Event: 72308.042 Executing VM operation: G1CollectFull
Event: 72308.079 Executing VM operation: G1CollectFull done
Event: 72318.240 Executing VM operation: G1CollectFull
Event: 72318.275 Executing VM operation: G1CollectFull done
Event: 72328.584 Executing VM operation: G1CollectFull
Event: 72328.647 Executing VM operation: G1CollectFull done
Event: 72338.838 Executing VM operation: G1CollectFull
Event: 72338.875 Executing VM operation: G1CollectFull done
Event: 72349.085 Executing VM operation: G1CollectFull
Event: 72349.142 Executing VM operation: G1CollectFull done
Event: 72362.185 Executing VM operation: G1CollectFull

Events (20 events):
Event: 70247.295 Thread 0x000001e35db7e940 Thread added: 0x000001e35db7e940
Event: 70247.297 Thread 0x000001e35db7b190 Thread added: 0x000001e35db7b190
Event: 70307.343 Thread 0x000001e35db7e940 Thread exited: 0x000001e35db7e940
Event: 70307.343 Thread 0x000001e35db7b190 Thread exited: 0x000001e35db7b190
Event: 70322.560 Thread 0x000001e35db80290 Thread added: 0x000001e35db80290
Event: 70322.563 Thread 0x000001e35db7da10 Thread added: 0x000001e35db7da10
Event: 70382.609 Thread 0x000001e35db80290 Thread exited: 0x000001e35db80290
Event: 70382.609 Thread 0x000001e35db7da10 Thread exited: 0x000001e35db7da10
Event: 70851.524 Thread 0x000001e35db7e940 Thread added: 0x000001e35db7e940
Event: 70851.525 Thread 0x000001e35db7cae0 Thread added: 0x000001e35db7cae0
Event: 70911.554 Thread 0x000001e35db7e940 Thread exited: 0x000001e35db7e940
Event: 70911.554 Thread 0x000001e35db7cae0 Thread exited: 0x000001e35db7cae0
Event: 71374.049 Thread 0x000001e35db7c5d0 Thread added: 0x000001e35db7c5d0
Event: 71374.057 Thread 0x000001e35db80cb0 Thread added: 0x000001e35db80cb0
Event: 71434.108 Thread 0x000001e35db7c5d0 Thread exited: 0x000001e35db7c5d0
Event: 71434.108 Thread 0x000001e35db80cb0 Thread exited: 0x000001e35db80cb0
Event: 72118.463 Thread 0x000001e35db7ac80 Thread added: 0x000001e35db7ac80
Event: 72118.470 Thread 0x000001e35db7cae0 Thread added: 0x000001e35db7cae0
Event: 72178.524 Thread 0x000001e35db7ac80 Thread exited: 0x000001e35db7ac80
Event: 72178.524 Thread 0x000001e35db7cae0 Thread exited: 0x000001e35db7cae0


Dynamic libraries:
0x00007ff7f5cf0000 - 0x00007ff7f5cfe000 	c:\Users\DELL\.vscode\extensions\redhat.java-1.25.1-win32-x64\jre\17.0.9-win32-x86_64\bin\java.exe
0x00007fff56210000 - 0x00007fff56447000 	C:\WINDOWS\SYSTEM32\ntdll.dll
0x00007fff54ac0000 - 0x00007fff54b89000 	C:\WINDOWS\System32\KERNEL32.DLL
0x00007fff53850000 - 0x00007fff53bad000 	C:\WINDOWS\System32\KERNELBASE.dll
0x00007fff535c0000 - 0x00007fff536fc000 	C:\WINDOWS\System32\ucrtbase.dll
0x00007fff41e20000 - 0x00007fff41e37000 	c:\Users\DELL\.vscode\extensions\redhat.java-1.25.1-win32-x64\jre\17.0.9-win32-x86_64\bin\jli.dll
0x00007fff55ce0000 - 0x00007fff55ea0000 	C:\WINDOWS\System32\USER32.dll
0x00007fff53d30000 - 0x00007fff53d57000 	C:\WINDOWS\System32\win32u.dll
0x00007fff56140000 - 0x00007fff5616a000 	C:\WINDOWS\System32\GDI32.dll
0x00007fff53de0000 - 0x00007fff53eff000 	C:\WINDOWS\System32\gdi32full.dll
0x00007fff53f10000 - 0x00007fff53fb5000 	C:\WINDOWS\System32\msvcp_win.dll
0x00007fff3fe20000 - 0x00007fff3fe3b000 	c:\Users\DELL\.vscode\extensions\redhat.java-1.25.1-win32-x64\jre\17.0.9-win32-x86_64\bin\VCRUNTIME140.dll
0x00007fff39d10000 - 0x00007fff39fa1000 	C:\WINDOWS\WinSxS\amd64_microsoft.windows.common-controls_6595b64144ccf1df_6.0.26010.1000_none_3bfc4084e6609114\COMCTL32.dll
0x00007fff54220000 - 0x00007fff542c7000 	C:\WINDOWS\System32\msvcrt.dll
0x00007fff55920000 - 0x00007fff55951000 	C:\WINDOWS\System32\IMM32.DLL
0x00007fff4c9b0000 - 0x00007fff4c9bc000 	c:\Users\DELL\.vscode\extensions\redhat.java-1.25.1-win32-x64\jre\17.0.9-win32-x86_64\bin\vcruntime140_1.dll
0x00007fff00050000 - 0x00007fff000dd000 	c:\Users\DELL\.vscode\extensions\redhat.java-1.25.1-win32-x64\jre\17.0.9-win32-x86_64\bin\msvcp140.dll
0x00007ffebabe0000 - 0x00007ffebb841000 	c:\Users\DELL\.vscode\extensions\redhat.java-1.25.1-win32-x64\jre\17.0.9-win32-x86_64\bin\server\jvm.dll
0x00007fff55f10000 - 0x00007fff55fc0000 	C:\WINDOWS\System32\ADVAPI32.dll
0x00007fff548b0000 - 0x00007fff54953000 	C:\WINDOWS\System32\sechost.dll
0x00007fff54b90000 - 0x00007fff54cb6000 	C:\WINDOWS\System32\RPCRT4.dll
0x00007fff53460000 - 0x00007fff534af000 	C:\WINDOWS\SYSTEM32\POWRPROF.dll
0x00007fff31ec0000 - 0x00007fff31eca000 	C:\WINDOWS\SYSTEM32\WSOCK32.dll
0x00007fff53fc0000 - 0x00007fff54034000 	C:\WINDOWS\System32\WS2_32.dll
0x00007fff41dc0000 - 0x00007fff41df5000 	C:\WINDOWS\SYSTEM32\WINMM.dll
0x00007fff413b0000 - 0x00007fff413bb000 	C:\WINDOWS\SYSTEM32\VERSION.dll
0x00007fff53440000 - 0x00007fff53455000 	C:\WINDOWS\SYSTEM32\UMPDC.dll
0x00007fff52460000 - 0x00007fff52479000 	C:\WINDOWS\SYSTEM32\kernel.appcore.dll
0x00007fff42f50000 - 0x00007fff42f5a000 	c:\Users\DELL\.vscode\extensions\redhat.java-1.25.1-win32-x64\jre\17.0.9-win32-x86_64\bin\jimage.dll
0x00007fff4d8f0000 - 0x00007fff4db26000 	C:\WINDOWS\SYSTEM32\DBGHELP.DLL
0x00007fff55960000 - 0x00007fff55cd0000 	C:\WINDOWS\System32\combase.dll
0x00007fff54300000 - 0x00007fff543d6000 	C:\WINDOWS\System32\OLEAUT32.dll
0x00007fff36d00000 - 0x00007fff36d39000 	C:\WINDOWS\SYSTEM32\dbgcore.DLL
0x00007fff537c0000 - 0x00007fff53843000 	C:\WINDOWS\System32\bcryptPrimitives.dll
0x00007fff0fe20000 - 0x00007fff0fe45000 	c:\Users\DELL\.vscode\extensions\redhat.java-1.25.1-win32-x64\jre\17.0.9-win32-x86_64\bin\java.dll
0x00007fff39480000 - 0x00007fff39498000 	c:\Users\DELL\.vscode\extensions\redhat.java-1.25.1-win32-x64\jre\17.0.9-win32-x86_64\bin\zip.dll
0x00007fff55150000 - 0x00007fff55912000 	C:\WINDOWS\System32\SHELL32.dll
0x00007fff513d0000 - 0x00007fff51c2d000 	C:\WINDOWS\SYSTEM32\windows.storage.dll
0x00007fff54080000 - 0x00007fff54157000 	C:\WINDOWS\System32\SHCORE.dll
0x00007fff55eb0000 - 0x00007fff55f0d000 	C:\WINDOWS\System32\shlwapi.dll
0x00007fff534e0000 - 0x00007fff53504000 	C:\WINDOWS\SYSTEM32\profapi.dll
0x00007fff32000000 - 0x00007fff32019000 	C:\Users\DELL\.vscode\extensions\redhat.java-1.25.1-win32-x64\jre\17.0.9-win32-x86_64\bin\net.dll
0x00007fff439c0000 - 0x00007fff43add000 	C:\WINDOWS\SYSTEM32\WINHTTP.dll
0x00007fff528d0000 - 0x00007fff52939000 	C:\WINDOWS\system32\mswsock.dll
0x00007fff2b590000 - 0x00007fff2b5a6000 	C:\Users\DELL\.vscode\extensions\redhat.java-1.25.1-win32-x64\jre\17.0.9-win32-x86_64\bin\nio.dll
0x00007fff52c90000 - 0x00007fff52cac000 	C:\WINDOWS\SYSTEM32\CRYPTSP.dll
0x00007fff523c0000 - 0x00007fff523f8000 	C:\WINDOWS\system32\rsaenh.dll
0x00007fff52990000 - 0x00007fff529bb000 	C:\WINDOWS\SYSTEM32\USERENV.dll
0x00007fff52e20000 - 0x00007fff52e49000 	C:\WINDOWS\SYSTEM32\bcrypt.dll
0x00007fff52b10000 - 0x00007fff52b1c000 	C:\WINDOWS\SYSTEM32\CRYPTBASE.dll
0x00007fff51f00000 - 0x00007fff51f30000 	C:\WINDOWS\SYSTEM32\IPHLPAPI.DLL
0x00007fff54160000 - 0x00007fff5416a000 	C:\WINDOWS\System32\NSI.dll
0x00007fff471f0000 - 0x00007fff4720b000 	C:\WINDOWS\SYSTEM32\dhcpcsvc6.DLL
0x00007fff43b90000 - 0x00007fff43bb0000 	C:\WINDOWS\SYSTEM32\dhcpcsvc.DLL
0x00007fff51fa0000 - 0x00007fff520b8000 	C:\WINDOWS\SYSTEM32\DNSAPI.dll
0x00007fff42ee0000 - 0x00007fff42ef0000 	c:\Users\DELL\.vscode\extensions\redhat.java-1.25.1-win32-x64\jre\17.0.9-win32-x86_64\bin\verify.dll
0x00007fff3f380000 - 0x00007fff3f389000 	C:\Users\DELL\.vscode\extensions\redhat.java-1.25.1-win32-x64\jre\17.0.9-win32-x86_64\bin\management.dll
0x00007fff3e910000 - 0x00007fff3e91b000 	C:\Users\DELL\.vscode\extensions\redhat.java-1.25.1-win32-x64\jre\17.0.9-win32-x86_64\bin\management_ext.dll
0x00007fff54070000 - 0x00007fff54078000 	C:\WINDOWS\System32\PSAPI.DLL
0x00007fff4cf80000 - 0x00007fff4cf8e000 	C:\Users\DELL\.vscode\extensions\redhat.java-1.25.1-win32-x64\jre\17.0.9-win32-x86_64\bin\sunmscapi.dll
0x00007fff53bb0000 - 0x00007fff53d26000 	C:\WINDOWS\System32\CRYPT32.dll
0x00007fff52de0000 - 0x00007fff52e12000 	C:\WINDOWS\SYSTEM32\ncrypt.dll
0x00007fff52d90000 - 0x00007fff52dcf000 	C:\WINDOWS\SYSTEM32\NTASN1.dll
0x00007fff41fe0000 - 0x00007fff41feb000 	C:\Windows\System32\rasadhlp.dll
0x00007fff49830000 - 0x00007fff498b5000 	C:\WINDOWS\System32\fwpuclnt.dll
0x00007fff3fe10000 - 0x00007fff3fe19000 	C:\Users\DELL\.vscode\extensions\redhat.java-1.25.1-win32-x64\jre\17.0.9-win32-x86_64\bin\attach.dll
0x00007fff31e40000 - 0x00007fff31e58000 	C:\WINDOWS\system32\napinsp.dll
0x00007fff31e20000 - 0x00007fff31e33000 	C:\WINDOWS\System32\winrnr.dll
0x00007fff31df0000 - 0x00007fff31e12000 	C:\WINDOWS\system32\nlansp_c.dll
0x00007fff41760000 - 0x00007fff41776000 	C:\WINDOWS\system32\wshbth.dll
0x00007fff3bb30000 - 0x00007fff3bb37000 	C:\Users\DELL\.vscode\extensions\redhat.java-1.25.1-win32-x64\jre\17.0.9-win32-x86_64\bin\rmi.dll

dbghelp: loaded successfully - version: 4.0.5 - missing functions: none
symbol engine: initialized successfully - sym options: 0x614 - pdb path: .;c:\Users\DELL\.vscode\extensions\redhat.java-1.25.1-win32-x64\jre\17.0.9-win32-x86_64\bin;C:\WINDOWS\SYSTEM32;C:\WINDOWS\WinSxS\amd64_microsoft.windows.common-controls_6595b64144ccf1df_6.0.26010.1000_none_3bfc4084e6609114;c:\Users\DELL\.vscode\extensions\redhat.java-1.25.1-win32-x64\jre\17.0.9-win32-x86_64\bin\server

VM Arguments:
jvm_args: -XX:+HeapDumpOnOutOfMemoryError -Xmx1024m -Dsts.lsp.client=vscode -Dsts.log.file=/dev/null -XX:TieredStopAtLevel=1 -Xlog:jni+resolve=off -Dspring.config.location=file:c:\Users\DELL\.vscode\extensions\vmware.vscode-spring-boot-1.51.0\language-server\BOOT-INF\classes\application.properties 
java_command: org.springframework.ide.vscode.boot.app.BootLanguageServerBootApp
java_class_path (initial): c:\Users\DELL\.vscode\extensions\vmware.vscode-spring-boot-1.51.0\language-server\BOOT-INF\classes;c:\Users\DELL\.vscode\extensions\vmware.vscode-spring-boot-1.51.0\language-server\BOOT-INF\lib\annotations-24.1.0.jar;c:\Users\DELL\.vscode\extensions\vmware.vscode-spring-boot-1.51.0\language-server\BOOT-INF\lib\antlr-runtime-3.5.3.jar;c:\Users\DELL\.vscode\extensions\vmware.vscode-spring-boot-1.51.0\language-server\BOOT-INF\lib\antlr4-4.11.1.jar;c:\Users\DELL\.vscode\extensions\vmware.vscode-spring-boot-1.51.0\language-server\BOOT-INF\lib\antlr4-runtime-4.11.1.jar;c:\Users\DELL\.vscode\extensions\vmware.vscode-spring-boot-1.51.0\language-server\BOOT-INF\lib\asm-9.6.jar;c:\Users\DELL\.vscode\extensions\vmware.vscode-spring-boot-1.51.0\language-server\BOOT-INF\lib\asm-analysis-9.6.jar;c:\Users\DELL\.vscode\extensions\vmware.vscode-spring-boot-1.51.0\language-server\BOOT-INF\lib\asm-tree-9.6.jar;c:\Users\DELL\.vscode\extensions\vmware.vscode-spring-boot-1.51.0\language-server\BOOT-INF\lib\asm-util-9.6.jar;c:\Users\DELL\.vscode\extensions\vmware.vscode-spring-boot-1.51.0\language-server\BOOT-INF\lib\bosh-language-server-1.51.0-SNAPSHOT.jar;c:\Users\DELL\.vscode\extensions\vmware.vscode-spring-boot-1.51.0\language-server\BOOT-INF\lib\caffeine-3.1.8.jar;c:\Users\DELL\.vscode\extensions\vmware.vscode-spring-boot-1.51.0\language-server\BOOT-INF\lib\checker-qual-3.12.0.jar;c:\Users\DELL\.vscode\extensions\vmware.vscode-spring-boot-1.51.0\language-server\BOOT-INF\lib\classgraph-4.8.149.jar;c:\Users\DELL\.vscode\extensions\vmware.vscode-spring-boot-1.51.0\language-server\BOOT-INF\lib\commons-codec-1.15.jar;c:\Users\DELL\.vscode\extensions\vmware.vscode-spring-boot-1.51.0\language-server\BOOT-INF\lib\commons-compress-1.25.0.jar;c:\Users\DELL\.vscode\extensions\vmware.vscode-spring-boot-1.51.0\language-server\BOOT-INF\lib\commons-io-2.4.jar;c:\Users\DELL\.vscode\extensions\vmware.vscode-spring-boot-1.51.0\language-server\BOOT-INF\lib\commons-java-1.51
Launcher Type: SUN_STANDARD

[Global flags]
     intx CICompilerCount                          = 4                                         {product} {ergonomic}
     uint ConcGCThreads                            = 2                                         {product} {ergonomic}
     uint G1ConcRefinementThreads                  = 8                                         {product} {ergonomic}
   size_t G1HeapRegionSize                         = 1048576                                   {product} {ergonomic}
    uintx GCDrainStackTargetSize                   = 64                                        {product} {ergonomic}
     bool HeapDumpOnOutOfMemoryError               = true                                   {manageable} {command line}
   size_t InitialHeapSize                          = 127926272                                 {product} {ergonomic}
   size_t MarkStackSize                            = 4194304                                   {product} {ergonomic}
   size_t MaxHeapSize                              = 1073741824                                {product} {command line}
   size_t MaxNewSize                               = 643825664                                 {product} {ergonomic}
   size_t MinHeapDeltaBytes                        = 1048576                                   {product} {ergonomic}
   size_t MinHeapSize                              = 8388608                                   {product} {ergonomic}
    uintx NonProfiledCodeHeapSize                  = 0                                      {pd product} {ergonomic}
     bool ProfileInterpreter                       = false                                  {pd product} {command line}
    uintx ProfiledCodeHeapSize                     = 0                                      {pd product} {ergonomic}
   size_t SoftMaxHeapSize                          = 1073741824                             {manageable} {ergonomic}
     intx TieredStopAtLevel                        = 1                                         {product} {command line}
     bool UseCompressedClassPointers               = true                           {product lp64_product} {ergonomic}
     bool UseCompressedOops                        = true                           {product lp64_product} {ergonomic}
     bool UseG1GC                                  = true                                      {product} {ergonomic}
     bool UseLargePagesIndividualAllocation        = false                                  {pd product} {ergonomic}

Logging:
Log output configuration:
 #0: stdout all=warning,jni+resolve=off uptime,level,tags
 #1: stderr all=off uptime,level,tags

Environment Variables:
PATH=c:\Users\DELL\AppData\Local\Programs\cursor\resources\app\bin;C:\Python311\Scripts\;C:\Python311\;C:\Program Files\Common Files\Oracle\Java\javapath;C:\WINDOWS\system32;C:\WINDOWS;C:\WINDOWS\System32\Wbem;C:\WINDOWS\System32\WindowsPowerShell\v1.0\;C:\WINDOWS\System32\OpenSSH\;C:\Program Files\Git\cmd;C:\ProgramData\chocolatey\bin;C:\Program Files\PuTTY\;C:\mongosh-1.10.5-win32-x64\bin;C:\Program Files\MySQL\MySQL Shell 8.0\bin\;C:\Users\DELL\AppData\Local\Microsoft\WindowsApps;C:\Program Files\JetBrains\IntelliJ IDEA Community Edition 2023.1.2\bin;C:\Users\DELL\AppData\Local\GitHubDesktop\bin;C:\Users\DELL\AppData\Roaming\npm;C:\WINDOWS\system32;C:\WINDOWS;C:\WINDOWS\System32\Wbem;C:\WINDOWS\System32\WindowsPowerShell\v1.0\;C:\WINDOWS\System32\OpenSSH\;C:\Program Files\nodejs\;c:\users\dell\appdata\roaming\python\python311;C:\apache-maven-3.9.6\bin;C:\Program Files\MySQL\MySQL Shell 8.0\bin\;C:\Users\DELL\AppData\Local\Microsoft\WindowsApps;C:\Users\DELL\AppData\Local\Programs\Microsoft VS Code\bin;C:\Program Files\JetBrains\IntelliJ IDEA Community Edition 2023.1.2\bin;;C:\mongosh-1.10.5-win32-x64\bin;C:\Users\DELL\AppData\Roaming\npm;c:\users\dell\appdata\roaming\python\python311;C:\Program Files\Weka-3-8-6\jre\zulu17.32.13-ca-fx-jre17.0.2-win_x64\bin;
USERNAME=DELL
OS=Windows_NT
PROCESSOR_IDENTIFIER=Intel64 Family 6 Model 142 Stepping 12, GenuineIntel
TMP=C:\Users\DELL\AppData\Local\Temp
TEMP=C:\Users\DELL\AppData\Local\Temp



Periodic native trim disabled


---------------  S Y S T E M  ---------------

OS:
 Windows 11 , 64 bit Build 26010 (10.0.26010.1000)
OS uptime: 3 days 11:59 hours
Hyper-V role detected

CPU: total 8 (initial active 8) (4 cores per cpu, 2 threads per core) family 6 model 142 stepping 12 microcode 0xf8, cx8, cmov, fxsr, ht, mmx, 3dnowpref, sse, sse2, sse3, ssse3, sse4.1, sse4.2, popcnt, lzcnt, tsc, tscinvbit, avx, avx2, aes, erms, clmul, bmi1, bmi2, adx, fma, vzeroupper, clflush, clflushopt, hv
Processor Information for all 8 processors :
  Max Mhz: 2208, Current Mhz: 1706, Mhz Limit: 1700

Memory: 4k page, system-wide physical 7792M (249M free)
TotalPageFile size 20315M (AvailPageFile size 4M)
current process WorkingSet (physical memory assigned to process): 89M, peak: 225M
current process commit charge ("private bytes"): 294M, peak: 379M

vm_info: OpenJDK 64-Bit Server VM (17.0.9+9) for windows-amd64 JRE (17.0.9+9), built on Oct 26 2023 14:01:42 by "admin" with MS VC++ 16.10 / 16.11 (VS2019)

END.
