#
# There is insufficient memory for the Java Runtime Environment to continue.
# Native memory allocation (malloc) failed to allocate 2680496 bytes for Chunk::new
# Possible reasons:
#   The system is out of physical RAM or swap space
#   The process is running with CompressedOops enabled, and the Java Heap may be blocking the growth of the native heap
# Possible solutions:
#   Reduce memory load on the system
#   Increase physical memory or swap space
#   Check if swap backing store is full
#   Decrease Java heap size (-Xmx/-Xms)
#   Decrease number of Java threads
#   Decrease Java thread stack sizes (-Xss)
#   Set larger code cache with -XX:ReservedCodeCacheSize=
#   JVM is running with Unscaled Compressed Oops mode in which the Java heap is
#     placed in the first 4GB address space. The Java Heap base address is the
#     maximum limit for the native heap growth. Please use -XX:HeapBaseMinAddress
#     to set the Java Heap base and to place the Java Heap above 4GB virtual address.
# This output file may be truncated or incomplete.
#
#  Out of Memory Error (arena.cpp:191), pid=25836, tid=18800
#
# JRE version: OpenJDK Runtime Environment Temurin-17.0.9+9 (17.0.9+9) (build 17.0.9+9)
# Java VM: OpenJDK 64-Bit Server VM Temurin-17.0.9+9 (17.0.9+9, mixed mode, tiered, compressed oops, compressed class ptrs, parallel gc, windows-amd64)
# No core dump will be written. Minidumps are not enabled by default on client versions of Windows
#

---------------  S U M M A R Y ------------

Command Line: --add-modules=ALL-SYSTEM --add-opens=java.base/java.util=ALL-UNNAMED --add-opens=java.base/java.lang=ALL-UNNAMED --add-opens=java.base/sun.nio.fs=ALL-UNNAMED -Declipse.application=org.eclipse.jdt.ls.core.id1 -Dosgi.bundles.defaultStartLevel=4 -Declipse.product=org.eclipse.jdt.ls.core.product -Djava.import.generatesMetadataFilesAtProjectRoot=false -DDetectVMInstallationsJob.disabled=true -Dfile.encoding=utf8 -XX:+UseParallelGC -XX:GCTimeRatio=4 -XX:AdaptiveSizePolicyWeight=90 -Dsun.zip.disableMemoryMapping=true -Xmx2G -Xms100m -Xlog:disable -javaagent:c:\Users\DELL\.vscode\extensions\redhat.java-1.25.1-win32-x64\lombok\lombok-1.18.30.jar c:\Users\DELL\.vscode\extensions\redhat.java-1.25.1-win32-x64\server\plugins\org.eclipse.equinox.launcher_1.6.600.v20231106-1826.jar -configuration c:\Users\DELL\AppData\Roaming\Code\User\globalStorage\redhat.java\1.25.1\config_ss_win -data c:\Users\DELL\AppData\Roaming\Code\User\workspaceStorage\2ffab614a004bcb6a02c40aefb33546a\redhat.java\ss_ws --stdio

Host: Intel(R) Core(TM) i5-10310U CPU @ 1.70GHz, 8 cores, 7G,  Windows 11 , 64 bit Build 26010 (10.0.26010.1000)
Time: Wed Dec 20 14:31:14 2023 India Standard Time elapsed time: 14.256704 seconds (0d 0h 0m 14s)

---------------  T H R E A D  ---------------

Current thread (0x0000016b38058e50):  JavaThread "C2 CompilerThread0" daemon [_thread_in_native, id=18800, stack(0x0000006b01a00000,0x0000006b01b00000)]


Current CompileTask:
C2:  14256 3905   !   4       org.eclipse.osgi.internal.loader.classpath.ClasspathManager::findLocalClass (210 bytes)

Stack: [0x0000006b01a00000,0x0000006b01b00000]
Native frames: (J=compiled Java code, j=interpreted, Vv=VM code, C=native code)
V  [jvm.dll+0x67cf49]
V  [jvm.dll+0x83478a]
V  [jvm.dll+0x83624e]
V  [jvm.dll+0x8368b3]
V  [jvm.dll+0x247f1f]
V  [jvm.dll+0xac43c]
V  [jvm.dll+0xaca8c]
V  [jvm.dll+0x367067]
V  [jvm.dll+0x1bd722]
V  [jvm.dll+0x21a709]
V  [jvm.dll+0x2199d1]
V  [jvm.dll+0x1a57cd]
V  [jvm.dll+0x2297ae]
V  [jvm.dll+0x22797c]
V  [jvm.dll+0x7e9877]
V  [jvm.dll+0x7e3c3a]
V  [jvm.dll+0x67be35]
C  [ucrtbase.dll+0x6e350]
C  [KERNEL32.DLL+0x11f67]
C  [ntdll.dll+0x33570]


---------------  P R O C E S S  ---------------

Threads class SMR info:
_java_thread_list=0x0000016b3a2f02f0, length=26, elements={
0x0000016b1c9acdb0, 0x0000016b38024020, 0x0000016b38026d10, 0x0000016b38054320,
0x0000016b38054df0, 0x0000016b380558c0, 0x0000016b380581a0, 0x0000016b38058e50,
0x0000016b38090c80, 0x0000016b380bc790, 0x0000016b1ca10e80, 0x0000016b383759a0,
0x0000016b39542120, 0x0000016b395c2880, 0x0000016b3945c720, 0x0000016b3947f610,
0x0000016b39abf8e0, 0x0000016b39abfdf0, 0x0000016b39ac0300, 0x0000016b39abd060,
0x0000016b39abd570, 0x0000016b39abdf90, 0x0000016b39abe4a0, 0x0000016b39abe9b0,
0x0000016b39abeec0, 0x0000016b396c02f0
}

Java Threads: ( => current thread )
  0x0000016b1c9acdb0 JavaThread "main" [_thread_blocked, id=17416, stack(0x0000006b01100000,0x0000006b01200000)]
  0x0000016b38024020 JavaThread "Reference Handler" daemon [_thread_blocked, id=25864, stack(0x0000006b01400000,0x0000006b01500000)]
  0x0000016b38026d10 JavaThread "Finalizer" daemon [_thread_blocked, id=25724, stack(0x0000006b01500000,0x0000006b01600000)]
  0x0000016b38054320 JavaThread "Signal Dispatcher" daemon [_thread_blocked, id=7284, stack(0x0000006b01600000,0x0000006b01700000)]
  0x0000016b38054df0 JavaThread "Attach Listener" daemon [_thread_blocked, id=23824, stack(0x0000006b01700000,0x0000006b01800000)]
  0x0000016b380558c0 JavaThread "Service Thread" daemon [_thread_blocked, id=9348, stack(0x0000006b01800000,0x0000006b01900000)]
  0x0000016b380581a0 JavaThread "Monitor Deflation Thread" daemon [_thread_blocked, id=26520, stack(0x0000006b01900000,0x0000006b01a00000)]
=>0x0000016b38058e50 JavaThread "C2 CompilerThread0" daemon [_thread_in_native, id=18800, stack(0x0000006b01a00000,0x0000006b01b00000)]
  0x0000016b38090c80 JavaThread "C1 CompilerThread0" daemon [_thread_blocked, id=9204, stack(0x0000006b01b00000,0x0000006b01c00000)]
  0x0000016b380bc790 JavaThread "Sweeper thread" daemon [_thread_blocked, id=20860, stack(0x0000006b01c00000,0x0000006b01d00000)]
  0x0000016b1ca10e80 JavaThread "Common-Cleaner" daemon [_thread_blocked, id=15988, stack(0x0000006b01d00000,0x0000006b01e00000)]
  0x0000016b383759a0 JavaThread "Notification Thread" daemon [_thread_blocked, id=23160, stack(0x0000006b01e00000,0x0000006b01f00000)]
  0x0000016b39542120 JavaThread "Active Thread: Equinox Container: ca122422-1ed9-441d-929d-b6ee091526c5" [_thread_blocked, id=2564, stack(0x0000006b02600000,0x0000006b02700000)]
  0x0000016b395c2880 JavaThread "Framework Event Dispatcher: Equinox Container: ca122422-1ed9-441d-929d-b6ee091526c5" daemon [_thread_blocked, id=22796, stack(0x0000006b02700000,0x0000006b02800000)]
  0x0000016b3945c720 JavaThread "Start Level: Equinox Container: ca122422-1ed9-441d-929d-b6ee091526c5" daemon [_thread_blocked, id=22800, stack(0x0000006b02800000,0x0000006b02900000)]
  0x0000016b3947f610 JavaThread "SCR Component Actor" daemon [_thread_blocked, id=3608, stack(0x0000006b02900000,0x0000006b02a00000)]
  0x0000016b39abf8e0 JavaThread "Worker-JM" [_thread_blocked, id=7136, stack(0x0000006b02c00000,0x0000006b02d00000)]
  0x0000016b39abfdf0 JavaThread "Worker-0" [_thread_blocked, id=8392, stack(0x0000006b02d00000,0x0000006b02e00000)]
  0x0000016b39ac0300 JavaThread "Worker-1" [_thread_blocked, id=16152, stack(0x0000006b02e00000,0x0000006b02f00000)]
  0x0000016b39abd060 JavaThread "JNA Cleaner" daemon [_thread_blocked, id=11040, stack(0x0000006b02f00000,0x0000006b03000000)]
  0x0000016b39abd570 JavaThread "pool-2-thread-1" [_thread_blocked, id=14176, stack(0x0000006b03300000,0x0000006b03400000)]
  0x0000016b39abdf90 JavaThread "WorkspaceEventsHandler" [_thread_blocked, id=6880, stack(0x0000006b03400000,0x0000006b03500000)]
  0x0000016b39abe4a0 JavaThread "pool-1-thread-1" [_thread_in_native, id=11960, stack(0x0000006b03500000,0x0000006b03600000)]
  0x0000016b39abe9b0 JavaThread "ForkJoinPool.commonPool-worker-1" daemon [_thread_blocked, id=14716, stack(0x0000006b02b00000,0x0000006b02c00000)]
  0x0000016b39abeec0 JavaThread "Worker-2" [_thread_blocked, id=18720, stack(0x0000006b03700000,0x0000006b03800000)]
  0x0000016b396c02f0 JavaThread "C2 CompilerThread1" daemon [_thread_blocked, id=22068, stack(0x0000006b03600000,0x0000006b03700000)]

Other Threads:
  0x0000016b1ca5ec50 VMThread "VM Thread" [stack: 0x0000006b01300000,0x0000006b01400000] [id=24680]
  0x0000016b38375e80 WatcherThread [stack: 0x0000006b01f00000,0x0000006b02000000] [id=14064]
  0x0000016b1c9c3770 GCTaskThread "GC Thread#0" [stack: 0x0000006b01200000,0x0000006b01300000] [id=23964]
  0x0000016b39798bf0 GCTaskThread "GC Thread#1" [stack: 0x0000006b02000000,0x0000006b02100000] [id=24920]
  0x0000016b39155250 GCTaskThread "GC Thread#2" [stack: 0x0000006b02100000,0x0000006b02200000] [id=4896]
  0x0000016b39155510 GCTaskThread "GC Thread#3" [stack: 0x0000006b02200000,0x0000006b02300000] [id=10776]
  0x0000016b3941a5f0 GCTaskThread "GC Thread#4" [stack: 0x0000006b02300000,0x0000006b02400000] [id=21680]
  0x0000016b3941a8b0 GCTaskThread "GC Thread#5" [stack: 0x0000006b02400000,0x0000006b02500000] [id=25596]
  0x0000016b3941ab70 GCTaskThread "GC Thread#6" [stack: 0x0000006b02500000,0x0000006b02600000] [id=6896]
  0x0000016b3945b460 GCTaskThread "GC Thread#7" [stack: 0x0000006b02a00000,0x0000006b02b00000] [id=19320]

Threads with active compile tasks:
C2 CompilerThread0    14277 3905   !   4       org.eclipse.osgi.internal.loader.classpath.ClasspathManager::findLocalClass (210 bytes)

VM state: not at safepoint (normal execution)

VM Mutex/Monitor currently owned by a thread: None

Heap address: 0x0000000080000000, size: 2048 MB, Compressed Oops mode: 32-bit

CDS archive(s) not mapped
Compressed class space mapped at: 0x0000000100000000-0x0000000140000000, reserved size: 1073741824
Narrow klass base: 0x0000000000000000, Narrow klass shift: 3, Narrow klass range: 0x140000000

GC Precious Log:
 CPUs: 8 total, 8 available
 Memory: 7792M
 Large Page Support: Disabled
 NUMA Support: Disabled
 Compressed Oops: Enabled (32-bit)
 Alignments: Space 512K, Generation 512K, Heap 2M
 Heap Min Capacity: 100M
 Heap Initial Capacity: 100M
 Heap Max Capacity: 2G
 Pre-touch: Disabled
 Parallel Workers: 8

Heap:
 PSYoungGen      total 22528K, used 14024K [0x00000000d5580000, 0x00000000d6d80000, 0x0000000100000000)
  eden space 22016K, 61% used [0x00000000d5580000,0x00000000d62c5a48,0x00000000d6b00000)
  from space 512K, 84% used [0x00000000d6d00000,0x00000000d6d6c860,0x00000000d6d80000)
  to   space 1024K, 0% used [0x00000000d6b80000,0x00000000d6b80000,0x00000000d6c80000)
 ParOldGen       total 68608K, used 25557K [0x0000000080000000, 0x0000000084300000, 0x00000000d5580000)
  object space 68608K, 37% used [0x0000000080000000,0x00000000818f55b0,0x0000000084300000)
 Metaspace       used 41882K, committed 42624K, reserved 1114112K
  class space    used 4299K, committed 4672K, reserved 1048576K

Card table byte_map: [0x0000016b1c340000,0x0000016b1c750000] _byte_map_base: 0x0000016b1bf40000

Marking Bits: (ParMarkBitMap*) 0x00007ffed341d0b0
 Begin Bits: [0x0000016b2e8f0000, 0x0000016b308f0000)
 End Bits:   [0x0000016b308f0000, 0x0000016b328f0000)

Polling page: 0x0000016b1a910000

Metaspace:

Usage:
  Non-class:     36.70 MB used.
      Class:      4.20 MB used.
       Both:     40.90 MB used.

Virtual space:
  Non-class space:       64.00 MB reserved,      37.06 MB ( 58%) committed,  1 nodes.
      Class space:        1.00 GB reserved,       4.56 MB ( <1%) committed,  1 nodes.
             Both:        1.06 GB reserved,      41.62 MB (  4%) committed. 

Chunk freelists:
   Non-Class:  10.95 MB
       Class:  11.35 MB
        Both:  22.30 MB

MaxMetaspaceSize: unlimited
CompressedClassSpaceSize: 1.00 GB
Initial GC threshold: 21.00 MB
Current GC threshold: 58.38 MB
CDS: off
MetaspaceReclaimPolicy: balanced
 - commit_granule_bytes: 65536.
 - commit_granule_words: 8192.
 - virtual_space_node_default_size: 8388608.
 - enlarge_chunks_in_place: 1.
 - new_chunks_are_fully_committed: 0.
 - uncommit_free_chunks: 1.
 - use_allocation_guard: 0.
 - handle_deallocations: 1.


Internal statistics:

num_allocs_failed_limit: 6.
num_arena_births: 368.
num_arena_deaths: 14.
num_vsnodes_births: 2.
num_vsnodes_deaths: 0.
num_space_committed: 666.
num_space_uncommitted: 0.
num_chunks_returned_to_freelist: 20.
num_chunks_taken_from_freelist: 1722.
num_chunk_merges: 10.
num_chunk_splits: 1127.
num_chunks_enlarged: 757.
num_inconsistent_stats: 0.

CodeHeap 'non-profiled nmethods': size=120000Kb used=2023Kb max_used=2023Kb free=117976Kb
 bounds [0x0000016b27110000, 0x0000016b27380000, 0x0000016b2e640000]
CodeHeap 'profiled nmethods': size=120000Kb used=8070Kb max_used=8070Kb free=111929Kb
 bounds [0x0000016b1f640000, 0x0000016b1fe30000, 0x0000016b26b70000]
CodeHeap 'non-nmethods': size=5760Kb used=1301Kb max_used=1331Kb free=4458Kb
 bounds [0x0000016b26b70000, 0x0000016b26de0000, 0x0000016b27110000]
 total_blobs=4589 nmethods=3960 adapters=542
 compilation: enabled
              stopped_count=0, restarted_count=0
 full_count=0

Compilation events (20 events):
Event: 12.974 Thread 0x0000016b38090c80 nmethod 3959 0x0000016b1fe1e790 code [0x0000016b1fe1eac0, 0x0000016b1fe1fd98]
Event: 12.974 Thread 0x0000016b38090c80 3960       3       com.google.gson.internal.bind.ReflectiveTypeAdapterFactory$BoundField::<init> (34 bytes)
Event: 12.974 Thread 0x0000016b38090c80 nmethod 3960 0x0000016b1fe20510 code [0x0000016b1fe206a0, 0x0000016b1fe20878]
Event: 12.974 Thread 0x0000016b38090c80 3961       3       com.google.gson.FieldNamingPolicy$1::translateName (5 bytes)
Event: 12.974 Thread 0x0000016b38090c80 nmethod 3961 0x0000016b1fe20990 code [0x0000016b1fe20b20, 0x0000016b1fe20c58]
Event: 12.974 Thread 0x0000016b38090c80 3964       3       com.google.gson.stream.JsonWriter::newline (47 bytes)
Event: 12.974 Thread 0x0000016b38090c80 nmethod 3964 0x0000016b1fe20d10 code [0x0000016b1fe20ee0, 0x0000016b1fe212b8]
Event: 12.974 Thread 0x0000016b38090c80 3962       3       com.google.gson.internal.bind.ReflectiveTypeAdapterFactory$1::<init> (64 bytes)
Event: 12.975 Thread 0x0000016b38090c80 nmethod 3962 0x0000016b1fe21410 code [0x0000016b1fe215c0, 0x0000016b1fe218b8]
Event: 13.099 Thread 0x0000016b396c02f0 nmethod 3946 0x0000016b27303690 code [0x0000016b27303a60, 0x0000016b27306330]
Event: 13.100 Thread 0x0000016b396c02f0 3956       4       org.eclipse.core.runtime.Path::hashCode (28 bytes)
Event: 13.101 Thread 0x0000016b396c02f0 nmethod 3956 0x0000016b27308990 code [0x0000016b27308b20, 0x0000016b27308cd8]
Event: 13.101 Thread 0x0000016b396c02f0 3948       4       java.lang.StringLatin1::getChars (12 bytes)
Event: 13.102 Thread 0x0000016b396c02f0 nmethod 3948 0x0000016b27308e90 code [0x0000016b27309000, 0x0000016b27309178]
Event: 13.102 Thread 0x0000016b396c02f0 3949       4       java.lang.String::getChars (54 bytes)
Event: 13.104 Thread 0x0000016b396c02f0 nmethod 3949 0x0000016b27309210 code [0x0000016b273093a0, 0x0000016b273096f8]
Event: 13.104 Thread 0x0000016b396c02f0 3963       4       sun.reflect.generics.parser.SignatureParser::init (16 bytes)
Event: 13.105 Thread 0x0000016b396c02f0 nmethod 3963 0x0000016b27309990 code [0x0000016b27309b00, 0x0000016b27309b98]
Event: 13.105 Thread 0x0000016b396c02f0 3954       4       java.lang.AbstractStringBuilder::getCoder (15 bytes)
Event: 13.105 Thread 0x0000016b396c02f0 nmethod 3954 0x0000016b27309c90 code [0x0000016b27309e00, 0x0000016b27309e78]

GC Heap History (20 events):
Event: 6.226 GC heap before
{Heap before GC invocations=9 (full 1):
 PSYoungGen      total 25600K, used 20898K [0x00000000d5580000, 0x00000000d7500000, 0x0000000100000000)
  eden space 24064K, 80% used [0x00000000d5580000,0x00000000d686a5e8,0x00000000d6d00000)
  from space 1536K, 99% used [0x00000000d6f00000,0x00000000d707e4e8,0x00000000d7080000)
  to   space 4096K, 0% used [0x00000000d7100000,0x00000000d7100000,0x00000000d7500000)
 ParOldGen       total 68608K, used 8493K [0x0000000080000000, 0x0000000084300000, 0x00000000d5580000)
  object space 68608K, 12% used [0x0000000080000000,0x000000008084b768,0x0000000084300000)
 Metaspace       used 35205K, committed 35840K, reserved 1114112K
  class space    used 3560K, committed 3840K, reserved 1048576K
}
Event: 6.231 GC heap after
{Heap after GC invocations=9 (full 1):
 PSYoungGen      total 27136K, used 2925K [0x00000000d5580000, 0x00000000d7400000, 0x0000000100000000)
  eden space 24064K, 0% used [0x00000000d5580000,0x00000000d5580000,0x00000000d6d00000)
  from space 3072K, 95% used [0x00000000d7100000,0x00000000d73db558,0x00000000d7400000)
  to   space 3584K, 0% used [0x00000000d6d00000,0x00000000d6d00000,0x00000000d7080000)
 ParOldGen       total 68608K, used 8501K [0x0000000080000000, 0x0000000084300000, 0x00000000d5580000)
  object space 68608K, 12% used [0x0000000080000000,0x000000008084d768,0x0000000084300000)
 Metaspace       used 35205K, committed 35840K, reserved 1114112K
  class space    used 3560K, committed 3840K, reserved 1048576K
}
Event: 6.231 GC heap before
{Heap before GC invocations=10 (full 2):
 PSYoungGen      total 27136K, used 2925K [0x00000000d5580000, 0x00000000d7400000, 0x0000000100000000)
  eden space 24064K, 0% used [0x00000000d5580000,0x00000000d5580000,0x00000000d6d00000)
  from space 3072K, 95% used [0x00000000d7100000,0x00000000d73db558,0x00000000d7400000)
  to   space 3584K, 0% used [0x00000000d6d00000,0x00000000d6d00000,0x00000000d7080000)
 ParOldGen       total 68608K, used 8501K [0x0000000080000000, 0x0000000084300000, 0x00000000d5580000)
  object space 68608K, 12% used [0x0000000080000000,0x000000008084d768,0x0000000084300000)
 Metaspace       used 35205K, committed 35840K, reserved 1114112K
  class space    used 3560K, committed 3840K, reserved 1048576K
}
Event: 6.263 GC heap after
{Heap after GC invocations=10 (full 2):
 PSYoungGen      total 27136K, used 0K [0x00000000d5580000, 0x00000000d7400000, 0x0000000100000000)
  eden space 24064K, 0% used [0x00000000d5580000,0x00000000d5580000,0x00000000d6d00000)
  from space 3072K, 0% used [0x00000000d7100000,0x00000000d7100000,0x00000000d7400000)
  to   space 3584K, 0% used [0x00000000d6d00000,0x00000000d6d00000,0x00000000d7080000)
 ParOldGen       total 68608K, used 11122K [0x0000000080000000, 0x0000000084300000, 0x00000000d5580000)
  object space 68608K, 16% used [0x0000000080000000,0x0000000080adca18,0x0000000084300000)
 Metaspace       used 35205K, committed 35840K, reserved 1114112K
  class space    used 3560K, committed 3840K, reserved 1048576K
}
Event: 6.651 GC heap before
{Heap before GC invocations=11 (full 2):
 PSYoungGen      total 27136K, used 24064K [0x00000000d5580000, 0x00000000d7400000, 0x0000000100000000)
  eden space 24064K, 100% used [0x00000000d5580000,0x00000000d6d00000,0x00000000d6d00000)
  from space 3072K, 0% used [0x00000000d7100000,0x00000000d7100000,0x00000000d7400000)
  to   space 3584K, 0% used [0x00000000d6d00000,0x00000000d6d00000,0x00000000d7080000)
 ParOldGen       total 68608K, used 11122K [0x0000000080000000, 0x0000000084300000, 0x00000000d5580000)
  object space 68608K, 16% used [0x0000000080000000,0x0000000080adca18,0x0000000084300000)
 Metaspace       used 36505K, committed 37312K, reserved 1114112K
  class space    used 3709K, committed 4096K, reserved 1048576K
}
Event: 6.654 GC heap after
{Heap after GC invocations=11 (full 2):
 PSYoungGen      total 26112K, used 2112K [0x00000000d5580000, 0x00000000d7180000, 0x0000000100000000)
  eden space 23552K, 0% used [0x00000000d5580000,0x00000000d5580000,0x00000000d6c80000)
  from space 2560K, 82% used [0x00000000d6d00000,0x00000000d6f10020,0x00000000d6f80000)
  to   space 2048K, 0% used [0x00000000d6f80000,0x00000000d6f80000,0x00000000d7180000)
 ParOldGen       total 68608K, used 11130K [0x0000000080000000, 0x0000000084300000, 0x00000000d5580000)
  object space 68608K, 16% used [0x0000000080000000,0x0000000080adea18,0x0000000084300000)
 Metaspace       used 36505K, committed 37312K, reserved 1114112K
  class space    used 3709K, committed 4096K, reserved 1048576K
}
Event: 6.889 GC heap before
{Heap before GC invocations=12 (full 2):
 PSYoungGen      total 26112K, used 25664K [0x00000000d5580000, 0x00000000d7180000, 0x0000000100000000)
  eden space 23552K, 100% used [0x00000000d5580000,0x00000000d6c80000,0x00000000d6c80000)
  from space 2560K, 82% used [0x00000000d6d00000,0x00000000d6f10020,0x00000000d6f80000)
  to   space 2048K, 0% used [0x00000000d6f80000,0x00000000d6f80000,0x00000000d7180000)
 ParOldGen       total 68608K, used 11130K [0x0000000080000000, 0x0000000084300000, 0x00000000d5580000)
  object space 68608K, 16% used [0x0000000080000000,0x0000000080adea18,0x0000000084300000)
 Metaspace       used 36707K, committed 37440K, reserved 1114112K
  class space    used 3729K, committed 4096K, reserved 1048576K
}
Event: 6.893 GC heap after
{Heap after GC invocations=12 (full 2):
 PSYoungGen      total 24064K, used 2016K [0x00000000d5580000, 0x00000000d7500000, 0x0000000100000000)
  eden space 22016K, 0% used [0x00000000d5580000,0x00000000d5580000,0x00000000d6b00000)
  from space 2048K, 98% used [0x00000000d6f80000,0x00000000d7178020,0x00000000d7180000)
  to   space 4608K, 0% used [0x00000000d6b00000,0x00000000d6b00000,0x00000000d6f80000)
 ParOldGen       total 68608K, used 13018K [0x0000000080000000, 0x0000000084300000, 0x00000000d5580000)
  object space 68608K, 18% used [0x0000000080000000,0x0000000080cb6a18,0x0000000084300000)
 Metaspace       used 36707K, committed 37440K, reserved 1114112K
  class space    used 3729K, committed 4096K, reserved 1048576K
}
Event: 7.124 GC heap before
{Heap before GC invocations=13 (full 2):
 PSYoungGen      total 24064K, used 24032K [0x00000000d5580000, 0x00000000d7500000, 0x0000000100000000)
  eden space 22016K, 100% used [0x00000000d5580000,0x00000000d6b00000,0x00000000d6b00000)
  from space 2048K, 98% used [0x00000000d6f80000,0x00000000d7178020,0x00000000d7180000)
  to   space 4608K, 0% used [0x00000000d6b00000,0x00000000d6b00000,0x00000000d6f80000)
 ParOldGen       total 68608K, used 13018K [0x0000000080000000, 0x0000000084300000, 0x00000000d5580000)
  object space 68608K, 18% used [0x0000000080000000,0x0000000080cb6a18,0x0000000084300000)
 Metaspace       used 36779K, committed 37504K, reserved 1114112K
  class space    used 3744K, committed 4096K, reserved 1048576K
}
Event: 7.132 GC heap after
{Heap after GC invocations=13 (full 2):
 PSYoungGen      total 25088K, used 2912K [0x00000000d5580000, 0x00000000d7200000, 0x0000000100000000)
  eden space 22016K, 0% used [0x00000000d5580000,0x00000000d5580000,0x00000000d6b00000)
  from space 3072K, 94% used [0x00000000d6b00000,0x00000000d6dd8020,0x00000000d6e00000)
  to   space 3584K, 0% used [0x00000000d6e80000,0x00000000d6e80000,0x00000000d7200000)
 ParOldGen       total 68608K, used 15008K [0x0000000080000000, 0x0000000084300000, 0x00000000d5580000)
  object space 68608K, 21% used [0x0000000080000000,0x0000000080ea8070,0x0000000084300000)
 Metaspace       used 36779K, committed 37504K, reserved 1114112K
  class space    used 3744K, committed 4096K, reserved 1048576K
}
Event: 7.665 GC heap before
{Heap before GC invocations=14 (full 2):
 PSYoungGen      total 25088K, used 24928K [0x00000000d5580000, 0x00000000d7200000, 0x0000000100000000)
  eden space 22016K, 100% used [0x00000000d5580000,0x00000000d6b00000,0x00000000d6b00000)
  from space 3072K, 94% used [0x00000000d6b00000,0x00000000d6dd8020,0x00000000d6e00000)
  to   space 3584K, 0% used [0x00000000d6e80000,0x00000000d6e80000,0x00000000d7200000)
 ParOldGen       total 68608K, used 15008K [0x0000000080000000, 0x0000000084300000, 0x00000000d5580000)
  object space 68608K, 21% used [0x0000000080000000,0x0000000080ea8070,0x0000000084300000)
 Metaspace       used 36783K, committed 37504K, reserved 1114112K
  class space    used 3744K, committed 4096K, reserved 1048576K
}
Event: 7.670 GC heap after
{Heap after GC invocations=14 (full 2):
 PSYoungGen      total 24064K, used 2016K [0x00000000d5580000, 0x00000000d7080000, 0x0000000100000000)
  eden space 22016K, 0% used [0x00000000d5580000,0x00000000d5580000,0x00000000d6b00000)
  from space 2048K, 98% used [0x00000000d6e80000,0x00000000d7078000,0x00000000d7080000)
  to   space 2560K, 0% used [0x00000000d6b80000,0x00000000d6b80000,0x00000000d6e00000)
 ParOldGen       total 68608K, used 17803K [0x0000000080000000, 0x0000000084300000, 0x00000000d5580000)
  object space 68608K, 25% used [0x0000000080000000,0x0000000081162fd0,0x0000000084300000)
 Metaspace       used 36783K, committed 37504K, reserved 1114112K
  class space    used 3744K, committed 4096K, reserved 1048576K
}
Event: 7.825 GC heap before
{Heap before GC invocations=15 (full 2):
 PSYoungGen      total 24064K, used 24032K [0x00000000d5580000, 0x00000000d7080000, 0x0000000100000000)
  eden space 22016K, 100% used [0x00000000d5580000,0x00000000d6b00000,0x00000000d6b00000)
  from space 2048K, 98% used [0x00000000d6e80000,0x00000000d7078000,0x00000000d7080000)
  to   space 2560K, 0% used [0x00000000d6b80000,0x00000000d6b80000,0x00000000d6e00000)
 ParOldGen       total 68608K, used 17803K [0x0000000080000000, 0x0000000084300000, 0x00000000d5580000)
  object space 68608K, 25% used [0x0000000080000000,0x0000000081162fd0,0x0000000084300000)
 Metaspace       used 36783K, committed 37504K, reserved 1114112K
  class space    used 3744K, committed 4096K, reserved 1048576K
}
Event: 7.832 GC heap after
{Heap after GC invocations=15 (full 2):
 PSYoungGen      total 24576K, used 2336K [0x00000000d5580000, 0x00000000d7000000, 0x0000000100000000)
  eden space 22016K, 0% used [0x00000000d5580000,0x00000000d5580000,0x00000000d6b00000)
  from space 2560K, 91% used [0x00000000d6b80000,0x00000000d6dc8010,0x00000000d6e00000)
  to   space 2048K, 0% used [0x00000000d6e00000,0x00000000d6e00000,0x00000000d7000000)
 ParOldGen       total 68608K, used 19755K [0x0000000080000000, 0x0000000084300000, 0x00000000d5580000)
  object space 68608K, 28% used [0x0000000080000000,0x000000008134afd0,0x0000000084300000)
 Metaspace       used 36783K, committed 37504K, reserved 1114112K
  class space    used 3744K, committed 4096K, reserved 1048576K
}
Event: 7.969 GC heap before
{Heap before GC invocations=16 (full 2):
 PSYoungGen      total 24576K, used 24352K [0x00000000d5580000, 0x00000000d7000000, 0x0000000100000000)
  eden space 22016K, 100% used [0x00000000d5580000,0x00000000d6b00000,0x00000000d6b00000)
  from space 2560K, 91% used [0x00000000d6b80000,0x00000000d6dc8010,0x00000000d6e00000)
  to   space 2048K, 0% used [0x00000000d6e00000,0x00000000d6e00000,0x00000000d7000000)
 ParOldGen       total 68608K, used 19755K [0x0000000080000000, 0x0000000084300000, 0x00000000d5580000)
  object space 68608K, 28% used [0x0000000080000000,0x000000008134afd0,0x0000000084300000)
 Metaspace       used 36783K, committed 37504K, reserved 1114112K
  class space    used 3744K, committed 4096K, reserved 1048576K
}
Event: 7.976 GC heap after
{Heap after GC invocations=16 (full 2):
 PSYoungGen      total 24064K, used 1952K [0x00000000d5580000, 0x00000000d7000000, 0x0000000100000000)
  eden space 22016K, 0% used [0x00000000d5580000,0x00000000d5580000,0x00000000d6b00000)
  from space 2048K, 95% used [0x00000000d6e00000,0x00000000d6fe8000,0x00000000d7000000)
  to   space 2560K, 0% used [0x00000000d6b00000,0x00000000d6b00000,0x00000000d6d80000)
 ParOldGen       total 68608K, used 21979K [0x0000000080000000, 0x0000000084300000, 0x00000000d5580000)
  object space 68608K, 32% used [0x0000000080000000,0x0000000081576fe0,0x0000000084300000)
 Metaspace       used 36783K, committed 37504K, reserved 1114112K
  class space    used 3744K, committed 4096K, reserved 1048576K
}
Event: 11.855 GC heap before
{Heap before GC invocations=17 (full 2):
 PSYoungGen      total 24064K, used 23968K [0x00000000d5580000, 0x00000000d7000000, 0x0000000100000000)
  eden space 22016K, 100% used [0x00000000d5580000,0x00000000d6b00000,0x00000000d6b00000)
  from space 2048K, 95% used [0x00000000d6e00000,0x00000000d6fe8000,0x00000000d7000000)
  to   space 2560K, 0% used [0x00000000d6b00000,0x00000000d6b00000,0x00000000d6d80000)
 ParOldGen       total 68608K, used 21979K [0x0000000080000000, 0x0000000084300000, 0x00000000d5580000)
  object space 68608K, 32% used [0x0000000080000000,0x0000000081576fe0,0x0000000084300000)
 Metaspace       used 39289K, committed 40064K, reserved 1114112K
  class space    used 4033K, committed 4416K, reserved 1048576K
}
Event: 11.858 GC heap after
{Heap after GC invocations=17 (full 2):
 PSYoungGen      total 24064K, used 1927K [0x00000000d5580000, 0x00000000d6f00000, 0x0000000100000000)
  eden space 22016K, 0% used [0x00000000d5580000,0x00000000d5580000,0x00000000d6b00000)
  from space 2048K, 94% used [0x00000000d6b00000,0x00000000d6ce1d38,0x00000000d6d00000)
  to   space 2048K, 0% used [0x00000000d6d00000,0x00000000d6d00000,0x00000000d6f00000)
 ParOldGen       total 68608K, used 23782K [0x0000000080000000, 0x0000000084300000, 0x00000000d5580000)
  object space 68608K, 34% used [0x0000000080000000,0x0000000081739bb8,0x0000000084300000)
 Metaspace       used 39289K, committed 40064K, reserved 1114112K
  class space    used 4033K, committed 4416K, reserved 1048576K
}
Event: 12.390 GC heap before
{Heap before GC invocations=18 (full 2):
 PSYoungGen      total 24064K, used 23943K [0x00000000d5580000, 0x00000000d6f00000, 0x0000000100000000)
  eden space 22016K, 100% used [0x00000000d5580000,0x00000000d6b00000,0x00000000d6b00000)
  from space 2048K, 94% used [0x00000000d6b00000,0x00000000d6ce1d38,0x00000000d6d00000)
  to   space 2048K, 0% used [0x00000000d6d00000,0x00000000d6d00000,0x00000000d6f00000)
 ParOldGen       total 68608K, used 23782K [0x0000000080000000, 0x0000000084300000, 0x00000000d5580000)
  object space 68608K, 34% used [0x0000000080000000,0x0000000081739bb8,0x0000000084300000)
 Metaspace       used 40204K, committed 40960K, reserved 1114112K
  class space    used 4149K, committed 4544K, reserved 1048576K
}
Event: 12.393 GC heap after
{Heap after GC invocations=18 (full 2):
 PSYoungGen      total 22528K, used 434K [0x00000000d5580000, 0x00000000d6d80000, 0x0000000100000000)
  eden space 22016K, 0% used [0x00000000d5580000,0x00000000d5580000,0x00000000d6b00000)
  from space 512K, 84% used [0x00000000d6d00000,0x00000000d6d6c860,0x00000000d6d80000)
  to   space 1024K, 0% used [0x00000000d6b80000,0x00000000d6b80000,0x00000000d6c80000)
 ParOldGen       total 68608K, used 25557K [0x0000000080000000, 0x0000000084300000, 0x00000000d5580000)
  object space 68608K, 37% used [0x0000000080000000,0x00000000818f55b0,0x0000000084300000)
 Metaspace       used 40204K, committed 40960K, reserved 1114112K
  class space    used 4149K, committed 4544K, reserved 1048576K
}

Dll operation events (10 events):
Event: 0.019 Loaded shared library c:\Users\DELL\.vscode\extensions\redhat.java-1.25.1-win32-x64\jre\17.0.9-win32-x86_64\bin\java.dll
Event: 0.504 Loaded shared library c:\Users\DELL\.vscode\extensions\redhat.java-1.25.1-win32-x64\jre\17.0.9-win32-x86_64\bin\zip.dll
Event: 0.511 Loaded shared library C:\Users\DELL\.vscode\extensions\redhat.java-1.25.1-win32-x64\jre\17.0.9-win32-x86_64\bin\instrument.dll
Event: 0.555 Loaded shared library C:\Users\DELL\.vscode\extensions\redhat.java-1.25.1-win32-x64\jre\17.0.9-win32-x86_64\bin\net.dll
Event: 0.559 Loaded shared library C:\Users\DELL\.vscode\extensions\redhat.java-1.25.1-win32-x64\jre\17.0.9-win32-x86_64\bin\nio.dll
Event: 0.577 Loaded shared library C:\Users\DELL\.vscode\extensions\redhat.java-1.25.1-win32-x64\jre\17.0.9-win32-x86_64\bin\zip.dll
Event: 0.626 Loaded shared library C:\Users\DELL\.vscode\extensions\redhat.java-1.25.1-win32-x64\jre\17.0.9-win32-x86_64\bin\jimage.dll
Event: 0.838 Loaded shared library c:\Users\DELL\.vscode\extensions\redhat.java-1.25.1-win32-x64\jre\17.0.9-win32-x86_64\bin\verify.dll
Event: 2.340 Loaded shared library C:\Users\DELL\AppData\Roaming\Code\User\globalStorage\redhat.java\1.25.1\config_ss_win\org.eclipse.equinox.launcher\org.eclipse.equinox.launcher.win32.win32.x86_64_1.2.800.v20231003-1442\eclipse_11802.dll
Event: 5.375 Loaded shared library C:\Users\DELL\AppData\Local\Temp\jna-2094529\jna10892360176063787189.dll

Deoptimization events (20 events):
Event: 12.061 Thread 0x0000016b39abe9b0 DEOPT PACKING pc=0x0000016b1fdc5bc5 sp=0x0000006b02bfc0d0
Event: 12.061 Thread 0x0000016b39abe9b0 DEOPT UNPACKING pc=0x0000016b26bc6e43 sp=0x0000006b02bfb580 mode 0
Event: 12.080 Thread 0x0000016b39abe9b0 DEOPT PACKING pc=0x0000016b1fdc5bc5 sp=0x0000006b02bfc190
Event: 12.080 Thread 0x0000016b39abe9b0 DEOPT UNPACKING pc=0x0000016b26bc6e43 sp=0x0000006b02bfb640 mode 0
Event: 12.090 Thread 0x0000016b39abe9b0 DEOPT PACKING pc=0x0000016b1fdc5bc5 sp=0x0000006b02bfc190
Event: 12.090 Thread 0x0000016b39abe9b0 DEOPT UNPACKING pc=0x0000016b26bc6e43 sp=0x0000006b02bfb640 mode 0
Event: 12.239 Thread 0x0000016b39abe9b0 Uncommon trap: trap_request=0xffffff45 fr.pc=0x0000016b2720b910 relative=0x0000000000001cf0
Event: 12.239 Thread 0x0000016b39abe9b0 Uncommon trap: reason=unstable_if action=reinterpret pc=0x0000016b2720b910 method=jdk.internal.jimage.ImageLocation.verifyName(Ljava/lang/String;Ljava/lang/String;IIIIIILjdk/internal/jimage/ImageStrings;)Z @ 27 c2
Event: 12.239 Thread 0x0000016b39abe9b0 DEOPT PACKING pc=0x0000016b2720b910 sp=0x0000006b02bf8b60
Event: 12.239 Thread 0x0000016b39abe9b0 DEOPT UNPACKING pc=0x0000016b26bc66a3 sp=0x0000006b02bf8a58 mode 2
Event: 12.407 Thread 0x0000016b39abe9b0 Uncommon trap: trap_request=0xffffff45 fr.pc=0x0000016b2723cacc relative=0x0000000000000dcc
Event: 12.407 Thread 0x0000016b39abe9b0 Uncommon trap: reason=unstable_if action=reinterpret pc=0x0000016b2723cacc method=java.util.TreeMap.put(Ljava/lang/Object;Ljava/lang/Object;Z)Ljava/lang/Object; @ 27 c2
Event: 12.407 Thread 0x0000016b39abe9b0 DEOPT PACKING pc=0x0000016b2723cacc sp=0x0000006b02bfdc10
Event: 12.407 Thread 0x0000016b39abe9b0 DEOPT UNPACKING pc=0x0000016b26bc66a3 sp=0x0000006b02bfdbb0 mode 2
Event: 12.773 Thread 0x0000016b39abe9b0 DEOPT PACKING pc=0x0000016b1f812793 sp=0x0000006b02bf8b90
Event: 12.773 Thread 0x0000016b39abe9b0 DEOPT UNPACKING pc=0x0000016b26bc6e43 sp=0x0000006b02bf80c8 mode 0
Event: 12.968 Thread 0x0000016b39abe9b0 Uncommon trap: trap_request=0xffffffde fr.pc=0x0000016b273011e0 relative=0x00000000000005a0
Event: 12.968 Thread 0x0000016b39abe9b0 Uncommon trap: reason=class_check action=maybe_recompile pc=0x0000016b273011e0 method=java.lang.AbstractStringBuilder.<init>(Ljava/lang/String;)V @ 58 c2
Event: 12.968 Thread 0x0000016b39abe9b0 DEOPT PACKING pc=0x0000016b273011e0 sp=0x0000006b02bfc8f0
Event: 12.968 Thread 0x0000016b39abe9b0 DEOPT UNPACKING pc=0x0000016b26bc66a3 sp=0x0000006b02bfc8d0 mode 2

Classes unloaded (7 events):
Event: 3.518 Thread 0x0000016b1ca5ec50 Unloading class 0x000000010021a000 'java/lang/invoke/LambdaForm$MH+0x000000010021a000'
Event: 3.518 Thread 0x0000016b1ca5ec50 Unloading class 0x0000000100219c00 'java/lang/invoke/LambdaForm$MH+0x0000000100219c00'
Event: 3.518 Thread 0x0000016b1ca5ec50 Unloading class 0x0000000100219800 'java/lang/invoke/LambdaForm$MH+0x0000000100219800'
Event: 3.518 Thread 0x0000016b1ca5ec50 Unloading class 0x0000000100219400 'java/lang/invoke/LambdaForm$MH+0x0000000100219400'
Event: 3.518 Thread 0x0000016b1ca5ec50 Unloading class 0x0000000100219000 'java/lang/invoke/LambdaForm$BMH+0x0000000100219000'
Event: 3.518 Thread 0x0000016b1ca5ec50 Unloading class 0x0000000100218c00 'java/lang/invoke/LambdaForm$DMH+0x0000000100218c00'
Event: 3.518 Thread 0x0000016b1ca5ec50 Unloading class 0x0000000100216000 'java/lang/invoke/LambdaForm$DMH+0x0000000100216000'

Classes redefined (0 events):
No events

Internal exceptions (20 events):
Event: 5.423 Thread 0x0000016b3945c720 Exception <a 'java/lang/UnsatisfiedLinkError'{0x00000000d6a21f30}: The specified procedure could not be found.
> (0x00000000d6a21f30) 
thrown [s\src\hotspot\share\prims\jni.cpp, line 535]
Event: 5.434 Thread 0x0000016b3945c720 Exception <a 'java/io/FileNotFoundException'{0x00000000d6a45060}> (0x00000000d6a45060) 
thrown [s\src\hotspot\share\prims\jni.cpp, line 516]
Event: 5.447 Thread 0x0000016b3945c720 Exception <a 'java/io/FileNotFoundException'{0x00000000d6ab84d0}> (0x00000000d6ab84d0) 
thrown [s\src\hotspot\share\prims\jni.cpp, line 516]
Event: 5.460 Thread 0x0000016b3945c720 Exception <a 'java/lang/UnsatisfiedLinkError'{0x00000000d6b446e0}: The specified procedure could not be found.
> (0x00000000d6b446e0) 
thrown [s\src\hotspot\share\prims\jni.cpp, line 535]
Event: 5.547 Thread 0x0000016b1c9acdb0 Exception <a 'java/lang/NoSuchMethodError'{0x00000000d6d05e38}: 'java.lang.Object java.lang.invoke.DirectMethodHandle$Holder.invokeStatic(java.lang.Object, java.lang.Object, long, java.lang.Object)'> (0x00000000d6d05e38) 
thrown [s\src\hotspot\share\interpreter\linkResolver.cpp, line 759]
Event: 5.548 Thread 0x0000016b1c9acdb0 Exception <a 'java/lang/NoSuchMethodError'{0x00000000d6d09b88}: 'java.lang.Object java.lang.invoke.DirectMethodHandle$Holder.invokeStaticInit(java.lang.Object, java.lang.Object, long, java.lang.Object)'> (0x00000000d6d09b88) 
thrown [s\src\hotspot\share\interpreter\linkResolver.cpp, line 759]
Event: 5.551 Thread 0x0000016b1c9acdb0 Exception <a 'java/lang/NoSuchMethodError'{0x00000000d6d10198}: 'java.lang.Object java.lang.invoke.DirectMethodHandle$Holder.newInvokeSpecial(java.lang.Object, java.lang.Object, long)'> (0x00000000d6d10198) 
thrown [s\src\hotspot\share\interpreter\linkResolver.cpp, line 759]
Event: 5.690 Thread 0x0000016b1c9acdb0 Exception <a 'java/lang/NoSuchMethodError'{0x00000000d56d6518}: 'void java.lang.invoke.DirectMethodHandle$Holder.invokeStatic(java.lang.Object, java.lang.Object, java.lang.Object, java.lang.Object)'> (0x00000000d56d6518) 
thrown [s\src\hotspot\share\interpreter\linkResolver.cpp, line 759]
Event: 5.951 Thread 0x0000016b1c9acdb0 Exception <a 'java/lang/NoSuchMethodError'{0x00000000d5f14538}: 'void java.lang.invoke.DirectMethodHandle$Holder.invokeSpecial(java.lang.Object, java.lang.Object, java.lang.Object, java.lang.Object, java.lang.Object, java.lang.Object)'> (0x00000000d5f14538) 
thrown [s\src\hotspot\share\interpreter\linkResolver.cpp, line 759]
Event: 5.953 Thread 0x0000016b1c9acdb0 Exception <a 'java/lang/IncompatibleClassChangeError'{0x00000000d5f1dd18}: Found class java.lang.Object, but interface was expected> (0x00000000d5f1dd18) 
thrown [s\src\hotspot\share\interpreter\linkResolver.cpp, line 826]
Event: 6.132 Thread 0x0000016b39abe4a0 Exception <a 'java/io/FileNotFoundException'{0x00000000d652ec30}> (0x00000000d652ec30) 
thrown [s\src\hotspot\share\prims\jni.cpp, line 516]
Event: 6.158 Thread 0x0000016b39abe4a0 Exception <a 'sun/nio/fs/WindowsException'{0x00000000d66dd6c8}> (0x00000000d66dd6c8) 
thrown [s\src\hotspot\share\prims\jni.cpp, line 516]
Event: 6.161 Thread 0x0000016b39abfdf0 Exception <a 'java/io/FileNotFoundException'{0x00000000d66f5af8}> (0x00000000d66f5af8) 
thrown [s\src\hotspot\share\prims\jni.cpp, line 516]
Event: 6.162 Thread 0x0000016b39abfdf0 Exception <a 'java/io/FileNotFoundException'{0x00000000d66f6af8}> (0x00000000d66f6af8) 
thrown [s\src\hotspot\share\prims\jni.cpp, line 516]
Event: 6.318 Thread 0x0000016b39abfdf0 Exception <a 'java/lang/NoSuchMethodError'{0x00000000d5864eb0}: 'java.lang.Object java.lang.invoke.Invokers$Holder.invoke_MT(java.lang.Object, java.lang.Object, java.lang.Object)'> (0x00000000d5864eb0) 
thrown [s\src\hotspot\share\interpreter\linkResolver.cpp, line 759]
Event: 6.680 Thread 0x0000016b39abfdf0 Exception <a 'java/io/FileNotFoundException'{0x00000000d59634c8}> (0x00000000d59634c8) 
thrown [s\src\hotspot\share\prims\jni.cpp, line 516]
Event: 6.680 Thread 0x0000016b39abfdf0 Exception <a 'java/io/FileNotFoundException'{0x00000000d59649f0}> (0x00000000d59649f0) 
thrown [s\src\hotspot\share\prims\jni.cpp, line 516]
Event: 6.683 Thread 0x0000016b39abfdf0 Exception <a 'java/lang/NoSuchMethodError'{0x00000000d5970b98}: 'void java.lang.invoke.DirectMethodHandle$Holder.invokeStaticInit(java.lang.Object, java.lang.Object, java.lang.Object)'> (0x00000000d5970b98) 
thrown [s\src\hotspot\share\interpreter\linkResolver.cpp, line 759]
Event: 11.348 Thread 0x0000016b39abe9b0 Exception <a 'java/lang/NoSuchMethodError'{0x00000000d5aa45f0}: 'java.lang.Object java.lang.invoke.DirectMethodHandle$Holder.invokeInterface(java.lang.Object, java.lang.Object, java.lang.Object)'> (0x00000000d5aa45f0) 
thrown [s\src\hotspot\share\interpreter\linkResolver.cpp, line 759]
Event: 12.407 Thread 0x0000016b39abe9b0 Implicit null exception at 0x0000016b2723bd4f to 0x0000016b2723cab4

VM Operations (20 events):
Event: 7.825 Executing VM operation: ParallelGCFailedAllocation
Event: 7.834 Executing VM operation: ParallelGCFailedAllocation done
Event: 7.969 Executing VM operation: ParallelGCFailedAllocation
Event: 7.976 Executing VM operation: ParallelGCFailedAllocation done
Event: 8.404 Executing VM operation: HandshakeAllThreads
Event: 8.404 Executing VM operation: HandshakeAllThreads done
Event: 9.405 Executing VM operation: Cleanup
Event: 9.406 Executing VM operation: Cleanup done
Event: 11.432 Executing VM operation: Cleanup
Event: 11.436 Executing VM operation: Cleanup done
Event: 11.698 Executing VM operation: HandshakeAllThreads
Event: 11.698 Executing VM operation: HandshakeAllThreads done
Event: 11.855 Executing VM operation: ParallelGCFailedAllocation
Event: 11.858 Executing VM operation: ParallelGCFailedAllocation done
Event: 12.390 Executing VM operation: ParallelGCFailedAllocation
Event: 12.393 Executing VM operation: ParallelGCFailedAllocation done
Event: 12.620 Executing VM operation: HandshakeAllThreads
Event: 12.620 Executing VM operation: HandshakeAllThreads done
Event: 13.634 Executing VM operation: Cleanup
Event: 13.634 Executing VM operation: Cleanup done

Events (20 events):
Event: 11.672 Thread 0x0000016b396c02f0 Thread added: 0x0000016b396c02f0
Event: 11.754 Thread 0x0000016b39abeec0 Thread added: 0x0000016b39abeec0
Event: 11.756 loading class java/util/WeakHashMap$KeyIterator
Event: 11.756 loading class java/util/WeakHashMap$KeyIterator done
Event: 12.100 loading class java/util/Vector$1
Event: 12.100 loading class java/util/Vector$1 done
Event: 12.381 Thread 0x0000016b396c02f0 Thread exited: 0x0000016b396c02f0
Event: 12.407 loading class java/util/Collections$UnmodifiableSortedSet
Event: 12.408 loading class java/util/Collections$UnmodifiableSortedSet done
Event: 12.469 loading class java/util/regex/Pattern$Caret
Event: 12.470 loading class java/util/regex/Pattern$Caret done
Event: 12.573 loading class jdk/internal/reflect/UnsafeIntegerFieldAccessorImpl
Event: 12.574 loading class jdk/internal/reflect/UnsafeIntegerFieldAccessorImpl done
Event: 12.639 loading class java/util/Hashtable$ValueCollection
Event: 12.639 loading class java/util/Hashtable$ValueCollection done
Event: 12.686 loading class java/util/regex/PatternSyntaxException
Event: 12.686 loading class java/util/regex/PatternSyntaxException done
Event: 12.705 Thread 0x0000016b396c02f0 Thread added: 0x0000016b396c02f0
Event: 12.899 Thread 0x0000016b396c02f0 Thread exited: 0x0000016b396c02f0
Event: 12.967 Thread 0x0000016b396c02f0 Thread added: 0x0000016b396c02f0


Dynamic libraries:
0x00007ff64b920000 - 0x00007ff64b92e000 	c:\Users\DELL\.vscode\extensions\redhat.java-1.25.1-win32-x64\jre\17.0.9-win32-x86_64\bin\java.exe
0x00007fff56210000 - 0x00007fff56447000 	C:\WINDOWS\SYSTEM32\ntdll.dll
0x00007fff54ac0000 - 0x00007fff54b89000 	C:\WINDOWS\System32\KERNEL32.DLL
0x00007fff53850000 - 0x00007fff53bad000 	C:\WINDOWS\System32\KERNELBASE.dll
0x00007fff535c0000 - 0x00007fff536fc000 	C:\WINDOWS\System32\ucrtbase.dll
0x00007fff3d1d0000 - 0x00007fff3d1e7000 	c:\Users\DELL\.vscode\extensions\redhat.java-1.25.1-win32-x64\jre\17.0.9-win32-x86_64\bin\jli.dll
0x00007fff55ce0000 - 0x00007fff55ea0000 	C:\WINDOWS\System32\USER32.dll
0x00007fff53d30000 - 0x00007fff53d57000 	C:\WINDOWS\System32\win32u.dll
0x00007fff56140000 - 0x00007fff5616a000 	C:\WINDOWS\System32\GDI32.dll
0x00007fff53de0000 - 0x00007fff53eff000 	C:\WINDOWS\System32\gdi32full.dll
0x00007fff39480000 - 0x00007fff3949b000 	c:\Users\DELL\.vscode\extensions\redhat.java-1.25.1-win32-x64\jre\17.0.9-win32-x86_64\bin\VCRUNTIME140.dll
0x00007fff53f10000 - 0x00007fff53fb5000 	C:\WINDOWS\System32\msvcp_win.dll
0x00007fff39d10000 - 0x00007fff39fa1000 	C:\WINDOWS\WinSxS\amd64_microsoft.windows.common-controls_6595b64144ccf1df_6.0.26010.1000_none_3bfc4084e6609114\COMCTL32.dll
0x00007fff54220000 - 0x00007fff542c7000 	C:\WINDOWS\System32\msvcrt.dll
0x00007fff55920000 - 0x00007fff55951000 	C:\WINDOWS\System32\IMM32.DLL
0x00007fff42ee0000 - 0x00007fff42eec000 	c:\Users\DELL\.vscode\extensions\redhat.java-1.25.1-win32-x64\jre\17.0.9-win32-x86_64\bin\vcruntime140_1.dll
0x00007fff163d0000 - 0x00007fff1645d000 	c:\Users\DELL\.vscode\extensions\redhat.java-1.25.1-win32-x64\jre\17.0.9-win32-x86_64\bin\msvcp140.dll
0x00007ffed2880000 - 0x00007ffed34e1000 	c:\Users\DELL\.vscode\extensions\redhat.java-1.25.1-win32-x64\jre\17.0.9-win32-x86_64\bin\server\jvm.dll
0x00007fff55f10000 - 0x00007fff55fc0000 	C:\WINDOWS\System32\ADVAPI32.dll
0x00007fff548b0000 - 0x00007fff54953000 	C:\WINDOWS\System32\sechost.dll
0x00007fff54b90000 - 0x00007fff54cb6000 	C:\WINDOWS\System32\RPCRT4.dll
0x00007fff53460000 - 0x00007fff534af000 	C:\WINDOWS\SYSTEM32\POWRPROF.dll
0x00007fff31ec0000 - 0x00007fff31eca000 	C:\WINDOWS\SYSTEM32\WSOCK32.dll
0x00007fff41dc0000 - 0x00007fff41df5000 	C:\WINDOWS\SYSTEM32\WINMM.dll
0x00007fff53fc0000 - 0x00007fff54034000 	C:\WINDOWS\System32\WS2_32.dll
0x00007fff413b0000 - 0x00007fff413bb000 	C:\WINDOWS\SYSTEM32\VERSION.dll
0x00007fff53440000 - 0x00007fff53455000 	C:\WINDOWS\SYSTEM32\UMPDC.dll
0x00007fff52460000 - 0x00007fff52479000 	C:\WINDOWS\SYSTEM32\kernel.appcore.dll
0x00007fff3fe40000 - 0x00007fff3fe4a000 	c:\Users\DELL\.vscode\extensions\redhat.java-1.25.1-win32-x64\jre\17.0.9-win32-x86_64\bin\jimage.dll
0x00007fff4d8f0000 - 0x00007fff4db26000 	C:\WINDOWS\SYSTEM32\DBGHELP.DLL
0x00007fff55960000 - 0x00007fff55cd0000 	C:\WINDOWS\System32\combase.dll
0x00007fff54300000 - 0x00007fff543d6000 	C:\WINDOWS\System32\OLEAUT32.dll
0x00007fff36d00000 - 0x00007fff36d39000 	C:\WINDOWS\SYSTEM32\dbgcore.DLL
0x00007fff537c0000 - 0x00007fff53843000 	C:\WINDOWS\System32\bcryptPrimitives.dll
0x00007fff3fa30000 - 0x00007fff3fa3e000 	c:\Users\DELL\.vscode\extensions\redhat.java-1.25.1-win32-x64\jre\17.0.9-win32-x86_64\bin\instrument.dll
0x00007fff1b640000 - 0x00007fff1b665000 	c:\Users\DELL\.vscode\extensions\redhat.java-1.25.1-win32-x64\jre\17.0.9-win32-x86_64\bin\java.dll
0x00007fff2bb70000 - 0x00007fff2bb88000 	c:\Users\DELL\.vscode\extensions\redhat.java-1.25.1-win32-x64\jre\17.0.9-win32-x86_64\bin\zip.dll
0x00007fff55150000 - 0x00007fff55912000 	C:\WINDOWS\System32\SHELL32.dll
0x00007fff513d0000 - 0x00007fff51c2d000 	C:\WINDOWS\SYSTEM32\windows.storage.dll
0x00007fff54080000 - 0x00007fff54157000 	C:\WINDOWS\System32\SHCORE.dll
0x00007fff55eb0000 - 0x00007fff55f0d000 	C:\WINDOWS\System32\shlwapi.dll
0x00007fff534e0000 - 0x00007fff53504000 	C:\WINDOWS\SYSTEM32\profapi.dll
0x00007fff2b590000 - 0x00007fff2b5a9000 	C:\Users\DELL\.vscode\extensions\redhat.java-1.25.1-win32-x64\jre\17.0.9-win32-x86_64\bin\net.dll
0x00007fff439c0000 - 0x00007fff43add000 	C:\WINDOWS\SYSTEM32\WINHTTP.dll
0x00007fff528d0000 - 0x00007fff52939000 	C:\WINDOWS\system32\mswsock.dll
0x00007fff257d0000 - 0x00007fff257e6000 	C:\Users\DELL\.vscode\extensions\redhat.java-1.25.1-win32-x64\jre\17.0.9-win32-x86_64\bin\nio.dll
0x00007fff25420000 - 0x00007fff25430000 	c:\Users\DELL\.vscode\extensions\redhat.java-1.25.1-win32-x64\jre\17.0.9-win32-x86_64\bin\verify.dll
0x00007fff1e1c0000 - 0x00007fff1e1fe000 	C:\Users\DELL\AppData\Roaming\Code\User\globalStorage\redhat.java\1.25.1\config_ss_win\org.eclipse.equinox.launcher\org.eclipse.equinox.launcher.win32.win32.x86_64_1.2.800.v20231003-1442\eclipse_11802.dll
0x00007fff54fb0000 - 0x00007fff55144000 	C:\WINDOWS\System32\ole32.dll
0x00007fff52c90000 - 0x00007fff52cac000 	C:\WINDOWS\SYSTEM32\CRYPTSP.dll
0x00007fff523c0000 - 0x00007fff523f8000 	C:\WINDOWS\system32\rsaenh.dll
0x00007fff52990000 - 0x00007fff529bb000 	C:\WINDOWS\SYSTEM32\USERENV.dll
0x00007fff52e20000 - 0x00007fff52e49000 	C:\WINDOWS\SYSTEM32\bcrypt.dll
0x00007fff52b10000 - 0x00007fff52b1c000 	C:\WINDOWS\SYSTEM32\CRYPTBASE.dll
0x00007fff51f00000 - 0x00007fff51f30000 	C:\WINDOWS\SYSTEM32\IPHLPAPI.DLL
0x00007fff54160000 - 0x00007fff5416a000 	C:\WINDOWS\System32\NSI.dll
0x00007fff471f0000 - 0x00007fff4720b000 	C:\WINDOWS\SYSTEM32\dhcpcsvc6.DLL
0x00007fff43b90000 - 0x00007fff43bb0000 	C:\WINDOWS\SYSTEM32\dhcpcsvc.DLL
0x00007fff51fa0000 - 0x00007fff520b8000 	C:\WINDOWS\SYSTEM32\DNSAPI.dll
0x00007fff1e170000 - 0x00007fff1e1b5000 	C:\Users\DELL\AppData\Local\Temp\jna-2094529\jna10892360176063787189.dll
0x00007fff54070000 - 0x00007fff54078000 	C:\WINDOWS\System32\PSAPI.DLL

dbghelp: loaded successfully - version: 4.0.5 - missing functions: none
symbol engine: initialized successfully - sym options: 0x614 - pdb path: .;c:\Users\DELL\.vscode\extensions\redhat.java-1.25.1-win32-x64\jre\17.0.9-win32-x86_64\bin;C:\WINDOWS\SYSTEM32;C:\WINDOWS\WinSxS\amd64_microsoft.windows.common-controls_6595b64144ccf1df_6.0.26010.1000_none_3bfc4084e6609114;c:\Users\DELL\.vscode\extensions\redhat.java-1.25.1-win32-x64\jre\17.0.9-win32-x86_64\bin\server;C:\Users\DELL\AppData\Roaming\Code\User\globalStorage\redhat.java\1.25.1\config_ss_win\org.eclipse.equinox.launcher\org.eclipse.equinox.launcher.win32.win32.x86_64_1.2.800.v20231003-1442;C:\Users\DELL\AppData\Local\Temp\jna-2094529

VM Arguments:
jvm_args: --add-modules=ALL-SYSTEM --add-opens=java.base/java.util=ALL-UNNAMED --add-opens=java.base/java.lang=ALL-UNNAMED --add-opens=java.base/sun.nio.fs=ALL-UNNAMED -Declipse.application=org.eclipse.jdt.ls.core.id1 -Dosgi.bundles.defaultStartLevel=4 -Declipse.product=org.eclipse.jdt.ls.core.product -Djava.import.generatesMetadataFilesAtProjectRoot=false -DDetectVMInstallationsJob.disabled=true -Dfile.encoding=utf8 -XX:+UseParallelGC -XX:GCTimeRatio=4 -XX:AdaptiveSizePolicyWeight=90 -Dsun.zip.disableMemoryMapping=true -Xmx2G -Xms100m -Xlog:disable -javaagent:c:\Users\DELL\.vscode\extensions\redhat.java-1.25.1-win32-x64\lombok\lombok-1.18.30.jar 
java_command: c:\Users\DELL\.vscode\extensions\redhat.java-1.25.1-win32-x64\server\plugins\org.eclipse.equinox.launcher_1.6.600.v20231106-1826.jar -configuration c:\Users\DELL\AppData\Roaming\Code\User\globalStorage\redhat.java\1.25.1\config_ss_win -data c:\Users\DELL\AppData\Roaming\Code\User\workspaceStorage\2ffab614a004bcb6a02c40aefb33546a\redhat.java\ss_ws --stdio
java_class_path (initial): c:\Users\DELL\.vscode\extensions\redhat.java-1.25.1-win32-x64\server\plugins\org.eclipse.equinox.launcher_1.6.600.v20231106-1826.jar
Launcher Type: SUN_STANDARD

[Global flags]
    uintx AdaptiveSizePolicyWeight                 = 90                                        {product} {command line}
     intx CICompilerCount                          = 4                                         {product} {ergonomic}
    uintx GCTimeRatio                              = 4                                         {product} {command line}
   size_t InitialHeapSize                          = 104857600                                 {product} {command line}
   size_t MaxHeapSize                              = 2147483648                                {product} {command line}
   size_t MaxNewSize                               = 715653120                                 {product} {ergonomic}
   size_t MinHeapDeltaBytes                        = 524288                                    {product} {ergonomic}
   size_t MinHeapSize                              = 104857600                                 {product} {command line}
   size_t NewSize                                  = 34603008                                  {product} {ergonomic}
    uintx NonNMethodCodeHeapSize                   = 5839372                                {pd product} {ergonomic}
    uintx NonProfiledCodeHeapSize                  = 122909434                              {pd product} {ergonomic}
   size_t OldSize                                  = 70254592                                  {product} {ergonomic}
    uintx ProfiledCodeHeapSize                     = 122909434                              {pd product} {ergonomic}
    uintx ReservedCodeCacheSize                    = 251658240                              {pd product} {ergonomic}
     bool SegmentedCodeCache                       = true                                      {product} {ergonomic}
   size_t SoftMaxHeapSize                          = 2147483648                             {manageable} {ergonomic}
     bool UseCompressedClassPointers               = true                           {product lp64_product} {ergonomic}
     bool UseCompressedOops                        = true                           {product lp64_product} {ergonomic}
     bool UseLargePagesIndividualAllocation        = false                                  {pd product} {ergonomic}
     bool UseParallelGC                            = true                                      {product} {command line}

Logging:
Log output configuration:
 #0: stdout all=off uptime,level,tags
 #1: stderr all=off uptime,level,tags

Environment Variables:
PATH=c:\Users\DELL\AppData\Local\Programs\cursor\resources\app\bin;C:\Python311\Scripts\;C:\Python311\;C:\Program Files\Common Files\Oracle\Java\javapath;C:\WINDOWS\system32;C:\WINDOWS;C:\WINDOWS\System32\Wbem;C:\WINDOWS\System32\WindowsPowerShell\v1.0\;C:\WINDOWS\System32\OpenSSH\;C:\Program Files\Git\cmd;C:\ProgramData\chocolatey\bin;C:\Program Files\PuTTY\;C:\mongosh-1.10.5-win32-x64\bin;C:\Program Files\MySQL\MySQL Shell 8.0\bin\;C:\Users\DELL\AppData\Local\Microsoft\WindowsApps;C:\Program Files\JetBrains\IntelliJ IDEA Community Edition 2023.1.2\bin;C:\Users\DELL\AppData\Local\GitHubDesktop\bin;C:\Users\DELL\AppData\Roaming\npm;C:\WINDOWS\system32;C:\WINDOWS;C:\WINDOWS\System32\Wbem;C:\WINDOWS\System32\WindowsPowerShell\v1.0\;C:\WINDOWS\System32\OpenSSH\;C:\Program Files\nodejs\;c:\users\dell\appdata\roaming\python\python311;C:\apache-maven-3.9.6\bin;C:\\Python311\\Scripts\\;C:\Program Files\MySQL\MySQL Shell 8.0\bin\;C:\Users\DELL\AppData\Local\Microsoft\WindowsApps;C:\Users\DELL\AppData\Local\Programs\Microsoft VS Code\bin;C:\Program Files\JetBrains\IntelliJ IDEA Community Edition 2023.1.2\bin;;C:\mongosh-1.10.5-win32-x64\bin;C:\Users\DELL\AppData\Roaming\npm;c:\users\dell\appdata\roaming\python\python311;C:\Program Files\Weka-3-8-6\jre\zulu17.32.13-ca-fx-jre17.0.2-win_x64\bin;C:\\Python311\\Scripts\\;
USERNAME=DELL
OS=Windows_NT
PROCESSOR_IDENTIFIER=Intel64 Family 6 Model 142 Stepping 12, GenuineIntel
TMP=C:\Users\DELL\AppData\Local\Temp
TEMP=C:\Users\DELL\AppData\Local\Temp



Periodic native trim disabled


---------------  S Y S T E M  ---------------

OS:
 Windows 11 , 64 bit Build 26010 (10.0.26010.1000)
OS uptime: 3 days 14:27 hours
Hyper-V role detected

CPU: total 8 (initial active 8) (4 cores per cpu, 2 threads per core) family 6 model 142 stepping 12 microcode 0xf8, cx8, cmov, fxsr, ht, mmx, 3dnowpref, sse, sse2, sse3, ssse3, sse4.1, sse4.2, popcnt, lzcnt, tsc, tscinvbit, avx, avx2, aes, erms, clmul, bmi1, bmi2, adx, fma, vzeroupper, clflush, clflushopt, hv
Processor Information for all 8 processors :
  Max Mhz: 2208, Current Mhz: 1706, Mhz Limit: 1700

Memory: 4k page, system-wide physical 7792M (478M free)
TotalPageFile size 20315M (AvailPageFile size 12M)
current process WorkingSet (physical memory assigned to process): 176M, peak: 180M
current process commit charge ("private bytes"): 296M, peak: 299M

vm_info: OpenJDK 64-Bit Server VM (17.0.9+9) for windows-amd64 JRE (17.0.9+9), built on Oct 26 2023 14:01:42 by "admin" with MS VC++ 16.10 / 16.11 (VS2019)

END.
