#
# There is insufficient memory for the Java Runtime Environment to continue.
# Native memory allocation (malloc) failed to allocate 1059216 bytes for Chunk::new
# Possible reasons:
#   The system is out of physical RAM or swap space
#   The process is running with CompressedOops enabled, and the Java Heap may be blocking the growth of the native heap
# Possible solutions:
#   Reduce memory load on the system
#   Increase physical memory or swap space
#   Check if swap backing store is full
#   Decrease Java heap size (-Xmx/-Xms)
#   Decrease number of Java threads
#   Decrease Java thread stack sizes (-Xss)
#   Set larger code cache with -XX:ReservedCodeCacheSize=
#   JVM is running with Unscaled Compressed Oops mode in which the Java heap is
#     placed in the first 4GB address space. The Java Heap base address is the
#     maximum limit for the native heap growth. Please use -XX:HeapBaseMinAddress
#     to set the Java Heap base and to place the Java Heap above 4GB virtual address.
# This output file may be truncated or incomplete.
#
#  Out of Memory Error (arena.cpp:191), pid=19232, tid=19532
#
# JRE version: OpenJDK Runtime Environment Temurin-17.0.9+9 (17.0.9+9) (build 17.0.9+9)
# Java VM: OpenJDK 64-Bit Server VM Temurin-17.0.9+9 (17.0.9+9, mixed mode, tiered, compressed oops, compressed class ptrs, parallel gc, windows-amd64)
# No core dump will be written. Minidumps are not enabled by default on client versions of Windows
#

---------------  S U M M A R Y ------------

Command Line: --add-modules=ALL-SYSTEM --add-opens=java.base/java.util=ALL-UNNAMED --add-opens=java.base/java.lang=ALL-UNNAMED --add-opens=java.base/sun.nio.fs=ALL-UNNAMED -Declipse.application=org.eclipse.jdt.ls.core.id1 -Dosgi.bundles.defaultStartLevel=4 -Declipse.product=org.eclipse.jdt.ls.core.product -Djava.import.generatesMetadataFilesAtProjectRoot=false -DDetectVMInstallationsJob.disabled=true -Dfile.encoding=utf8 -XX:+UseParallelGC -XX:GCTimeRatio=4 -XX:AdaptiveSizePolicyWeight=90 -Dsun.zip.disableMemoryMapping=true -Xmx2G -Xms100m -Xlog:disable -javaagent:c:\Users\DELL\.vscode\extensions\redhat.java-1.25.1-win32-x64\lombok\lombok-1.18.30.jar -XX:+HeapDumpOnOutOfMemoryError -XX:HeapDumpPath=c:\Users\DELL\AppData\Roaming\Code\User\workspaceStorage\2ffab614a004bcb6a02c40aefb33546a\redhat.java -Daether.dependencyCollector.impl=bf c:\Users\DELL\.vscode\extensions\redhat.java-1.25.1-win32-x64\server\plugins\org.eclipse.equinox.launcher_1.6.600.v20231106-1826.jar -configuration c:\Users\DELL\AppData\Roaming\Code\User\globalStorage\redhat.java\1.25.1\config_win -data c:\Users\DELL\AppData\Roaming\Code\User\workspaceStorage\2ffab614a004bcb6a02c40aefb33546a\redhat.java\jdt_ws --stdio

Host: Intel(R) Core(TM) i5-10310U CPU @ 1.70GHz, 8 cores, 7G,  Windows 11 , 64 bit Build 26010 (10.0.26010.1000)
Time: Wed Dec 20 14:34:21 2023 India Standard Time elapsed time: 8.046934 seconds (0d 0h 0m 8s)

---------------  T H R E A D  ---------------

Current thread (0x0000025e4f4d3b00):  JavaThread "C2 CompilerThread0" daemon [_thread_in_native, id=19532, stack(0x00000099b7d00000,0x00000099b7e00000)]


Current CompileTask:
C2:   8046 4983   !   4       org.eclipse.osgi.internal.loader.classpath.ClasspathManager::defineClass (636 bytes)

Stack: [0x00000099b7d00000,0x00000099b7e00000]
Native frames: (J=compiled Java code, j=interpreted, Vv=VM code, C=native code)
V  [jvm.dll+0x67cf49]
V  [jvm.dll+0x83478a]
V  [jvm.dll+0x83624e]
V  [jvm.dll+0x8368b3]
V  [jvm.dll+0x247f1f]
V  [jvm.dll+0xac43c]
V  [jvm.dll+0xaca8c]
V  [jvm.dll+0x2af45f]
V  [jvm.dll+0x5853f7]
V  [jvm.dll+0x222f62]
V  [jvm.dll+0x22334f]
V  [jvm.dll+0x21c476]
V  [jvm.dll+0x2198c1]
V  [jvm.dll+0x1a57cd]
V  [jvm.dll+0x2297ae]
V  [jvm.dll+0x22797c]
V  [jvm.dll+0x7e9877]
V  [jvm.dll+0x7e3c3a]
V  [jvm.dll+0x67be35]
C  [ucrtbase.dll+0x6e350]
C  [KERNEL32.DLL+0x11f67]
C  [ntdll.dll+0x33570]


---------------  P R O C E S S  ---------------

Threads class SMR info:
_java_thread_list=0x0000025e513ceaf0, length=28, elements={
0x0000025e3200b420, 0x0000025e4a415020, 0x0000025e320bc690, 0x0000025e4a41b2c0,
0x0000025e4a41bd90, 0x0000025e4a41db70, 0x0000025e4a41e640, 0x0000025e4f4d3b00,
0x0000025e4f4da860, 0x0000025e4f4f08c0, 0x0000025e4f5d8fe0, 0x0000025e4f749030,
0x0000025e5112b240, 0x0000025e510c0100, 0x0000025e51589790, 0x0000025e513261c0,
0x0000025e510e4a90, 0x0000025e510e4580, 0x0000025e510e54b0, 0x0000025e510e4070,
0x0000025e510e6e00, 0x0000025e510e63e0, 0x0000025e510e4fa0, 0x0000025e510e59c0,
0x0000025e52e975d0, 0x0000025e52e97ae0, 0x0000025e52e97ff0, 0x0000025e52e93400
}

Java Threads: ( => current thread )
  0x0000025e3200b420 JavaThread "main" [_thread_blocked, id=18064, stack(0x00000099b7400000,0x00000099b7500000)]
  0x0000025e4a415020 JavaThread "Reference Handler" daemon [_thread_blocked, id=9352, stack(0x00000099b7700000,0x00000099b7800000)]
  0x0000025e320bc690 JavaThread "Finalizer" daemon [_thread_blocked, id=25400, stack(0x00000099b7800000,0x00000099b7900000)]
  0x0000025e4a41b2c0 JavaThread "Signal Dispatcher" daemon [_thread_blocked, id=12924, stack(0x00000099b7900000,0x00000099b7a00000)]
  0x0000025e4a41bd90 JavaThread "Attach Listener" daemon [_thread_blocked, id=27176, stack(0x00000099b7a00000,0x00000099b7b00000)]
  0x0000025e4a41db70 JavaThread "Service Thread" daemon [_thread_blocked, id=2356, stack(0x00000099b7b00000,0x00000099b7c00000)]
  0x0000025e4a41e640 JavaThread "Monitor Deflation Thread" daemon [_thread_blocked, id=2040, stack(0x00000099b7c00000,0x00000099b7d00000)]
=>0x0000025e4f4d3b00 JavaThread "C2 CompilerThread0" daemon [_thread_in_native, id=19532, stack(0x00000099b7d00000,0x00000099b7e00000)]
  0x0000025e4f4da860 JavaThread "C1 CompilerThread0" daemon [_thread_blocked, id=1772, stack(0x00000099b7e00000,0x00000099b7f00000)]
  0x0000025e4f4f08c0 JavaThread "Sweeper thread" daemon [_thread_blocked, id=22304, stack(0x00000099b7f00000,0x00000099b8000000)]
  0x0000025e4f5d8fe0 JavaThread "Common-Cleaner" daemon [_thread_blocked, id=26736, stack(0x00000099b8000000,0x00000099b8100000)]
  0x0000025e4f749030 JavaThread "Notification Thread" daemon [_thread_blocked, id=14176, stack(0x00000099b8100000,0x00000099b8200000)]
  0x0000025e5112b240 JavaThread "Active Thread: Equinox Container: 910d6dc3-128a-436d-a9ab-6194e5e985bc" [_thread_blocked, id=21872, stack(0x00000099b8b00000,0x00000099b8c00000)]
  0x0000025e510c0100 JavaThread "Framework Event Dispatcher: Equinox Container: 910d6dc3-128a-436d-a9ab-6194e5e985bc" daemon [_thread_blocked, id=26444, stack(0x00000099b8c00000,0x00000099b8d00000)]
  0x0000025e51589790 JavaThread "Start Level: Equinox Container: 910d6dc3-128a-436d-a9ab-6194e5e985bc" daemon [_thread_blocked, id=20056, stack(0x00000099b8d00000,0x00000099b8e00000)]
  0x0000025e513261c0 JavaThread "Bundle File Closer" daemon [_thread_blocked, id=27424, stack(0x00000099b8f00000,0x00000099b9000000)]
  0x0000025e510e4a90 JavaThread "SCR Component Actor" daemon [_thread_blocked, id=14052, stack(0x00000099b9000000,0x00000099b9100000)]
  0x0000025e510e4580 JavaThread "SCR Component Registry" daemon [_thread_blocked, id=13748, stack(0x00000099b9100000,0x00000099b9200000)]
  0x0000025e510e54b0 JavaThread "Worker-JM" [_thread_blocked, id=15548, stack(0x00000099b8900000,0x00000099b8a00000)]
  0x0000025e510e4070 JavaThread "Worker-0" [_thread_blocked, id=9176, stack(0x00000099b9200000,0x00000099b9300000)]
  0x0000025e510e6e00 JavaThread "Worker-1" [_thread_blocked, id=21024, stack(0x00000099b9300000,0x00000099b9400000)]
  0x0000025e510e63e0 JavaThread "Worker-2: Repository registry initialization" [_thread_in_vm, id=25764, stack(0x00000099b9400000,0x00000099b9500000)]
  0x0000025e510e4fa0 JavaThread "Java indexing" daemon [_thread_blocked, id=18916, stack(0x00000099b9600000,0x00000099b9700000)]
  0x0000025e510e59c0 JavaThread "JNA Cleaner" daemon [_thread_blocked, id=20032, stack(0x00000099b9700000,0x00000099b9800000)]
  0x0000025e52e975d0 JavaThread "pool-2-thread-1" [_thread_blocked, id=26780, stack(0x00000099b9b00000,0x00000099b9c00000)]
  0x0000025e52e97ae0 JavaThread "WorkspaceEventsHandler" [_thread_blocked, id=14664, stack(0x00000099b9c00000,0x00000099b9d00000)]
  0x0000025e52e97ff0 JavaThread "pool-1-thread-1" [_thread_blocked, id=20340, stack(0x00000099b9d00000,0x00000099b9e00000)]
  0x0000025e52e93400 JavaThread "Worker-3" [_thread_blocked, id=23252, stack(0x00000099b9e00000,0x00000099b9f00000)]

Other Threads:
  0x0000025e320b8a00 VMThread "VM Thread" [stack: 0x00000099b7600000,0x00000099b7700000] [id=21808]
  0x0000025e4f749510 WatcherThread [stack: 0x00000099b8200000,0x00000099b8300000] [id=26920]
  0x0000025e32022ee0 GCTaskThread "GC Thread#0" [stack: 0x00000099b7500000,0x00000099b7600000] [id=1300]
  0x0000025e50b0deb0 GCTaskThread "GC Thread#1" [stack: 0x00000099b8300000,0x00000099b8400000] [id=15972]
  0x0000025e50c075f0 GCTaskThread "GC Thread#2" [stack: 0x00000099b8400000,0x00000099b8500000] [id=18880]
  0x0000025e5073e8d0 GCTaskThread "GC Thread#3" [stack: 0x00000099b8500000,0x00000099b8600000] [id=15244]
  0x0000025e5073eb90 GCTaskThread "GC Thread#4" [stack: 0x00000099b8600000,0x00000099b8700000] [id=20212]
  0x0000025e50c099e0 GCTaskThread "GC Thread#5" [stack: 0x00000099b8700000,0x00000099b8800000] [id=23152]
  0x0000025e50bc6440 GCTaskThread "GC Thread#6" [stack: 0x00000099b8800000,0x00000099b8900000] [id=13900]
  0x0000025e50bc5ec0 GCTaskThread "GC Thread#7" [stack: 0x00000099b8e00000,0x00000099b8f00000] [id=18708]

Threads with active compile tasks:
C2 CompilerThread0     8062 4983   !   4       org.eclipse.osgi.internal.loader.classpath.ClasspathManager::defineClass (636 bytes)

VM state: not at safepoint (normal execution)

VM Mutex/Monitor currently owned by a thread: None

Heap address: 0x0000000080000000, size: 2048 MB, Compressed Oops mode: 32-bit

CDS archive(s) not mapped
Compressed class space mapped at: 0x0000000100000000-0x0000000140000000, reserved size: 1073741824
Narrow klass base: 0x0000000000000000, Narrow klass shift: 3, Narrow klass range: 0x140000000

GC Precious Log:
 CPUs: 8 total, 8 available
 Memory: 7792M
 Large Page Support: Disabled
 NUMA Support: Disabled
 Compressed Oops: Enabled (32-bit)
 Alignments: Space 512K, Generation 512K, Heap 2M
 Heap Min Capacity: 100M
 Heap Initial Capacity: 100M
 Heap Max Capacity: 2G
 Pre-touch: Disabled
 Parallel Workers: 8

Heap:
 PSYoungGen      total 23040K, used 11829K [0x00000000d5580000, 0x00000000d6f80000, 0x0000000100000000)
  eden space 22016K, 50% used [0x00000000d5580000,0x00000000d6045550,0x00000000d6b00000)
  from space 1024K, 78% used [0x00000000d6e80000,0x00000000d6f48000,0x00000000d6f80000)
  to   space 1536K, 0% used [0x00000000d6c80000,0x00000000d6c80000,0x00000000d6e00000)
 ParOldGen       total 68608K, used 18332K [0x0000000080000000, 0x0000000084300000, 0x00000000d5580000)
  object space 68608K, 26% used [0x0000000080000000,0x00000000811e7020,0x0000000084300000)
 Metaspace       used 46091K, committed 47232K, reserved 1114112K
  class space    used 4915K, committed 5440K, reserved 1048576K

Card table byte_map: [0x0000025e45760000,0x0000025e45b70000] _byte_map_base: 0x0000025e45360000

Marking Bits: (ParMarkBitMap*) 0x00007ffed341d0b0
 Begin Bits: [0x0000025e45e20000, 0x0000025e47e20000)
 End Bits:   [0x0000025e47e20000, 0x0000025e49e20000)

Polling page: 0x0000025e320c0000

Metaspace:

Usage:
  Non-class:     40.21 MB used.
      Class:      4.80 MB used.
       Both:     45.01 MB used.

Virtual space:
  Non-class space:       64.00 MB reserved,      40.81 MB ( 64%) committed,  1 nodes.
      Class space:        1.00 GB reserved,       5.31 MB ( <1%) committed,  1 nodes.
             Both:        1.06 GB reserved,      46.12 MB (  4%) committed. 

Chunk freelists:
   Non-Class:  6.53 MB
       Class:  10.66 MB
        Both:  17.19 MB

MaxMetaspaceSize: unlimited
CompressedClassSpaceSize: 1.00 GB
Initial GC threshold: 21.00 MB
Current GC threshold: 58.38 MB
CDS: off
MetaspaceReclaimPolicy: balanced
 - commit_granule_bytes: 65536.
 - commit_granule_words: 8192.
 - virtual_space_node_default_size: 8388608.
 - enlarge_chunks_in_place: 1.
 - new_chunks_are_fully_committed: 0.
 - uncommit_free_chunks: 1.
 - use_allocation_guard: 0.
 - handle_deallocations: 1.


Internal statistics:

num_allocs_failed_limit: 6.
num_arena_births: 678.
num_arena_deaths: 14.
num_vsnodes_births: 2.
num_vsnodes_deaths: 0.
num_space_committed: 738.
num_space_uncommitted: 0.
num_chunks_returned_to_freelist: 26.
num_chunks_taken_from_freelist: 2445.
num_chunk_merges: 11.
num_chunk_splits: 1491.
num_chunks_enlarged: 822.
num_inconsistent_stats: 0.

CodeHeap 'non-profiled nmethods': size=120000Kb used=2208Kb max_used=2427Kb free=117791Kb
 bounds [0x0000025e3e140000, 0x0000025e3e3c0000, 0x0000025e45670000]
CodeHeap 'profiled nmethods': size=120000Kb used=8665Kb max_used=10293Kb free=111334Kb
 bounds [0x0000025e36670000, 0x0000025e37080000, 0x0000025e3dba0000]
CodeHeap 'non-nmethods': size=5760Kb used=1277Kb max_used=1382Kb free=4482Kb
 bounds [0x0000025e3dba0000, 0x0000025e3de10000, 0x0000025e3e140000]
 total_blobs=4906 nmethods=4305 adapters=515
 compilation: enabled
              stopped_count=0, restarted_count=0
 full_count=0

Compilation events (20 events):
Event: 7.025 Thread 0x0000025e4f4da860 5048       1       com.google.inject.internal.KotlinSupport$KotlinUnsupported::isNullable (2 bytes)
Event: 7.025 Thread 0x0000025e4f4da860 nmethod 5048 0x0000025e3e305110 code [0x0000025e3e3052a0, 0x0000025e3e305378]
Event: 7.027 Thread 0x0000025e51dbda20 5049       4       org.eclipse.osgi.internal.framework.EquinoxBundle::getBundleId (11 bytes)
Event: 7.028 Thread 0x0000025e51dbda20 nmethod 5049 0x0000025e3e304e10 code [0x0000025e3e304f80, 0x0000025e3e305018]
Event: 7.031 Thread 0x0000025e4f4da860 5050       3       com.google.inject.internal.MoreTypes::getGenericSupertype (135 bytes)
Event: 7.032 Thread 0x0000025e51dbda20 5051       4       java.lang.reflect.Method::getAnnotation (6 bytes)
Event: 7.033 Thread 0x0000025e4f4da860 nmethod 5050 0x0000025e369c0490 code [0x0000025e369c0920, 0x0000025e369c2978]
Event: 7.037 Thread 0x0000025e51dbda20 nmethod 5051 0x0000025e3e308e10 code [0x0000025e3e308fc0, 0x0000025e3e309388]
Event: 7.038 Thread 0x0000025e4f4da860 5052       3       com.google.inject.internal.DeclaredMembers$$Lambda$266/0x000000010049c6a8::apply (5 bytes)
Event: 7.038 Thread 0x0000025e4f4da860 nmethod 5052 0x0000025e3694a110 code [0x0000025e3694a2a0, 0x0000025e3694a498]
Event: 7.039 Thread 0x0000025e4f4da860 5053       3       com.google.inject.internal.DeclaredMembers::lambda$getDeclaredMethods$2 (5 bytes)
Event: 7.039 Thread 0x0000025e4f4da860 nmethod 5053 0x0000025e3696e390 code [0x0000025e3696e520, 0x0000025e3696e698]
Event: 7.040 Thread 0x0000025e4f4da860 5054       3       java.lang.Class::copyConstructors (38 bytes)
Event: 7.041 Thread 0x0000025e4f4da860 nmethod 5054 0x0000025e36704190 code [0x0000025e36704400, 0x0000025e36704e98]
Event: 7.042 Thread 0x0000025e4f4da860 5055       3       com.google.inject.internal.DeclaredMembers::getDeclaredFields (52 bytes)
Event: 7.043 Thread 0x0000025e4f4da860 nmethod 5055 0x0000025e36750e10 code [0x0000025e367511e0, 0x0000025e36752df8]
Event: 7.043 Thread 0x0000025e4f4da860 5056       1       com.google.inject.Key::hashCode (5 bytes)
Event: 7.043 Thread 0x0000025e4f4da860 nmethod 5056 0x0000025e3e304b10 code [0x0000025e3e304ca0, 0x0000025e3e304d78]
Event: 7.045 Thread 0x0000025e4f4da860 5057       1       java.lang.reflect.Constructor::getSignature (5 bytes)
Event: 7.045 Thread 0x0000025e4f4da860 nmethod 5057 0x0000025e3e308b10 code [0x0000025e3e308ca0, 0x0000025e3e308d78]

GC Heap History (20 events):
Event: 3.709 GC heap before
{Heap before GC invocations=7 (full 1):
 PSYoungGen      total 29696K, used 25600K [0x00000000d5580000, 0x00000000d7880000, 0x0000000100000000)
  eden space 25600K, 100% used [0x00000000d5580000,0x00000000d6e80000,0x00000000d6e80000)
  from space 4096K, 0% used [0x00000000d6e80000,0x00000000d6e80000,0x00000000d7280000)
  to   space 5120K, 0% used [0x00000000d7380000,0x00000000d7380000,0x00000000d7880000)
 ParOldGen       total 68608K, used 10675K [0x0000000080000000, 0x0000000084300000, 0x00000000d5580000)
  object space 68608K, 15% used [0x0000000080000000,0x0000000080a6cf48,0x0000000084300000)
 Metaspace       used 24390K, committed 24960K, reserved 1114112K
  class space    used 2480K, committed 2688K, reserved 1048576K
}
Event: 3.711 GC heap after
{Heap after GC invocations=7 (full 1):
 PSYoungGen      total 26112K, used 966K [0x00000000d5580000, 0x00000000d7480000, 0x0000000100000000)
  eden space 25088K, 0% used [0x00000000d5580000,0x00000000d5580000,0x00000000d6e00000)
  from space 1024K, 94% used [0x00000000d7380000,0x00000000d7471b18,0x00000000d7480000)
  to   space 2560K, 0% used [0x00000000d6f80000,0x00000000d6f80000,0x00000000d7200000)
 ParOldGen       total 68608K, used 10683K [0x0000000080000000, 0x0000000084300000, 0x00000000d5580000)
  object space 68608K, 15% used [0x0000000080000000,0x0000000080a6ef48,0x0000000084300000)
 Metaspace       used 24390K, committed 24960K, reserved 1114112K
  class space    used 2480K, committed 2688K, reserved 1048576K
}
Event: 3.992 GC heap before
{Heap before GC invocations=8 (full 1):
 PSYoungGen      total 26112K, used 26031K [0x00000000d5580000, 0x00000000d7480000, 0x0000000100000000)
  eden space 25088K, 99% used [0x00000000d5580000,0x00000000d6dfa138,0x00000000d6e00000)
  from space 1024K, 94% used [0x00000000d7380000,0x00000000d7471b18,0x00000000d7480000)
  to   space 2560K, 0% used [0x00000000d6f80000,0x00000000d6f80000,0x00000000d7200000)
 ParOldGen       total 68608K, used 10683K [0x0000000080000000, 0x0000000084300000, 0x00000000d5580000)
  object space 68608K, 15% used [0x0000000080000000,0x0000000080a6ef48,0x0000000084300000)
 Metaspace       used 27410K, committed 28224K, reserved 1114112K
  class space    used 2832K, committed 3200K, reserved 1048576K
}
Event: 3.995 GC heap after
{Heap after GC invocations=8 (full 1):
 PSYoungGen      total 27136K, used 2550K [0x00000000d5580000, 0x00000000d7580000, 0x0000000100000000)
  eden space 24576K, 0% used [0x00000000d5580000,0x00000000d5580000,0x00000000d6d80000)
  from space 2560K, 99% used [0x00000000d6f80000,0x00000000d71fda10,0x00000000d7200000)
  to   space 3584K, 0% used [0x00000000d7200000,0x00000000d7200000,0x00000000d7580000)
 ParOldGen       total 68608K, used 11588K [0x0000000080000000, 0x0000000084300000, 0x00000000d5580000)
  object space 68608K, 16% used [0x0000000080000000,0x0000000080b512c0,0x0000000084300000)
 Metaspace       used 27410K, committed 28224K, reserved 1114112K
  class space    used 2832K, committed 3200K, reserved 1048576K
}
Event: 4.182 GC heap before
{Heap before GC invocations=9 (full 1):
 PSYoungGen      total 27136K, used 27126K [0x00000000d5580000, 0x00000000d7580000, 0x0000000100000000)
  eden space 24576K, 100% used [0x00000000d5580000,0x00000000d6d80000,0x00000000d6d80000)
  from space 2560K, 99% used [0x00000000d6f80000,0x00000000d71fda10,0x00000000d7200000)
  to   space 3584K, 0% used [0x00000000d7200000,0x00000000d7200000,0x00000000d7580000)
 ParOldGen       total 68608K, used 11588K [0x0000000080000000, 0x0000000084300000, 0x00000000d5580000)
  object space 68608K, 16% used [0x0000000080000000,0x0000000080b512c0,0x0000000084300000)
 Metaspace       used 30235K, committed 30976K, reserved 1114112K
  class space    used 3018K, committed 3328K, reserved 1048576K
}
Event: 4.183 GC heap after
{Heap after GC invocations=9 (full 1):
 PSYoungGen      total 27136K, used 2905K [0x00000000d5580000, 0x00000000d7500000, 0x0000000100000000)
  eden space 24064K, 0% used [0x00000000d5580000,0x00000000d5580000,0x00000000d6d00000)
  from space 3072K, 94% used [0x00000000d7200000,0x00000000d74d6588,0x00000000d7500000)
  to   space 3584K, 0% used [0x00000000d6e00000,0x00000000d6e00000,0x00000000d7180000)
 ParOldGen       total 68608K, used 11588K [0x0000000080000000, 0x0000000084300000, 0x00000000d5580000)
  object space 68608K, 16% used [0x0000000080000000,0x0000000080b512c0,0x0000000084300000)
 Metaspace       used 30235K, committed 30976K, reserved 1114112K
  class space    used 3018K, committed 3328K, reserved 1048576K
}
Event: 4.334 GC heap before
{Heap before GC invocations=10 (full 1):
 PSYoungGen      total 27136K, used 26969K [0x00000000d5580000, 0x00000000d7500000, 0x0000000100000000)
  eden space 24064K, 100% used [0x00000000d5580000,0x00000000d6d00000,0x00000000d6d00000)
  from space 3072K, 94% used [0x00000000d7200000,0x00000000d74d6588,0x00000000d7500000)
  to   space 3584K, 0% used [0x00000000d6e00000,0x00000000d6e00000,0x00000000d7180000)
 ParOldGen       total 68608K, used 11588K [0x0000000080000000, 0x0000000084300000, 0x00000000d5580000)
  object space 68608K, 16% used [0x0000000080000000,0x0000000080b512c0,0x0000000084300000)
 Metaspace       used 32627K, committed 33472K, reserved 1114112K
  class space    used 3205K, committed 3584K, reserved 1048576K
}
Event: 4.336 GC heap after
{Heap after GC invocations=10 (full 1):
 PSYoungGen      total 26624K, used 2694K [0x00000000d5580000, 0x00000000d7280000, 0x0000000100000000)
  eden space 23552K, 0% used [0x00000000d5580000,0x00000000d5580000,0x00000000d6c80000)
  from space 3072K, 87% used [0x00000000d6e00000,0x00000000d70a1b20,0x00000000d7100000)
  to   space 1536K, 0% used [0x00000000d7100000,0x00000000d7100000,0x00000000d7280000)
 ParOldGen       total 68608K, used 12241K [0x0000000080000000, 0x0000000084300000, 0x00000000d5580000)
  object space 68608K, 17% used [0x0000000080000000,0x0000000080bf44b0,0x0000000084300000)
 Metaspace       used 32627K, committed 33472K, reserved 1114112K
  class space    used 3205K, committed 3584K, reserved 1048576K
}
Event: 4.637 GC heap before
{Heap before GC invocations=11 (full 1):
 PSYoungGen      total 26624K, used 17189K [0x00000000d5580000, 0x00000000d7280000, 0x0000000100000000)
  eden space 23552K, 61% used [0x00000000d5580000,0x00000000d63a7950,0x00000000d6c80000)
  from space 3072K, 87% used [0x00000000d6e00000,0x00000000d70a1b20,0x00000000d7100000)
  to   space 1536K, 0% used [0x00000000d7100000,0x00000000d7100000,0x00000000d7280000)
 ParOldGen       total 68608K, used 12241K [0x0000000080000000, 0x0000000084300000, 0x00000000d5580000)
  object space 68608K, 17% used [0x0000000080000000,0x0000000080bf44b0,0x0000000084300000)
 Metaspace       used 35010K, committed 35840K, reserved 1114112K
  class space    used 3466K, committed 3840K, reserved 1048576K
}
Event: 4.641 GC heap after
{Heap after GC invocations=11 (full 1):
 PSYoungGen      total 25088K, used 1526K [0x00000000d5580000, 0x00000000d7480000, 0x0000000100000000)
  eden space 23552K, 0% used [0x00000000d5580000,0x00000000d5580000,0x00000000d6c80000)
  from space 1536K, 99% used [0x00000000d7100000,0x00000000d727da70,0x00000000d7280000)
  to   space 4096K, 0% used [0x00000000d6c80000,0x00000000d6c80000,0x00000000d7080000)
 ParOldGen       total 68608K, used 14569K [0x0000000080000000, 0x0000000084300000, 0x00000000d5580000)
  object space 68608K, 21% used [0x0000000080000000,0x0000000080e3a680,0x0000000084300000)
 Metaspace       used 35010K, committed 35840K, reserved 1114112K
  class space    used 3466K, committed 3840K, reserved 1048576K
}
Event: 4.641 GC heap before
{Heap before GC invocations=12 (full 2):
 PSYoungGen      total 25088K, used 1526K [0x00000000d5580000, 0x00000000d7480000, 0x0000000100000000)
  eden space 23552K, 0% used [0x00000000d5580000,0x00000000d5580000,0x00000000d6c80000)
  from space 1536K, 99% used [0x00000000d7100000,0x00000000d727da70,0x00000000d7280000)
  to   space 4096K, 0% used [0x00000000d6c80000,0x00000000d6c80000,0x00000000d7080000)
 ParOldGen       total 68608K, used 14569K [0x0000000080000000, 0x0000000084300000, 0x00000000d5580000)
  object space 68608K, 21% used [0x0000000080000000,0x0000000080e3a680,0x0000000084300000)
 Metaspace       used 35010K, committed 35840K, reserved 1114112K
  class space    used 3466K, committed 3840K, reserved 1048576K
}
Event: 4.672 GC heap after
{Heap after GC invocations=12 (full 2):
 PSYoungGen      total 25088K, used 0K [0x00000000d5580000, 0x00000000d7480000, 0x0000000100000000)
  eden space 23552K, 0% used [0x00000000d5580000,0x00000000d5580000,0x00000000d6c80000)
  from space 1536K, 0% used [0x00000000d7100000,0x00000000d7100000,0x00000000d7280000)
  to   space 4096K, 0% used [0x00000000d6c80000,0x00000000d6c80000,0x00000000d7080000)
 ParOldGen       total 68608K, used 14243K [0x0000000080000000, 0x0000000084300000, 0x00000000d5580000)
  object space 68608K, 20% used [0x0000000080000000,0x0000000080de8e88,0x0000000084300000)
 Metaspace       used 34997K, committed 35840K, reserved 1114112K
  class space    used 3462K, committed 3840K, reserved 1048576K
}
Event: 5.185 GC heap before
{Heap before GC invocations=13 (full 2):
 PSYoungGen      total 25088K, used 23542K [0x00000000d5580000, 0x00000000d7480000, 0x0000000100000000)
  eden space 23552K, 99% used [0x00000000d5580000,0x00000000d6c7db78,0x00000000d6c80000)
  from space 1536K, 0% used [0x00000000d7100000,0x00000000d7100000,0x00000000d7280000)
  to   space 4096K, 0% used [0x00000000d6c80000,0x00000000d6c80000,0x00000000d7080000)
 ParOldGen       total 68608K, used 14243K [0x0000000080000000, 0x0000000084300000, 0x00000000d5580000)
  object space 68608K, 20% used [0x0000000080000000,0x0000000080de8e88,0x0000000084300000)
 Metaspace       used 38215K, committed 39104K, reserved 1114112K
  class space    used 3844K, committed 4224K, reserved 1048576K
}
Event: 5.187 GC heap after
{Heap after GC invocations=13 (full 2):
 PSYoungGen      total 25088K, used 1717K [0x00000000d5580000, 0x00000000d7180000, 0x0000000100000000)
  eden space 23040K, 0% used [0x00000000d5580000,0x00000000d5580000,0x00000000d6c00000)
  from space 2048K, 83% used [0x00000000d6c80000,0x00000000d6e2d708,0x00000000d6e80000)
  to   space 2560K, 0% used [0x00000000d6f00000,0x00000000d6f00000,0x00000000d7180000)
 ParOldGen       total 68608K, used 14251K [0x0000000080000000, 0x0000000084300000, 0x00000000d5580000)
  object space 68608K, 20% used [0x0000000080000000,0x0000000080deae88,0x0000000084300000)
 Metaspace       used 38215K, committed 39104K, reserved 1114112K
  class space    used 3844K, committed 4224K, reserved 1048576K
}
Event: 5.567 GC heap before
{Heap before GC invocations=14 (full 2):
 PSYoungGen      total 25088K, used 24757K [0x00000000d5580000, 0x00000000d7180000, 0x0000000100000000)
  eden space 23040K, 100% used [0x00000000d5580000,0x00000000d6c00000,0x00000000d6c00000)
  from space 2048K, 83% used [0x00000000d6c80000,0x00000000d6e2d708,0x00000000d6e80000)
  to   space 2560K, 0% used [0x00000000d6f00000,0x00000000d6f00000,0x00000000d7180000)
 ParOldGen       total 68608K, used 14251K [0x0000000080000000, 0x0000000084300000, 0x00000000d5580000)
  object space 68608K, 20% used [0x0000000080000000,0x0000000080deae88,0x0000000084300000)
 Metaspace       used 40736K, committed 41728K, reserved 1114112K
  class space    used 4187K, committed 4608K, reserved 1048576K
}
Event: 5.570 GC heap after
{Heap after GC invocations=14 (full 2):
 PSYoungGen      total 23552K, used 608K [0x00000000d5580000, 0x00000000d7000000, 0x0000000100000000)
  eden space 22528K, 0% used [0x00000000d5580000,0x00000000d5580000,0x00000000d6b80000)
  from space 1024K, 59% used [0x00000000d6f00000,0x00000000d6f98000,0x00000000d7000000)
  to   space 1536K, 0% used [0x00000000d6d00000,0x00000000d6d00000,0x00000000d6e80000)
 ParOldGen       total 68608K, used 15836K [0x0000000080000000, 0x0000000084300000, 0x00000000d5580000)
  object space 68608K, 23% used [0x0000000080000000,0x0000000080f77288,0x0000000084300000)
 Metaspace       used 40736K, committed 41728K, reserved 1114112K
  class space    used 4187K, committed 4608K, reserved 1048576K
}
Event: 6.333 GC heap before
{Heap before GC invocations=15 (full 2):
 PSYoungGen      total 23552K, used 23136K [0x00000000d5580000, 0x00000000d7000000, 0x0000000100000000)
  eden space 22528K, 100% used [0x00000000d5580000,0x00000000d6b80000,0x00000000d6b80000)
  from space 1024K, 59% used [0x00000000d6f00000,0x00000000d6f98000,0x00000000d7000000)
  to   space 1536K, 0% used [0x00000000d6d00000,0x00000000d6d00000,0x00000000d6e80000)
 ParOldGen       total 68608K, used 15836K [0x0000000080000000, 0x0000000084300000, 0x00000000d5580000)
  object space 68608K, 23% used [0x0000000080000000,0x0000000080f77288,0x0000000084300000)
 Metaspace       used 43302K, committed 44416K, reserved 1114112K
  class space    used 4532K, committed 5056K, reserved 1048576K
}
Event: 6.336 GC heap after
{Heap after GC invocations=15 (full 2):
 PSYoungGen      total 23552K, used 1510K [0x00000000d5580000, 0x00000000d7100000, 0x0000000100000000)
  eden space 22016K, 0% used [0x00000000d5580000,0x00000000d5580000,0x00000000d6b00000)
  from space 1536K, 98% used [0x00000000d6d00000,0x00000000d6e799f0,0x00000000d6e80000)
  to   space 2560K, 0% used [0x00000000d6e80000,0x00000000d6e80000,0x00000000d7100000)
 ParOldGen       total 68608K, used 17016K [0x0000000080000000, 0x0000000084300000, 0x00000000d5580000)
  object space 68608K, 24% used [0x0000000080000000,0x000000008109e068,0x0000000084300000)
 Metaspace       used 43302K, committed 44416K, reserved 1114112K
  class space    used 4532K, committed 5056K, reserved 1048576K
}
Event: 6.827 GC heap before
{Heap before GC invocations=16 (full 2):
 PSYoungGen      total 23552K, used 23526K [0x00000000d5580000, 0x00000000d7100000, 0x0000000100000000)
  eden space 22016K, 100% used [0x00000000d5580000,0x00000000d6b00000,0x00000000d6b00000)
  from space 1536K, 98% used [0x00000000d6d00000,0x00000000d6e799f0,0x00000000d6e80000)
  to   space 2560K, 0% used [0x00000000d6e80000,0x00000000d6e80000,0x00000000d7100000)
 ParOldGen       total 68608K, used 17016K [0x0000000080000000, 0x0000000084300000, 0x00000000d5580000)
  object space 68608K, 24% used [0x0000000080000000,0x000000008109e068,0x0000000084300000)
 Metaspace       used 44893K, committed 46016K, reserved 1114112K
  class space    used 4750K, committed 5248K, reserved 1048576K
}
Event: 6.829 GC heap after
{Heap after GC invocations=16 (full 2):
 PSYoungGen      total 23040K, used 800K [0x00000000d5580000, 0x00000000d6f80000, 0x0000000100000000)
  eden space 22016K, 0% used [0x00000000d5580000,0x00000000d5580000,0x00000000d6b00000)
  from space 1024K, 78% used [0x00000000d6e80000,0x00000000d6f48000,0x00000000d6f80000)
  to   space 1536K, 0% used [0x00000000d6c80000,0x00000000d6c80000,0x00000000d6e00000)
 ParOldGen       total 68608K, used 18332K [0x0000000080000000, 0x0000000084300000, 0x00000000d5580000)
  object space 68608K, 26% used [0x0000000080000000,0x00000000811e7020,0x0000000084300000)
 Metaspace       used 44893K, committed 46016K, reserved 1114112K
  class space    used 4750K, committed 5248K, reserved 1048576K
}

Dll operation events (10 events):
Event: 0.029 Loaded shared library c:\Users\DELL\.vscode\extensions\redhat.java-1.25.1-win32-x64\jre\17.0.9-win32-x86_64\bin\java.dll
Event: 0.212 Loaded shared library c:\Users\DELL\.vscode\extensions\redhat.java-1.25.1-win32-x64\jre\17.0.9-win32-x86_64\bin\zip.dll
Event: 0.215 Loaded shared library C:\Users\DELL\.vscode\extensions\redhat.java-1.25.1-win32-x64\jre\17.0.9-win32-x86_64\bin\instrument.dll
Event: 0.230 Loaded shared library C:\Users\DELL\.vscode\extensions\redhat.java-1.25.1-win32-x64\jre\17.0.9-win32-x86_64\bin\net.dll
Event: 0.232 Loaded shared library C:\Users\DELL\.vscode\extensions\redhat.java-1.25.1-win32-x64\jre\17.0.9-win32-x86_64\bin\nio.dll
Event: 0.237 Loaded shared library C:\Users\DELL\.vscode\extensions\redhat.java-1.25.1-win32-x64\jre\17.0.9-win32-x86_64\bin\zip.dll
Event: 0.260 Loaded shared library C:\Users\DELL\.vscode\extensions\redhat.java-1.25.1-win32-x64\jre\17.0.9-win32-x86_64\bin\jimage.dll
Event: 0.348 Loaded shared library c:\Users\DELL\.vscode\extensions\redhat.java-1.25.1-win32-x64\jre\17.0.9-win32-x86_64\bin\verify.dll
Event: 2.378 Loaded shared library C:\Users\DELL\AppData\Roaming\Code\User\globalStorage\redhat.java\1.25.1\config_win\org.eclipse.equinox.launcher\org.eclipse.equinox.launcher.win32.win32.x86_64_1.2.800.v20231003-1442\eclipse_11802.dll
Event: 4.909 Loaded shared library C:\Users\DELL\AppData\Local\Temp\jna-2094529\jna18393581259959821065.dll

Deoptimization events (20 events):
Event: 6.601 Thread 0x0000025e510e63e0 Uncommon trap: trap_request=0xffffff66 fr.pc=0x0000025e3e2d2118 relative=0x00000000000000f8
Event: 6.601 Thread 0x0000025e510e63e0 Uncommon trap: reason=speculate_class_check action=maybe_recompile pc=0x0000025e3e2d2118 method=java.util.regex.Pattern$CharPredicate.lambda$negate$3(I)Z @ 2 c2
Event: 6.601 Thread 0x0000025e510e63e0 DEOPT PACKING pc=0x0000025e3e2d2118 sp=0x00000099b94fe150
Event: 6.601 Thread 0x0000025e510e63e0 DEOPT UNPACKING pc=0x0000025e3dbf66a3 sp=0x00000099b94fe070 mode 2
Event: 6.916 Thread 0x0000025e510e63e0 Uncommon trap: trap_request=0xffffffde fr.pc=0x0000025e3e14e228 relative=0x00000000000004a8
Event: 6.916 Thread 0x0000025e510e63e0 Uncommon trap: reason=class_check action=maybe_recompile pc=0x0000025e3e14e228 method=java.lang.reflect.Executable.declaredAnnotations()Ljava/util/Map; @ 23 c2
Event: 6.916 Thread 0x0000025e510e63e0 DEOPT PACKING pc=0x0000025e3e14e228 sp=0x00000099b94fde30
Event: 6.916 Thread 0x0000025e510e63e0 DEOPT UNPACKING pc=0x0000025e3dbf66a3 sp=0x00000099b94fddf8 mode 2
Event: 6.916 Thread 0x0000025e510e63e0 Uncommon trap: trap_request=0xffffffde fr.pc=0x0000025e3e14e228 relative=0x00000000000004a8
Event: 6.916 Thread 0x0000025e510e63e0 Uncommon trap: reason=class_check action=maybe_recompile pc=0x0000025e3e14e228 method=java.lang.reflect.Executable.declaredAnnotations()Ljava/util/Map; @ 23 c2
Event: 6.916 Thread 0x0000025e510e63e0 DEOPT PACKING pc=0x0000025e3e14e228 sp=0x00000099b94fdd90
Event: 6.916 Thread 0x0000025e510e63e0 DEOPT UNPACKING pc=0x0000025e3dbf66a3 sp=0x00000099b94fdd60 mode 2
Event: 6.916 Thread 0x0000025e510e63e0 Uncommon trap: trap_request=0xffffffde fr.pc=0x0000025e3e14e228 relative=0x00000000000004a8
Event: 6.916 Thread 0x0000025e510e63e0 Uncommon trap: reason=class_check action=maybe_recompile pc=0x0000025e3e14e228 method=java.lang.reflect.Executable.declaredAnnotations()Ljava/util/Map; @ 23 c2
Event: 6.916 Thread 0x0000025e510e63e0 DEOPT PACKING pc=0x0000025e3e14e228 sp=0x00000099b94fe240
Event: 6.916 Thread 0x0000025e510e63e0 DEOPT UNPACKING pc=0x0000025e3dbf66a3 sp=0x00000099b94fe210 mode 2
Event: 6.920 Thread 0x0000025e510e63e0 Uncommon trap: trap_request=0xffffffde fr.pc=0x0000025e3e14e228 relative=0x00000000000004a8
Event: 6.920 Thread 0x0000025e510e63e0 Uncommon trap: reason=class_check action=maybe_recompile pc=0x0000025e3e14e228 method=java.lang.reflect.Executable.declaredAnnotations()Ljava/util/Map; @ 23 c2
Event: 6.920 Thread 0x0000025e510e63e0 DEOPT PACKING pc=0x0000025e3e14e228 sp=0x00000099b94fde30
Event: 6.920 Thread 0x0000025e510e63e0 DEOPT UNPACKING pc=0x0000025e3dbf66a3 sp=0x00000099b94fddf8 mode 2

Classes unloaded (7 events):
Event: 4.647 Thread 0x0000025e320b8a00 Unloading class 0x0000000100250400 'java/lang/invoke/LambdaForm$MH+0x0000000100250400'
Event: 4.647 Thread 0x0000025e320b8a00 Unloading class 0x0000000100250000 'java/lang/invoke/LambdaForm$MH+0x0000000100250000'
Event: 4.647 Thread 0x0000025e320b8a00 Unloading class 0x000000010024fc00 'java/lang/invoke/LambdaForm$MH+0x000000010024fc00'
Event: 4.647 Thread 0x0000025e320b8a00 Unloading class 0x000000010024f800 'java/lang/invoke/LambdaForm$MH+0x000000010024f800'
Event: 4.647 Thread 0x0000025e320b8a00 Unloading class 0x000000010024f400 'java/lang/invoke/LambdaForm$BMH+0x000000010024f400'
Event: 4.647 Thread 0x0000025e320b8a00 Unloading class 0x000000010024f000 'java/lang/invoke/LambdaForm$DMH+0x000000010024f000'
Event: 4.647 Thread 0x0000025e320b8a00 Unloading class 0x000000010024c000 'java/lang/invoke/LambdaForm$DMH+0x000000010024c000'

Classes redefined (0 events):
No events

Internal exceptions (20 events):
Event: 4.852 Thread 0x0000025e510e63e0 Exception <a 'java/io/FileNotFoundException'{0x00000000d5d92ec8}> (0x00000000d5d92ec8) 
thrown [s\src\hotspot\share\prims\jni.cpp, line 516]
Event: 4.955 Thread 0x0000025e51589790 Exception <a 'java/lang/UnsatisfiedLinkError'{0x00000000d6306638}: The specified procedure could not be found.
> (0x00000000d6306638) 
thrown [s\src\hotspot\share\prims\jni.cpp, line 535]
Event: 4.960 Thread 0x0000025e51589790 Exception <a 'java/io/FileNotFoundException'{0x00000000d632bd20}> (0x00000000d632bd20) 
thrown [s\src\hotspot\share\prims\jni.cpp, line 516]
Event: 4.971 Thread 0x0000025e51589790 Exception <a 'java/io/FileNotFoundException'{0x00000000d63fff48}> (0x00000000d63fff48) 
thrown [s\src\hotspot\share\prims\jni.cpp, line 516]
Event: 4.993 Thread 0x0000025e51589790 Exception <a 'java/lang/UnsatisfiedLinkError'{0x00000000d64dd460}: The specified procedure could not be found.
> (0x00000000d64dd460) 
thrown [s\src\hotspot\share\prims\jni.cpp, line 535]
Event: 5.015 Thread 0x0000025e510e63e0 Exception <a 'java/lang/NoSuchMethodError'{0x00000000d661ea48}: 'java.lang.Object java.lang.invoke.DirectMethodHandle$Holder.invokeSpecialIFC(java.lang.Object, java.lang.Object, java.lang.Object, java.lang.Object)'> (0x00000000d661ea48) 
thrown [s\src\hotspot\share\interpreter\linkResolver.cpp, line 759]
Event: 5.079 Thread 0x0000025e3200b420 Exception <a 'sun/nio/fs/WindowsException'{0x00000000d68a7480}> (0x00000000d68a7480) 
thrown [s\src\hotspot\share\prims\jni.cpp, line 516]
Event: 5.148 Thread 0x0000025e3200b420 Exception <a 'java/lang/NoSuchMethodError'{0x00000000d6bd2788}: 'java.lang.Object java.lang.invoke.DirectMethodHandle$Holder.invokeStatic(java.lang.Object, java.lang.Object, long, java.lang.Object)'> (0x00000000d6bd2788) 
thrown [s\src\hotspot\share\interpreter\linkResolver.cpp, line 759]
Event: 5.149 Thread 0x0000025e3200b420 Exception <a 'java/lang/NoSuchMethodError'{0x00000000d6bdeb90}: 'java.lang.Object java.lang.invoke.DirectMethodHandle$Holder.invokeStaticInit(java.lang.Object, java.lang.Object, long, java.lang.Object)'> (0x00000000d6bdeb90) 
thrown [s\src\hotspot\share\interpreter\linkResolver.cpp, line 759]
Event: 5.151 Thread 0x0000025e3200b420 Exception <a 'java/lang/NoSuchMethodError'{0x00000000d6be8e00}: 'java.lang.Object java.lang.invoke.DirectMethodHandle$Holder.newInvokeSpecial(java.lang.Object, java.lang.Object, long)'> (0x00000000d6be8e00) 
thrown [s\src\hotspot\share\interpreter\linkResolver.cpp, line 759]
Event: 5.283 Thread 0x0000025e3200b420 Exception <a 'java/lang/NoSuchMethodError'{0x00000000d5b54d90}: 'void java.lang.invoke.DirectMethodHandle$Holder.invokeStatic(java.lang.Object, java.lang.Object, java.lang.Object, java.lang.Object)'> (0x00000000d5b54d90) 
thrown [s\src\hotspot\share\interpreter\linkResolver.cpp, line 759]
Event: 5.402 Thread 0x0000025e510e4070 Exception <a 'java/io/FileNotFoundException'{0x00000000d6257a30}> (0x00000000d6257a30) 
thrown [s\src\hotspot\share\prims\jni.cpp, line 516]
Event: 5.402 Thread 0x0000025e510e4070 Exception <a 'java/io/FileNotFoundException'{0x00000000d6258a40}> (0x00000000d6258a40) 
thrown [s\src\hotspot\share\prims\jni.cpp, line 516]
Event: 5.610 Thread 0x0000025e510e63e0 Exception <a 'java/lang/NoSuchMethodError'{0x00000000d5597de0}: 'int java.lang.invoke.DirectMethodHandle$Holder.invokeSpecialIFC(java.lang.Object, java.lang.Object, java.lang.Object, java.lang.Object, java.lang.Object)'> (0x00000000d5597de0) 
thrown [s\src\hotspot\share\interpreter\linkResolver.cpp, line 759]
Event: 5.621 Thread 0x0000025e3200b420 Exception <a 'java/lang/NoSuchMethodError'{0x00000000d574ab78}: 'void java.lang.invoke.DirectMethodHandle$Holder.invokeSpecial(java.lang.Object, java.lang.Object, java.lang.Object, java.lang.Object, java.lang.Object, java.lang.Object)'> (0x00000000d574ab78) 
thrown [s\src\hotspot\share\interpreter\linkResolver.cpp, line 759]
Event: 5.623 Thread 0x0000025e3200b420 Exception <a 'java/lang/IncompatibleClassChangeError'{0x00000000d57543a8}: Found class java.lang.Object, but interface was expected> (0x00000000d57543a8) 
thrown [s\src\hotspot\share\interpreter\linkResolver.cpp, line 826]
Event: 6.102 Thread 0x0000025e510e63e0 Exception <a 'java/lang/NoClassDefFoundError'{0x00000000d6320500}: javax/enterprise/inject/Typed> (0x00000000d6320500) 
thrown [s\src\hotspot\share\classfile\systemDictionary.cpp, line 245]
Event: 6.389 Thread 0x0000025e52e97ff0 Exception <a 'java/io/FileNotFoundException'{0x00000000d58a3ad0}> (0x00000000d58a3ad0) 
thrown [s\src\hotspot\share\prims\jni.cpp, line 516]
Event: 6.523 Thread 0x0000025e52e97ff0 Exception <a 'sun/nio/fs/WindowsException'{0x00000000d5d66ff8}> (0x00000000d5d66ff8) 
thrown [s\src\hotspot\share\prims\jni.cpp, line 516]
Event: 6.553 Thread 0x0000025e510e4070 Exception <a 'java/lang/NoSuchMethodError'{0x00000000d5e48500}: 'int java.lang.invoke.DirectMethodHandle$Holder.invokeSpecialIFC(java.lang.Object, java.lang.Object, java.lang.Object, java.lang.Object)'> (0x00000000d5e48500) 
thrown [s\src\hotspot\share\interpreter\linkResolver.cpp, line 759]

VM Operations (20 events):
Event: 6.036 Executing VM operation: HandshakeAllThreads
Event: 6.037 Executing VM operation: HandshakeAllThreads done
Event: 6.333 Executing VM operation: ParallelGCFailedAllocation
Event: 6.336 Executing VM operation: ParallelGCFailedAllocation done
Event: 6.349 Executing VM operation: HandshakeAllThreads
Event: 6.349 Executing VM operation: HandshakeAllThreads done
Event: 6.349 Executing VM operation: HandshakeAllThreads
Event: 6.349 Executing VM operation: HandshakeAllThreads done
Event: 6.380 Executing VM operation: HandshakeAllThreads
Event: 6.381 Executing VM operation: HandshakeAllThreads done
Event: 6.452 Executing VM operation: HandshakeAllThreads
Event: 6.452 Executing VM operation: HandshakeAllThreads done
Event: 6.827 Executing VM operation: ParallelGCFailedAllocation
Event: 6.829 Executing VM operation: ParallelGCFailedAllocation done
Event: 6.981 Executing VM operation: HandshakeAllThreads
Event: 6.981 Executing VM operation: HandshakeAllThreads done
Event: 7.021 Executing VM operation: HandshakeAllThreads
Event: 7.021 Executing VM operation: HandshakeAllThreads done
Event: 8.021 Executing VM operation: Cleanup
Event: 8.021 Executing VM operation: Cleanup done

Events (20 events):
Event: 6.473 Thread 0x0000025e4f4f08c0 flushing nmethod 0x0000025e37065590
Event: 6.473 Thread 0x0000025e4f4f08c0 flushing nmethod 0x0000025e37066710
Event: 6.473 Thread 0x0000025e4f4f08c0 flushing nmethod 0x0000025e3706fd90
Event: 6.473 Thread 0x0000025e4f4f08c0 flushing nmethod 0x0000025e37070f10
Event: 6.568 loading class jdk/internal/math/FormattedFloatingDecimal$Form
Event: 6.568 loading class jdk/internal/math/FormattedFloatingDecimal$Form done
Event: 6.568 loading class jdk/internal/math/FormattedFloatingDecimal
Event: 6.569 loading class jdk/internal/math/FormattedFloatingDecimal done
Event: 6.569 loading class jdk/internal/math/FormattedFloatingDecimal$1
Event: 6.569 loading class jdk/internal/math/FormattedFloatingDecimal$1 done
Event: 6.569 loading class jdk/internal/math/FormattedFloatingDecimal$2
Event: 6.570 loading class jdk/internal/math/FormattedFloatingDecimal$2 done
Event: 6.886 loading class sun/reflect/annotation/AnnotatedTypeFactory$AnnotatedParameterizedTypeImpl
Event: 6.887 loading class java/lang/reflect/AnnotatedParameterizedType
Event: 6.887 loading class java/lang/reflect/AnnotatedParameterizedType done
Event: 6.887 loading class sun/reflect/annotation/AnnotatedTypeFactory$AnnotatedParameterizedTypeImpl done
Event: 7.008 loading class sun/reflect/generics/scope/ConstructorScope
Event: 7.008 loading class sun/reflect/generics/scope/ConstructorScope done
Event: 7.008 loading class sun/reflect/generics/tree/VoidDescriptor
Event: 7.008 loading class sun/reflect/generics/tree/VoidDescriptor done


Dynamic libraries:
0x00007ff64b920000 - 0x00007ff64b92e000 	c:\Users\DELL\.vscode\extensions\redhat.java-1.25.1-win32-x64\jre\17.0.9-win32-x86_64\bin\java.exe
0x00007fff56210000 - 0x00007fff56447000 	C:\WINDOWS\SYSTEM32\ntdll.dll
0x00007fff54ac0000 - 0x00007fff54b89000 	C:\WINDOWS\System32\KERNEL32.DLL
0x00007fff53850000 - 0x00007fff53bad000 	C:\WINDOWS\System32\KERNELBASE.dll
0x00007fff535c0000 - 0x00007fff536fc000 	C:\WINDOWS\System32\ucrtbase.dll
0x00007fff3d1d0000 - 0x00007fff3d1e7000 	c:\Users\DELL\.vscode\extensions\redhat.java-1.25.1-win32-x64\jre\17.0.9-win32-x86_64\bin\jli.dll
0x00007fff55ce0000 - 0x00007fff55ea0000 	C:\WINDOWS\System32\USER32.dll
0x00007fff53d30000 - 0x00007fff53d57000 	C:\WINDOWS\System32\win32u.dll
0x00007fff56140000 - 0x00007fff5616a000 	C:\WINDOWS\System32\GDI32.dll
0x00007fff53de0000 - 0x00007fff53eff000 	C:\WINDOWS\System32\gdi32full.dll
0x00007fff53f10000 - 0x00007fff53fb5000 	C:\WINDOWS\System32\msvcp_win.dll
0x00007fff39480000 - 0x00007fff3949b000 	c:\Users\DELL\.vscode\extensions\redhat.java-1.25.1-win32-x64\jre\17.0.9-win32-x86_64\bin\VCRUNTIME140.dll
0x00007fff39d10000 - 0x00007fff39fa1000 	C:\WINDOWS\WinSxS\amd64_microsoft.windows.common-controls_6595b64144ccf1df_6.0.26010.1000_none_3bfc4084e6609114\COMCTL32.dll
0x00007fff54220000 - 0x00007fff542c7000 	C:\WINDOWS\System32\msvcrt.dll
0x00007fff55920000 - 0x00007fff55951000 	C:\WINDOWS\System32\IMM32.DLL
0x00007fff42ee0000 - 0x00007fff42eec000 	c:\Users\DELL\.vscode\extensions\redhat.java-1.25.1-win32-x64\jre\17.0.9-win32-x86_64\bin\vcruntime140_1.dll
0x00007fff163d0000 - 0x00007fff1645d000 	c:\Users\DELL\.vscode\extensions\redhat.java-1.25.1-win32-x64\jre\17.0.9-win32-x86_64\bin\msvcp140.dll
0x00007ffed2880000 - 0x00007ffed34e1000 	c:\Users\DELL\.vscode\extensions\redhat.java-1.25.1-win32-x64\jre\17.0.9-win32-x86_64\bin\server\jvm.dll
0x00007fff55f10000 - 0x00007fff55fc0000 	C:\WINDOWS\System32\ADVAPI32.dll
0x00007fff548b0000 - 0x00007fff54953000 	C:\WINDOWS\System32\sechost.dll
0x00007fff54b90000 - 0x00007fff54cb6000 	C:\WINDOWS\System32\RPCRT4.dll
0x00007fff53460000 - 0x00007fff534af000 	C:\WINDOWS\SYSTEM32\POWRPROF.dll
0x00007fff31ec0000 - 0x00007fff31eca000 	C:\WINDOWS\SYSTEM32\WSOCK32.dll
0x00007fff41dc0000 - 0x00007fff41df5000 	C:\WINDOWS\SYSTEM32\WINMM.dll
0x00007fff53fc0000 - 0x00007fff54034000 	C:\WINDOWS\System32\WS2_32.dll
0x00007fff413b0000 - 0x00007fff413bb000 	C:\WINDOWS\SYSTEM32\VERSION.dll
0x00007fff53440000 - 0x00007fff53455000 	C:\WINDOWS\SYSTEM32\UMPDC.dll
0x00007fff52460000 - 0x00007fff52479000 	C:\WINDOWS\SYSTEM32\kernel.appcore.dll
0x00007fff3fe40000 - 0x00007fff3fe4a000 	c:\Users\DELL\.vscode\extensions\redhat.java-1.25.1-win32-x64\jre\17.0.9-win32-x86_64\bin\jimage.dll
0x00007fff4d8f0000 - 0x00007fff4db26000 	C:\WINDOWS\SYSTEM32\DBGHELP.DLL
0x00007fff55960000 - 0x00007fff55cd0000 	C:\WINDOWS\System32\combase.dll
0x00007fff54300000 - 0x00007fff543d6000 	C:\WINDOWS\System32\OLEAUT32.dll
0x00007fff36d00000 - 0x00007fff36d39000 	C:\WINDOWS\SYSTEM32\dbgcore.DLL
0x00007fff537c0000 - 0x00007fff53843000 	C:\WINDOWS\System32\bcryptPrimitives.dll
0x00007fff42f10000 - 0x00007fff42f1e000 	c:\Users\DELL\.vscode\extensions\redhat.java-1.25.1-win32-x64\jre\17.0.9-win32-x86_64\bin\instrument.dll
0x00007fff1b640000 - 0x00007fff1b665000 	c:\Users\DELL\.vscode\extensions\redhat.java-1.25.1-win32-x64\jre\17.0.9-win32-x86_64\bin\java.dll
0x00007fff2bb70000 - 0x00007fff2bb88000 	c:\Users\DELL\.vscode\extensions\redhat.java-1.25.1-win32-x64\jre\17.0.9-win32-x86_64\bin\zip.dll
0x00007fff55150000 - 0x00007fff55912000 	C:\WINDOWS\System32\SHELL32.dll
0x00007fff513d0000 - 0x00007fff51c2d000 	C:\WINDOWS\SYSTEM32\windows.storage.dll
0x00007fff54080000 - 0x00007fff54157000 	C:\WINDOWS\System32\SHCORE.dll
0x00007fff55eb0000 - 0x00007fff55f0d000 	C:\WINDOWS\System32\shlwapi.dll
0x00007fff534e0000 - 0x00007fff53504000 	C:\WINDOWS\SYSTEM32\profapi.dll
0x00007fff2b590000 - 0x00007fff2b5a9000 	C:\Users\DELL\.vscode\extensions\redhat.java-1.25.1-win32-x64\jre\17.0.9-win32-x86_64\bin\net.dll
0x00007fff439c0000 - 0x00007fff43add000 	C:\WINDOWS\SYSTEM32\WINHTTP.dll
0x00007fff528d0000 - 0x00007fff52939000 	C:\WINDOWS\system32\mswsock.dll
0x00007fff257d0000 - 0x00007fff257e6000 	C:\Users\DELL\.vscode\extensions\redhat.java-1.25.1-win32-x64\jre\17.0.9-win32-x86_64\bin\nio.dll
0x00007fff25420000 - 0x00007fff25430000 	c:\Users\DELL\.vscode\extensions\redhat.java-1.25.1-win32-x64\jre\17.0.9-win32-x86_64\bin\verify.dll
0x00007fff1e250000 - 0x00007fff1e28e000 	C:\Users\DELL\AppData\Roaming\Code\User\globalStorage\redhat.java\1.25.1\config_win\org.eclipse.equinox.launcher\org.eclipse.equinox.launcher.win32.win32.x86_64_1.2.800.v20231003-1442\eclipse_11802.dll
0x00007fff54fb0000 - 0x00007fff55144000 	C:\WINDOWS\System32\ole32.dll
0x00007fff52c90000 - 0x00007fff52cac000 	C:\WINDOWS\SYSTEM32\CRYPTSP.dll
0x00007fff523c0000 - 0x00007fff523f8000 	C:\WINDOWS\system32\rsaenh.dll
0x00007fff52990000 - 0x00007fff529bb000 	C:\WINDOWS\SYSTEM32\USERENV.dll
0x00007fff52e20000 - 0x00007fff52e49000 	C:\WINDOWS\SYSTEM32\bcrypt.dll
0x00007fff52b10000 - 0x00007fff52b1c000 	C:\WINDOWS\SYSTEM32\CRYPTBASE.dll
0x00007fff51f00000 - 0x00007fff51f30000 	C:\WINDOWS\SYSTEM32\IPHLPAPI.DLL
0x00007fff54160000 - 0x00007fff5416a000 	C:\WINDOWS\System32\NSI.dll
0x00007fff471f0000 - 0x00007fff4720b000 	C:\WINDOWS\SYSTEM32\dhcpcsvc6.DLL
0x00007fff43b90000 - 0x00007fff43bb0000 	C:\WINDOWS\SYSTEM32\dhcpcsvc.DLL
0x00007fff51fa0000 - 0x00007fff520b8000 	C:\WINDOWS\SYSTEM32\DNSAPI.dll
0x00007fff18bd0000 - 0x00007fff18c15000 	C:\Users\DELL\AppData\Local\Temp\jna-2094529\jna18393581259959821065.dll
0x00007fff54070000 - 0x00007fff54078000 	C:\WINDOWS\System32\PSAPI.DLL

dbghelp: loaded successfully - version: 4.0.5 - missing functions: none
symbol engine: initialized successfully - sym options: 0x614 - pdb path: .;c:\Users\DELL\.vscode\extensions\redhat.java-1.25.1-win32-x64\jre\17.0.9-win32-x86_64\bin;C:\WINDOWS\SYSTEM32;C:\WINDOWS\WinSxS\amd64_microsoft.windows.common-controls_6595b64144ccf1df_6.0.26010.1000_none_3bfc4084e6609114;c:\Users\DELL\.vscode\extensions\redhat.java-1.25.1-win32-x64\jre\17.0.9-win32-x86_64\bin\server;C:\Users\DELL\AppData\Roaming\Code\User\globalStorage\redhat.java\1.25.1\config_win\org.eclipse.equinox.launcher\org.eclipse.equinox.launcher.win32.win32.x86_64_1.2.800.v20231003-1442;C:\Users\DELL\AppData\Local\Temp\jna-2094529

VM Arguments:
jvm_args: --add-modules=ALL-SYSTEM --add-opens=java.base/java.util=ALL-UNNAMED --add-opens=java.base/java.lang=ALL-UNNAMED --add-opens=java.base/sun.nio.fs=ALL-UNNAMED -Declipse.application=org.eclipse.jdt.ls.core.id1 -Dosgi.bundles.defaultStartLevel=4 -Declipse.product=org.eclipse.jdt.ls.core.product -Djava.import.generatesMetadataFilesAtProjectRoot=false -DDetectVMInstallationsJob.disabled=true -Dfile.encoding=utf8 -XX:+UseParallelGC -XX:GCTimeRatio=4 -XX:AdaptiveSizePolicyWeight=90 -Dsun.zip.disableMemoryMapping=true -Xmx2G -Xms100m -Xlog:disable -javaagent:c:\Users\DELL\.vscode\extensions\redhat.java-1.25.1-win32-x64\lombok\lombok-1.18.30.jar -XX:+HeapDumpOnOutOfMemoryError -XX:HeapDumpPath=c:\Users\DELL\AppData\Roaming\Code\User\workspaceStorage\2ffab614a004bcb6a02c40aefb33546a\redhat.java -Daether.dependencyCollector.impl=bf 
java_command: c:\Users\DELL\.vscode\extensions\redhat.java-1.25.1-win32-x64\server\plugins\org.eclipse.equinox.launcher_1.6.600.v20231106-1826.jar -configuration c:\Users\DELL\AppData\Roaming\Code\User\globalStorage\redhat.java\1.25.1\config_win -data c:\Users\DELL\AppData\Roaming\Code\User\workspaceStorage\2ffab614a004bcb6a02c40aefb33546a\redhat.java\jdt_ws --stdio
java_class_path (initial): c:\Users\DELL\.vscode\extensions\redhat.java-1.25.1-win32-x64\server\plugins\org.eclipse.equinox.launcher_1.6.600.v20231106-1826.jar
Launcher Type: SUN_STANDARD

[Global flags]
    uintx AdaptiveSizePolicyWeight                 = 90                                        {product} {command line}
     intx CICompilerCount                          = 4                                         {product} {ergonomic}
    uintx GCTimeRatio                              = 4                                         {product} {command line}
     bool HeapDumpOnOutOfMemoryError               = true                                   {manageable} {command line}
    ccstr HeapDumpPath                             = c:\Users\DELL\AppData\Roaming\Code\User\workspaceStorage\2ffab614a004bcb6a02c40aefb33546a\redhat.java         {manageable} {command line}
   size_t InitialHeapSize                          = 104857600                                 {product} {command line}
   size_t MaxHeapSize                              = 2147483648                                {product} {command line}
   size_t MaxNewSize                               = 715653120                                 {product} {ergonomic}
   size_t MinHeapDeltaBytes                        = 524288                                    {product} {ergonomic}
   size_t MinHeapSize                              = 104857600                                 {product} {command line}
   size_t NewSize                                  = 34603008                                  {product} {ergonomic}
    uintx NonNMethodCodeHeapSize                   = 5839372                                {pd product} {ergonomic}
    uintx NonProfiledCodeHeapSize                  = 122909434                              {pd product} {ergonomic}
   size_t OldSize                                  = 70254592                                  {product} {ergonomic}
    uintx ProfiledCodeHeapSize                     = 122909434                              {pd product} {ergonomic}
    uintx ReservedCodeCacheSize                    = 251658240                              {pd product} {ergonomic}
     bool SegmentedCodeCache                       = true                                      {product} {ergonomic}
   size_t SoftMaxHeapSize                          = 2147483648                             {manageable} {ergonomic}
     bool UseCompressedClassPointers               = true                           {product lp64_product} {ergonomic}
     bool UseCompressedOops                        = true                           {product lp64_product} {ergonomic}
     bool UseLargePagesIndividualAllocation        = false                                  {pd product} {ergonomic}
     bool UseParallelGC                            = true                                      {product} {command line}

Logging:
Log output configuration:
 #0: stdout all=off uptime,level,tags
 #1: stderr all=off uptime,level,tags

Environment Variables:
PATH=c:\Users\DELL\AppData\Local\Programs\cursor\resources\app\bin;C:\Python311\Scripts\;C:\Python311\;C:\Program Files\Common Files\Oracle\Java\javapath;C:\WINDOWS\system32;C:\WINDOWS;C:\WINDOWS\System32\Wbem;C:\WINDOWS\System32\WindowsPowerShell\v1.0\;C:\WINDOWS\System32\OpenSSH\;C:\Program Files\Git\cmd;C:\ProgramData\chocolatey\bin;C:\Program Files\PuTTY\;C:\mongosh-1.10.5-win32-x64\bin;C:\Program Files\MySQL\MySQL Shell 8.0\bin\;C:\Users\DELL\AppData\Local\Microsoft\WindowsApps;C:\Program Files\JetBrains\IntelliJ IDEA Community Edition 2023.1.2\bin;C:\Users\DELL\AppData\Local\GitHubDesktop\bin;C:\Users\DELL\AppData\Roaming\npm;C:\WINDOWS\system32;C:\WINDOWS;C:\WINDOWS\System32\Wbem;C:\WINDOWS\System32\WindowsPowerShell\v1.0\;C:\WINDOWS\System32\OpenSSH\;C:\Program Files\nodejs\;c:\users\dell\appdata\roaming\python\python311;C:\apache-maven-3.9.6\bin;C:\\Python311\\Scripts\\;C:\Program Files\MySQL\MySQL Shell 8.0\bin\;C:\Users\DELL\AppData\Local\Microsoft\WindowsApps;C:\Users\DELL\AppData\Local\Programs\Microsoft VS Code\bin;C:\Program Files\JetBrains\IntelliJ IDEA Community Edition 2023.1.2\bin;;C:\mongosh-1.10.5-win32-x64\bin;C:\Users\DELL\AppData\Roaming\npm;c:\users\dell\appdata\roaming\python\python311;C:\Program Files\Weka-3-8-6\jre\zulu17.32.13-ca-fx-jre17.0.2-win_x64\bin;C:\\Python311\\Scripts\\;
USERNAME=DELL
OS=Windows_NT
PROCESSOR_IDENTIFIER=Intel64 Family 6 Model 142 Stepping 12, GenuineIntel
TMP=C:\Users\DELL\AppData\Local\Temp
TEMP=C:\Users\DELL\AppData\Local\Temp



Periodic native trim disabled


---------------  S Y S T E M  ---------------

OS:
 Windows 11 , 64 bit Build 26010 (10.0.26010.1000)
OS uptime: 3 days 14:30 hours
Hyper-V role detected

CPU: total 8 (initial active 8) (4 cores per cpu, 2 threads per core) family 6 model 142 stepping 12 microcode 0xf8, cx8, cmov, fxsr, ht, mmx, 3dnowpref, sse, sse2, sse3, ssse3, sse4.1, sse4.2, popcnt, lzcnt, tsc, tscinvbit, avx, avx2, aes, erms, clmul, bmi1, bmi2, adx, fma, vzeroupper, clflush, clflushopt, hv
Processor Information for all 8 processors :
  Max Mhz: 2208, Current Mhz: 1706, Mhz Limit: 1700

Memory: 4k page, system-wide physical 7792M (496M free)
TotalPageFile size 20315M (AvailPageFile size 25M)
current process WorkingSet (physical memory assigned to process): 202M, peak: 205M
current process commit charge ("private bytes"): 327M, peak: 334M

vm_info: OpenJDK 64-Bit Server VM (17.0.9+9) for windows-amd64 JRE (17.0.9+9), built on Oct 26 2023 14:01:42 by "admin" with MS VC++ 16.10 / 16.11 (VS2019)

END.
